#
# A fatal error has been detected by the Java Runtime Environment:
#
#  SIGSEGV (0xb) at pc=0x00007f04090696ba, pid=8492, tid=139654326003456
#
# JRE version: Java(TM) SE Runtime Environment (8.0_91-b14) (build 1.8.0_91-b14)
# Java VM: Java HotSpot(TM) 64-Bit Server VM (25.91-b14 mixed mode linux-amd64 compressed oops)
# Problematic frame:
# v  ~BufferBlob::jni_fast_GetLongField
#
# Failed to write core dump. Core dumps have been disabled. To enable core dumping, try "ulimit -c unlimited" before starting Java again
#
# If you would like to submit a bug report, please visit:
#   http://bugreport.java.com/bugreport/crash.jsp
# The crash happened outside the Java Virtual Machine in native code.
# See problematic frame for where to report the bug.
#

---------------  T H R E A D  ---------------

Current thread (0x00007f04181cd800):  JavaThread "AWT-XAWT" daemon [_thread_in_native, id=8515, stack(0x00007f03ce6e2000,0x00007f03ce7e3000)]

siginfo: si_signo: 11 (SIGSEGV), si_code: 1 (SEGV_MAPERR), si_addr: 0x0000000000000000

Registers:
RAX=0x00007f0420466d00, RBX=0x00007f04181cd9f8, RCX=0x00007f0420eca320, RDX=0x0000000000000042
RSP=0x00007f03ce7e16f8, RBP=0x00007f03ce7e1720, RSI=0x0000000000000000, RDI=0x00007f04181cd9f8
R8 =0x00000000e1d7b638, R9 =0x0000000000000000, R10=0x0000000000000036, R11=0x00007f0409258e58
R12=0x00007f03b8071900, R13=0x0000000000000000, R14=0x00007f04046477e0, R15=0x00007f04181cd800
RIP=0x00007f04090696ba, EFLAGS=0x0000000000010246, CSGSFS=0x0000000000000033, ERR=0x0000000000000004
  TRAPNO=0x000000000000000e

Top of Stack: (sp=0x00007f03ce7e16f8)
0x00007f03ce7e16f8:   00007f0404425ef1 00007f041cde5a10
0x00007f03ce7e1708:   00007f03b8071900 00007f03ce7e17d0
0x00007f03ce7e1718:   00007f03ce7e17a0 0000000000000000
0x00007f03ce7e1728:   00007f03cfd2cae8 00007f041cde5a10
0x00007f03ce7e1738:   00007f03ce7e1760 0000000000000000
0x00007f03ce7e1748:   00007f03cfd249a3 00007f03ce7e17d0
0x00007f03ce7e1758:   00007f040441f12f 00007f03ce7e17b0
0x00007f03ce7e1768:   00007f0409258ef6 0000000000000000
0x00007f03ce7e1778:   00007f040921cdf6 00007f03ce7e17d0
0x00007f03ce7e1788:   00007f040918336c 00007f03ce7e1830
0x00007f03ce7e1798:   00000000e1dc4e90 00000000e1d8edb8
0x00007f03ce7e17a8:   0000000000000001 00007f03ce7e1830
0x00007f03ce7e17b8:   00007f0409007a90 00007f03ce7e1830
0x00007f03ce7e17c8:   00007f0409007a90 0000000000000000
0x00007f03ce7e17d8:   00007f0409007dd0 00007f03c0000e30
0x00007f03ce7e17e8:   00000000e1e4ad18 00007f03ce7e17f0
0x00007f03ce7e17f8:   00007f041cefca94 00007f03ce7e1878
0x00007f03ce7e1808:   00007f041cf07428 0000000000000000
0x00007f03ce7e1818:   00007f041cefcbd0 00007f03ce7e17d0
0x00007f03ce7e1828:   00007f03ce7e1870 00007f03ce7e18c0
0x00007f03ce7e1838:   00007f04090082bd 0000000000000000
0x00007f03ce7e1848:   00000000e1ed16b0 0000000000000000
0x00007f03ce7e1858:   0000000000000000 0000000000000000
0x00007f03ce7e1868:   00000000e1e4ad18 0000000000000000
0x00007f03ce7e1878:   00000000e1dc5a30 00007f03ce7e1880
0x00007f03ce7e1888:   00007f041cefc8d5 00007f03ce7e18d0
0x00007f03ce7e1898:   00007f041cf07428 0000000000000000
0x00007f03ce7e18a8:   00007f041cefc8e0 00007f03ce7e1870
0x00007f03ce7e18b8:   00007f03ce7e18d0 00007f03ce7e1918
0x00007f03ce7e18c8:   00007f0409008302 00000000e1dc5a30
0x00007f03ce7e18d8:   00007f03ce7e18d8 00007f041ca218db
0x00007f03ce7e18e8:   00007f03ce7e1928 00007f041caa8dd8 

Instructions: (pc=0x00007f04090696ba)
0x00007f040906969a:   00 00 00 00 00 00 44 8b 15 01 cc 43 17 4c 8b ce
0x00007f04090696aa:   41 f6 c2 01 0f 85 2e 00 00 00 4d 33 ca 4d 33 ca
0x00007f04090696ba:   4d 8b 09 4c 8b da 49 c1 eb 02 4b 8b 04 19 49 bb
0x00007f04090696ca:   a8 62 4a 20 04 7f 00 00 4c 33 d8 4c 33 d8 45 3b 

Register to memory mapping:

RAX=0x00007f0420466d00: <offset 0xf77d00> in /usr/lib/jvm/java-8-oracle/jre/lib/amd64/server/libjvm.so at 0x00007f041f4ef000
RBX=0x00007f04181cd9f8 is an unknown value
RCX=0x00007f0420eca320: <offset 0x219320> in /lib/x86_64-linux-gnu/libpthread.so.0 at 0x00007f0420cb1000
RDX=0x0000000000000042 is an unknown value
RSP=0x00007f03ce7e16f8 is pointing into the stack for thread: 0x00007f04181cd800
RBP=0x00007f03ce7e1720 is pointing into the stack for thread: 0x00007f04181cd800
RSI=0x0000000000000000 is an unknown value
RDI=0x00007f04181cd9f8 is an unknown value
R8 =0x00000000e1d7b638 is an oop
sun.util.logging.PlatformLogger$Level 
 - klass: 'sun/util/logging/PlatformLogger$Level'
R9 =0x0000000000000000 is an unknown value
R10=0x0000000000000036 is an unknown value
R11=0x00007f0409258e58 is at entry_point+24 in (nmethod*)0x00007f0409258cd0
R12=0x00007f03b8071900 is an unknown value
R13=0x0000000000000000 is an unknown value
R14=0x00007f04046477e0: <offset 0x2587e0> in /usr/lib/jvm/java-8-oracle/jre/lib/amd64/libawt_xawt.so at 0x00007f04043ef000
R15=0x00007f04181cd800 is a thread


Stack: [0x00007f03ce6e2000,0x00007f03ce7e3000],  sp=0x00007f03ce7e16f8,  free space=1021k
Native frames: (J=compiled Java code, j=interpreted, Vv=VM code, C=native code)
v  ~BufferBlob::jni_fast_GetLongField
C  [libX11.so.6+0x61ae8]  _XimServerDestroy+0x58

Java frames: (J=compiled Java code, j=interpreted, Vv=VM code)
J 646  sun.awt.X11.XlibWrapper.XFilterEvent(JJ)Z (0 bytes) @ 0x00007f0409258e84 [0x00007f0409258e40+0x44]
j  sun.awt.X11.XToolkit.run(Z)V+300
j  sun.awt.X11.XToolkit.run()V+5
j  java.lang.Thread.run()V+11
v  ~StubRoutines::call_stub

---------------  P R O C E S S  ---------------

Java Threads: ( => current thread )
  0x00007f03b8090000 JavaThread "Direct Clip" daemon [_thread_blocked, id=8543, stack(0x00007f03b4bd1000,0x00007f03b4cd2000)]
  0x00007f03b8087800 JavaThread "Direct Clip" daemon [_thread_blocked, id=8540, stack(0x00007f03b54d3000,0x00007f03b55d4000)]
  0x00007f03b807e000 JavaThread "Direct Clip" daemon [_thread_blocked, id=8537, stack(0x00007f03b5dd5000,0x00007f03b5ed6000)]
  0x00007f03b807b800 JavaThread "Счетчик" [_thread_blocked, id=8534, stack(0x00007f03b66d7000,0x00007f03b67d8000)]
  0x00007f0418258800 JavaThread "Direct Clip" daemon [_thread_blocked, id=8533, stack(0x00007f03b67d8000,0x00007f03b68d9000)]
  0x00007f0418250000 JavaThread "Direct Clip" daemon [_thread_blocked, id=8530, stack(0x00007f03b70da000,0x00007f03b71db000)]
  0x00007f0418244800 JavaThread "Direct Clip" daemon [_thread_blocked, id=8527, stack(0x00007f03b79dc000,0x00007f03b7add000)]
  0x00007f0418237800 JavaThread "Java Sound Event Dispatcher" daemon [_thread_blocked, id=8525, stack(0x00007f03b7add000,0x00007f03b7bde000)]
  0x00007f0418212000 JavaThread "Счетчик" [_thread_blocked, id=8518, stack(0x00007f03ce3df000,0x00007f03ce4e0000)]
  0x00007f03c0006800 JavaThread "AWT-EventQueue-0" [_thread_in_Java, id=8517, stack(0x00007f03ce4e0000,0x00007f03ce5e1000)]
  0x00007f0418208800 JavaThread "AWT-Shutdown" [_thread_blocked, id=8516, stack(0x00007f03ce5e1000,0x00007f03ce6e2000)]
=>0x00007f04181cd800 JavaThread "AWT-XAWT" daemon [_thread_in_native, id=8515, stack(0x00007f03ce6e2000,0x00007f03ce7e3000)]
  0x00007f04181ab000 JavaThread "Java2D Disposer" daemon [_thread_blocked, id=8514, stack(0x00007f04040bb000,0x00007f04041bc000)]
  0x00007f04180c0000 JavaThread "Service Thread" daemon [_thread_blocked, id=8510, stack(0x00007f0404a1b000,0x00007f0404b1c000)]
  0x00007f04180bd000 JavaThread "C1 CompilerThread2" daemon [_thread_blocked, id=8509, stack(0x00007f0404b1c000,0x00007f0404c1d000)]
  0x00007f04180bb000 JavaThread "C2 CompilerThread1" daemon [_thread_blocked, id=8508, stack(0x00007f0404c1d000,0x00007f0404d1e000)]
  0x00007f04180b8000 JavaThread "C2 CompilerThread0" daemon [_thread_blocked, id=8507, stack(0x00007f0404d1e000,0x00007f0404e1f000)]
  0x00007f04180b7000 JavaThread "Signal Dispatcher" daemon [_thread_blocked, id=8506, stack(0x00007f0404e1f000,0x00007f0404f20000)]
  0x00007f0418084000 JavaThread "Finalizer" daemon [_thread_blocked, id=8505, stack(0x00007f0405733000,0x00007f0405834000)]
  0x00007f041807f000 JavaThread "Reference Handler" daemon [_thread_blocked, id=8504, stack(0x00007f0405834000,0x00007f0405935000)]
  0x00007f0418009800 JavaThread "main" [_thread_in_Java, id=8494, stack(0x00007f0420fc9000,0x00007f04210ca000)]

Other Threads:
  0x00007f0418077800 VMThread [stack: 0x00007f0405935000,0x00007f0405a36000] [id=8503]
  0x00007f04180c2800 WatcherThread [stack: 0x00007f040491a000,0x00007f0404a1b000] [id=8511]

VM state:not at safepoint (normal execution)

VM Mutex/Monitor currently owned by a thread: None

Heap:
 PSYoungGen      total 27648K, used 11421K [0x00000000e1b00000, 0x00000000e3980000, 0x0000000100000000)
  eden space 24064K, 47% used [0x00000000e1b00000,0x00000000e2627510,0x00000000e3280000)
  from space 3584K, 0% used [0x00000000e3600000,0x00000000e3600000,0x00000000e3980000)
  to   space 3584K, 0% used [0x00000000e3280000,0x00000000e3280000,0x00000000e3600000)
 ParOldGen       total 104960K, used 83673K [0x00000000a5000000, 0x00000000ab680000, 0x00000000e1b00000)
  object space 104960K, 79% used [0x00000000a5000000,0x00000000aa1b65a0,0x00000000ab680000)
 Metaspace       used 10115K, capacity 10302K, committed 10496K, reserved 1058816K
  class space    used 1150K, capacity 1223K, committed 1280K, reserved 1048576K

Card table byte_map: [0x00007f041dab6000,0x00007f041dd8f000] byte_map_base: 0x00007f041d58e000

Marking Bits: (ParMarkBitMap*) 0x00007f04204a5d60
 Begin Bits: [0x00007f0406280000, 0x00007f0407940000)
 End Bits:   [0x00007f0407940000, 0x00007f0409000000)

Polling page: 0x00007f04210ee000

CodeCache: size=245760Kb used=2588Kb max_used=2588Kb free=243171Kb
 bounds [0x00007f0409000000, 0x00007f0409290000, 0x00007f0418000000]
 total_blobs=1179 nmethods=678 adapters=415
 compilation: enabled

Compilation events (10 events):
Event: 1058,657 Thread 0x00007f04180bd000  675       3       sun.awt.X11.XAtom::hashCode (15 bytes)
Event: 1058,657 Thread 0x00007f04180bd000 nmethod 675 0x00007f0409285dd0 code [0x00007f0409285f20, 0x00007f0409286090]
Event: 1070,685 Thread 0x00007f04180bd000  676       3       sun.awt.X11.XPropertyEvent::get_atom (20 bytes)
Event: 1070,685 Thread 0x00007f04180bd000 nmethod 676 0x00007f0409285690 code [0x00007f0409285820, 0x00007f0409285be8]
Event: 1191,122 Thread 0x00007f04180bd000  677       3       java.lang.Long::equals (30 bytes)
Event: 1191,122 Thread 0x00007f04180bd000 nmethod 677 0x00007f0409284f50 code [0x00007f04092850e0, 0x00007f0409285590]
Event: 1385,594 Thread 0x00007f04180bd000  679  s    3       java.util.Vector::toArray (12 bytes)
Event: 1385,599 Thread 0x00007f04180bd000 nmethod 679 0x00007f04092879d0 code [0x00007f0409287b40, 0x00007f0409287f48]
Event: 1385,599 Thread 0x00007f04180bd000  680  s    3       java.util.Vector::iterator (10 bytes)
Event: 1385,600 Thread 0x00007f04180bd000 nmethod 680 0x00007f0409288090 code [0x00007f0409288220, 0x00007f0409288690]

GC Heap History (0 events):
No events

Deoptimization events (1 events):
Event: 1,599 Thread 0x00007f0418009800 Uncommon trap: reason=unstable_if action=reinterpret pc=0x00007f04091f41dc method=javax.sound.sampled.AudioFormat.matches(Ljavax/sound/sampled/AudioFormat;)Z @ 112

Internal exceptions (10 events):
Event: 0,199 Thread 0x00007f0418009800 Exception <a 'java/lang/NoSuchMethodError': Method sun.misc.Unsafe.prefetchRead(Ljava/lang/Object;J)V name or signature does not match> (0x00000000e1b07fa8) thrown at [/HUDSON/workspace/8-2-build-linux-amd64/jdk8u91/6644/hotspot/src/share/vm/prims/jni.cpp
Event: 0,481 Thread 0x00007f0418009800 Exception <a 'java/security/PrivilegedActionException'> (0x00000000e1bf2028) thrown at [/HUDSON/workspace/8-2-build-linux-amd64/jdk8u91/6644/hotspot/src/share/vm/prims/jvm.cpp, line 1386]
Event: 0,481 Thread 0x00007f0418009800 Exception <a 'java/security/PrivilegedActionException'> (0x00000000e1bf2238) thrown at [/HUDSON/workspace/8-2-build-linux-amd64/jdk8u91/6644/hotspot/src/share/vm/prims/jvm.cpp, line 1386]
Event: 0,482 Thread 0x00007f0418009800 Exception <a 'java/security/PrivilegedActionException'> (0x00000000e1bf4678) thrown at [/HUDSON/workspace/8-2-build-linux-amd64/jdk8u91/6644/hotspot/src/share/vm/prims/jvm.cpp, line 1386]
Event: 0,482 Thread 0x00007f0418009800 Exception <a 'java/security/PrivilegedActionException'> (0x00000000e1bf4888) thrown at [/HUDSON/workspace/8-2-build-linux-amd64/jdk8u91/6644/hotspot/src/share/vm/prims/jvm.cpp, line 1386]
Event: 0,649 Thread 0x00007f0418009800 Exception <a 'java/lang/NoSuchFieldError': method resolution failed> (0x00000000e1cc7510) thrown at [/HUDSON/workspace/8-2-build-linux-amd64/jdk8u91/6644/hotspot/src/share/vm/prims/methodHandles.cpp, line 1146]
Event: 0,662 Thread 0x00007f0418009800 Exception <a 'java/lang/NoSuchFieldError': method resolution failed> (0x00000000e1cd4ce0) thrown at [/HUDSON/workspace/8-2-build-linux-amd64/jdk8u91/6644/hotspot/src/share/vm/prims/methodHandles.cpp, line 1146]
Event: 0,726 Thread 0x00007f0418009800 Exception <a 'java/io/FileNotFoundException'> (0x00000000e1d540b8) thrown at [/HUDSON/workspace/8-2-build-linux-amd64/jdk8u91/6644/hotspot/src/share/vm/prims/jni.cpp, line 709]
Event: 0,726 Thread 0x00007f0418009800 Exception <a 'java/io/FileNotFoundException'> (0x00000000e1d54a78) thrown at [/HUDSON/workspace/8-2-build-linux-amd64/jdk8u91/6644/hotspot/src/share/vm/prims/jni.cpp, line 709]
Event: 1,691 Thread 0x00007f03c0006800 Exception <a 'java/lang/UnsupportedOperationException': > (0x00000000e20271c8) thrown at [/HUDSON/workspace/8-2-build-linux-amd64/jdk8u91/6644/hotspot/src/share/vm/prims/jni.cpp, line 735]

Events (10 events):
Event: 29,078 Thread 0x00007f03c0006800 DEOPT PACKING pc=0x00007f040925af56 sp=0x00007f03ce5dd120
Event: 29,078 Thread 0x00007f03c0006800 DEOPT UNPACKING pc=0x00007f0409047633 sp=0x00007f03ce5dcf20 mode 0
Event: 859,800 loading class sun/awt/X11/XkbEvent
Event: 859,800 loading class sun/awt/X11/XkbEvent done
Event: 859,800 loading class sun/awt/X11/XkbAnyEvent
Event: 859,801 loading class sun/awt/X11/XkbAnyEvent done
Event: 1385,237 loading class sun/awt/X11/XDestroyWindowEvent
Event: 1385,292 loading class sun/awt/X11/XDestroyWindowEvent done
Event: 1385,733 loading class sun/awt/X11/XMSelection$2
Event: 1385,733 loading class sun/awt/X11/XMSelection$2 done


Dynamic libraries:
00400000-00401000 r-xp 00000000 08:01 42733239                           /usr/lib/jvm/java-8-oracle/bin/java
00600000-00601000 rw-p 00000000 08:01 42733239                           /usr/lib/jvm/java-8-oracle/bin/java
00760000-00781000 rw-p 00000000 00:00 0                                  [heap]
a5000000-ab680000 rw-p 00000000 00:00 0 
ab680000-e1b00000 ---p 00000000 00:00 0 
e1b00000-e3980000 rw-p 00000000 00:00 0 
e3980000-100000000 ---p 00000000 00:00 0 
100000000-100140000 rw-p 00000000 00:00 0 
100140000-140000000 ---p 00000000 00:00 0 
7f0354000000-7f0354021000 rw-p 00000000 00:00 0 
7f0354021000-7f0358000000 ---p 00000000 00:00 0 
7f035bffe000-7f035ffff000 rw-s 00000000 00:16 40                         /run/shm/pulse-shm-689809187
7f035ffff000-7f0364000000 rw-s 00000000 00:16 39                         /run/shm/pulse-shm-1947012658
7f0364000000-7f0364021000 rw-p 00000000 00:00 0 
7f0364021000-7f0368000000 ---p 00000000 00:00 0 
7f0368000000-7f0368021000 rw-p 00000000 00:00 0 
7f0368021000-7f036c000000 ---p 00000000 00:00 0 
7f036c000000-7f036c021000 rw-p 00000000 00:00 0 
7f036c021000-7f0370000000 ---p 00000000 00:00 0 
7f0373fff000-7f0378000000 rw-s 00000000 00:16 38                         /run/shm/pulse-shm-742655013
7f0378000000-7f0378021000 rw-p 00000000 00:00 0 
7f0378021000-7f037c000000 ---p 00000000 00:00 0 
7f037c000000-7f037c021000 rw-p 00000000 00:00 0 
7f037c021000-7f0380000000 ---p 00000000 00:00 0 
7f0380000000-7f0380021000 rw-p 00000000 00:00 0 
7f0380021000-7f0384000000 ---p 00000000 00:00 0 
7f0387fff000-7f038c000000 rw-s 00000000 00:16 37                         /run/shm/pulse-shm-333044197
7f038c000000-7f038c021000 rw-p 00000000 00:00 0 
7f038c021000-7f0390000000 ---p 00000000 00:00 0 
7f0393fff000-7f0398000000 rw-s 00000000 00:16 36                         /run/shm/pulse-shm-1609048082
7f0398000000-7f0398021000 rw-p 00000000 00:00 0 
7f0398021000-7f039c000000 ---p 00000000 00:00 0 
7f039c000000-7f039c021000 rw-p 00000000 00:00 0 
7f039c021000-7f03a0000000 ---p 00000000 00:00 0 
7f03a0000000-7f03a0021000 rw-p 00000000 00:00 0 
7f03a0021000-7f03a4000000 ---p 00000000 00:00 0 
7f03a7fff000-7f03ac000000 rw-s 00000000 00:16 35                         /run/shm/pulse-shm-3770464861
7f03ac000000-7f03ac021000 rw-p 00000000 00:00 0 
7f03ac021000-7f03b0000000 ---p 00000000 00:00 0 
7f03b2d34000-7f03b2d9d000 r-xp 00000000 08:01 42996842                   /usr/lib/jvm/java-8-oracle/jre/lib/amd64/libt2k.so
7f03b2d9d000-7f03b2f9d000 ---p 00069000 08:01 42996842                   /usr/lib/jvm/java-8-oracle/jre/lib/amd64/libt2k.so
7f03b2f9d000-7f03b2fa4000 rw-p 00069000 08:01 42996842                   /usr/lib/jvm/java-8-oracle/jre/lib/amd64/libt2k.so
7f03b2fa4000-7f03b2fb4000 rw-p 00000000 00:00 0 
7f03b2fb4000-7f03b2fc5000 r-xp 00000000 08:01 42997279                   /usr/lib/jvm/java-8-oracle/jre/lib/amd64/libnio.so
7f03b2fc5000-7f03b31c4000 ---p 00011000 08:01 42997279                   /usr/lib/jvm/java-8-oracle/jre/lib/amd64/libnio.so
7f03b31c4000-7f03b31c5000 rw-p 00010000 08:01 42997279                   /usr/lib/jvm/java-8-oracle/jre/lib/amd64/libnio.so
7f03b31c5000-7f03b31db000 r-xp 00000000 08:01 42996844                   /usr/lib/jvm/java-8-oracle/jre/lib/amd64/libnet.so
7f03b31db000-7f03b33db000 ---p 00016000 08:01 42996844                   /usr/lib/jvm/java-8-oracle/jre/lib/amd64/libnet.so
7f03b33db000-7f03b33dc000 rw-p 00016000 08:01 42996844                   /usr/lib/jvm/java-8-oracle/jre/lib/amd64/libnet.so
7f03b33dc000-7f03b33dd000 ---p 00000000 00:00 0 
7f03b33dd000-7f03b3bdd000 rw-p 00000000 00:00 0                          [stack:8526]
7f03b4bd1000-7f03b4bd4000 ---p 00000000 00:00 0 
7f03b4bd4000-7f03b4cd2000 rw-p 00000000 00:00 0                          [stack:8543]
7f03b4cd2000-7f03b4cd3000 ---p 00000000 00:00 0 
7f03b4cd3000-7f03b54d3000 rw-p 00000000 00:00 0                          [stack:8542]
7f03b54d3000-7f03b54d6000 ---p 00000000 00:00 0 
7f03b54d6000-7f03b55d4000 rw-p 00000000 00:00 0                          [stack:8540]
7f03b55d4000-7f03b55d5000 ---p 00000000 00:00 0 
7f03b55d5000-7f03b5dd5000 rw-p 00000000 00:00 0                          [stack:8539]
7f03b5dd5000-7f03b5dd8000 ---p 00000000 00:00 0 
7f03b5dd8000-7f03b5ed6000 rw-p 00000000 00:00 0                          [stack:8537]
7f03b5ed6000-7f03b5ed7000 ---p 00000000 00:00 0 
7f03b5ed7000-7f03b66d7000 rw-p 00000000 00:00 0                          [stack:8536]
7f03b66d7000-7f03b66da000 ---p 00000000 00:00 0 
7f03b66da000-7f03b67d8000 rw-p 00000000 00:00 0                          [stack:8534]
7f03b67d8000-7f03b67db000 ---p 00000000 00:00 0 
7f03b67db000-7f03b68d9000 rw-p 00000000 00:00 0                          [stack:8533]
7f03b68d9000-7f03b68da000 ---p 00000000 00:00 0 
7f03b68da000-7f03b70da000 rw-p 00000000 00:00 0                          [stack:8532]
7f03b70da000-7f03b70dd000 ---p 00000000 00:00 0 
7f03b70dd000-7f03b71db000 rw-p 00000000 00:00 0                          [stack:8530]
7f03b71db000-7f03b71dc000 ---p 00000000 00:00 0 
7f03b71dc000-7f03b79dc000 rw-p 00000000 00:00 0                          [stack:8529]
7f03b79dc000-7f03b79df000 ---p 00000000 00:00 0 
7f03b79df000-7f03b7add000 rw-p 00000000 00:00 0                          [stack:8527]
7f03b7add000-7f03b7ae0000 ---p 00000000 00:00 0 
7f03b7ae0000-7f03b7bde000 rw-p 00000000 00:00 0                          [stack:8525]
7f03b7bde000-7f03b7be4000 r-xp 00000000 08:01 42992160                   /usr/lib/x86_64-linux-gnu/alsa-lib/libasound_module_pcm_pulse.so
7f03b7be4000-7f03b7de3000 ---p 00006000 08:01 42992160                   /usr/lib/x86_64-linux-gnu/alsa-lib/libasound_module_pcm_pulse.so
7f03b7de3000-7f03b7de4000 r--p 00005000 08:01 42992160                   /usr/lib/x86_64-linux-gnu/alsa-lib/libasound_module_pcm_pulse.so
7f03b7de4000-7f03b7de5000 rw-p 00006000 08:01 42992160                   /usr/lib/x86_64-linux-gnu/alsa-lib/libasound_module_pcm_pulse.so
7f03b7de5000-7f03b7dfc000 r-xp 00000000 08:01 266593                     /lib/x86_64-linux-gnu/libresolv-2.19.so
7f03b7dfc000-7f03b7ffc000 ---p 00017000 08:01 266593                     /lib/x86_64-linux-gnu/libresolv-2.19.so
7f03b7ffc000-7f03b7ffd000 r--p 00017000 08:01 266593                     /lib/x86_64-linux-gnu/libresolv-2.19.so
7f03b7ffd000-7f03b7ffe000 rw-p 00018000 08:01 266593                     /lib/x86_64-linux-gnu/libresolv-2.19.so
7f03b7ffe000-7f03b8000000 rw-p 00000000 00:00 0 
7f03b8000000-7f03b8320000 rw-p 00000000 00:00 0 
7f03b8320000-7f03bc000000 ---p 00000000 00:00 0 
7f03bc000000-7f03bc021000 rw-p 00000000 00:00 0 
7f03bc021000-7f03c0000000 ---p 00000000 00:00 0 
7f03c0000000-7f03c002c000 rw-p 00000000 00:00 0 
7f03c002c000-7f03c4000000 ---p 00000000 00:00 0 
7f03c4000000-7f03c4021000 rw-p 00000000 00:00 0 
7f03c4021000-7f03c8000000 ---p 00000000 00:00 0 
7f03c8000000-7f03c8021000 rw-p 00000000 00:00 0 
7f03c8021000-7f03cc000000 ---p 00000000 00:00 0 
7f03cc02f000-7f03cc036000 r-xp 00000000 08:01 42606699                   /usr/lib/x86_64-linux-gnu/libogg.so.0.8.1
7f03cc036000-7f03cc236000 ---p 00007000 08:01 42606699                   /usr/lib/x86_64-linux-gnu/libogg.so.0.8.1
7f03cc236000-7f03cc237000 r--p 00007000 08:01 42606699                   /usr/lib/x86_64-linux-gnu/libogg.so.0.8.1
7f03cc237000-7f03cc238000 rw-p 00008000 08:01 42606699                   /usr/lib/x86_64-linux-gnu/libogg.so.0.8.1
7f03cc238000-7f03cc264000 r-xp 00000000 08:01 42606971                   /usr/lib/x86_64-linux-gnu/libvorbis.so.0.4.5
7f03cc264000-7f03cc463000 ---p 0002c000 08:01 42606971                   /usr/lib/x86_64-linux-gnu/libvorbis.so.0.4.5
7f03cc463000-7f03cc464000 r--p 0002b000 08:01 42606971                   /usr/lib/x86_64-linux-gnu/libvorbis.so.0.4.5
7f03cc464000-7f03cc465000 rw-p 0002c000 08:01 42606971                   /usr/lib/x86_64-linux-gnu/libvorbis.so.0.4.5
7f03cc465000-7f03cc718000 r-xp 00000000 08:01 42606973                   /usr/lib/x86_64-linux-gnu/libvorbisenc.so.2.0.8
7f03cc718000-7f03cc917000 ---p 002b3000 08:01 42606973                   /usr/lib/x86_64-linux-gnu/libvorbisenc.so.2.0.8
7f03cc917000-7f03cc933000 r--p 002b2000 08:01 42606973                   /usr/lib/x86_64-linux-gnu/libvorbisenc.so.2.0.8
7f03cc933000-7f03cc934000 rw-p 002ce000 08:01 42606973                   /usr/lib/x86_64-linux-gnu/libvorbisenc.so.2.0.8
7f03cc934000-7f03cc964000 r-xp 00000000 08:01 42605834                   /usr/lib/x86_64-linux-gnu/libFLAC.so.8.3.0
7f03cc964000-7f03ccb63000 ---p 00030000 08:01 42605834                   /usr/lib/x86_64-linux-gnu/libFLAC.so.8.3.0
7f03ccb63000-7f03ccb64000 r--p 0002f000 08:01 42605834                   /usr/lib/x86_64-linux-gnu/libFLAC.so.8.3.0
7f03ccb64000-7f03ccb65000 rw-p 00030000 08:01 42605834                   /usr/lib/x86_64-linux-gnu/libFLAC.so.8.3.0
7f03ccb65000-7f03ccb6a000 r-xp 00000000 08:01 42606068                   /usr/lib/x86_64-linux-gnu/libasyncns.so.0.3.1
7f03ccb6a000-7f03ccd69000 ---p 00005000 08:01 42606068                   /usr/lib/x86_64-linux-gnu/libasyncns.so.0.3.1
7f03ccd69000-7f03ccd6a000 r--p 00004000 08:01 42606068                   /usr/lib/x86_64-linux-gnu/libasyncns.so.0.3.1
7f03ccd6a000-7f03ccd6b000 rw-p 00005000 08:01 42606068                   /usr/lib/x86_64-linux-gnu/libasyncns.so.0.3.1
7f03ccd6b000-7f03ccdcc000 r-xp 00000000 08:01 42606856                   /usr/lib/x86_64-linux-gnu/libsndfile.so.1.0.25
7f03ccdcc000-7f03ccfcc000 ---p 00061000 08:01 42606856                   /usr/lib/x86_64-linux-gnu/libsndfile.so.1.0.25
7f03ccfcc000-7f03ccfce000 r--p 00061000 08:01 42606856                   /usr/lib/x86_64-linux-gnu/libsndfile.so.1.0.25
7f03ccfce000-7f03ccfcf000 rw-p 00063000 08:01 42606856                   /usr/lib/x86_64-linux-gnu/libsndfile.so.1.0.25
7f03ccfcf000-7f03ccfd3000 rw-p 00000000 00:00 0 
7f03ccfd3000-7f03ccfdb000 r-xp 00000000 08:01 266627                     /lib/x86_64-linux-gnu/libwrap.so.0.7.6
7f03ccfdb000-7f03cd1da000 ---p 00008000 08:01 266627                     /lib/x86_64-linux-gnu/libwrap.so.0.7.6
7f03cd1da000-7f03cd1db000 r--p 00007000 08:01 266627                     /lib/x86_64-linux-gnu/libwrap.so.0.7.6
7f03cd1db000-7f03cd1dc000 rw-p 00008000 08:01 266627                     /lib/x86_64-linux-gnu/libwrap.so.0.7.6
7f03cd1dc000-7f03cd1dd000 rw-p 00000000 00:00 0 
7f03cd1dd000-7f03cd221000 r-xp 00000000 08:01 266481                     /lib/x86_64-linux-gnu/libdbus-1.so.3.7.6
7f03cd221000-7f03cd420000 ---p 00044000 08:01 266481                     /lib/x86_64-linux-gnu/libdbus-1.so.3.7.6
7f03cd420000-7f03cd421000 r--p 00043000 08:01 266481                     /lib/x86_64-linux-gnu/libdbus-1.so.3.7.6
7f03cd421000-7f03cd422000 rw-p 00044000 08:01 266481                     /lib/x86_64-linux-gnu/libdbus-1.so.3.7.6
7f03cd422000-7f03cd488000 r-xp 00000000 08:01 42993433                   /usr/lib/x86_64-linux-gnu/pulseaudio/libpulsecommon-4.0.so
7f03cd488000-7f03cd687000 ---p 00066000 08:01 42993433                   /usr/lib/x86_64-linux-gnu/pulseaudio/libpulsecommon-4.0.so
7f03cd687000-7f03cd688000 r--p 00065000 08:01 42993433                   /usr/lib/x86_64-linux-gnu/pulseaudio/libpulsecommon-4.0.so
7f03cd688000-7f03cd689000 rw-p 00066000 08:01 42993433                   /usr/lib/x86_64-linux-gnu/pulseaudio/libpulsecommon-4.0.so
7f03cd689000-7f03cd693000 r-xp 00000000 08:01 266507                     /lib/x86_64-linux-gnu/libjson-c.so.2.0.0
7f03cd693000-7f03cd892000 ---p 0000a000 08:01 266507                     /lib/x86_64-linux-gnu/libjson-c.so.2.0.0
7f03cd892000-7f03cd893000 r--p 00009000 08:01 266507                     /lib/x86_64-linux-gnu/libjson-c.so.2.0.0
7f03cd893000-7f03cd894000 rw-p 0000a000 08:01 266507                     /lib/x86_64-linux-gnu/libjson-c.so.2.0.0
7f03cd894000-7f03cd8db000 r-xp 00000000 08:01 42606768                   /usr/lib/x86_64-linux-gnu/libpulse.so.0.16.2
7f03cd8db000-7f03cdadb000 ---p 00047000 08:01 42606768                   /usr/lib/x86_64-linux-gnu/libpulse.so.0.16.2
7f03cdadb000-7f03cdadc000 r--p 00047000 08:01 42606768                   /usr/lib/x86_64-linux-gnu/libpulse.so.0.16.2
7f03cdadc000-7f03cdadd000 rw-p 00048000 08:01 42606768                   /usr/lib/x86_64-linux-gnu/libpulse.so.0.16.2
7f03cdadf000-7f03cdbdf000 rw-p 00000000 00:00 0 
7f03cdbdf000-7f03cdcdf000 ---p 00000000 00:00 0 
7f03cdcdf000-7f03cddc8000 r-xp 00000000 08:01 42606060                   /usr/lib/x86_64-linux-gnu/libasound.so.2.0.0
7f03cddc8000-7f03cdfc7000 ---p 000e9000 08:01 42606060                   /usr/lib/x86_64-linux-gnu/libasound.so.2.0.0
7f03cdfc7000-7f03cdfce000 r--p 000e8000 08:01 42606060                   /usr/lib/x86_64-linux-gnu/libasound.so.2.0.0
7f03cdfce000-7f03cdfcf000 rw-p 000ef000 08:01 42606060                   /usr/lib/x86_64-linux-gnu/libasound.so.2.0.0
7f03cdfcf000-7f03cdfde000 r-xp 00000000 08:01 42996847                   /usr/lib/jvm/java-8-oracle/jre/lib/amd64/libjsoundalsa.so
7f03cdfde000-7f03ce1dd000 ---p 0000f000 08:01 42996847                   /usr/lib/jvm/java-8-oracle/jre/lib/amd64/libjsoundalsa.so
7f03ce1dd000-7f03ce1de000 rw-p 0000e000 08:01 42996847                   /usr/lib/jvm/java-8-oracle/jre/lib/amd64/libjsoundalsa.so
7f03ce1de000-7f03ce1df000 r-xp 00000000 08:01 42996861                   /usr/lib/jvm/java-8-oracle/jre/lib/amd64/libjsound.so
7f03ce1df000-7f03ce3de000 ---p 00001000 08:01 42996861                   /usr/lib/jvm/java-8-oracle/jre/lib/amd64/libjsound.so
7f03ce3de000-7f03ce3df000 rw-p 00000000 08:01 42996861                   /usr/lib/jvm/java-8-oracle/jre/lib/amd64/libjsound.so
7f03ce3df000-7f03ce3e2000 ---p 00000000 00:00 0 
7f03ce3e2000-7f03ce4e0000 rw-p 00000000 00:00 0                          [stack:8518]
7f03ce4e0000-7f03ce4e3000 ---p 00000000 00:00 0 
7f03ce4e3000-7f03ce5e1000 rw-p 00000000 00:00 0                          [stack:8517]
7f03ce5e1000-7f03ce5e4000 ---p 00000000 00:00 0 
7f03ce5e4000-7f03ce6e2000 rw-p 00000000 00:00 0                          [stack:8516]
7f03ce6e2000-7f03ce6e5000 ---p 00000000 00:00 0 
7f03ce6e5000-7f03ce7e3000 rw-p 00000000 00:00 0                          [stack:8515]
7f03ce7e3000-7f03ce7e8000 r-xp 00000000 08:01 42605991                   /usr/lib/x86_64-linux-gnu/libXfixes.so.3.1.0
7f03ce7e8000-7f03ce9e7000 ---p 00005000 08:01 42605991                   /usr/lib/x86_64-linux-gnu/libXfixes.so.3.1.0
7f03ce9e7000-7f03ce9e8000 r--p 00004000 08:01 42605991                   /usr/lib/x86_64-linux-gnu/libXfixes.so.3.1.0
7f03ce9e8000-7f03ce9e9000 rw-p 00005000 08:01 42605991                   /usr/lib/x86_64-linux-gnu/libXfixes.so.3.1.0
7f03ce9e9000-7f03ce9f2000 r-xp 00000000 08:01 42605983                   /usr/lib/x86_64-linux-gnu/libXcursor.so.1.0.2
7f03ce9f2000-7f03cebf1000 ---p 00009000 08:01 42605983                   /usr/lib/x86_64-linux-gnu/libXcursor.so.1.0.2
7f03cebf1000-7f03cebf2000 r--p 00008000 08:01 42605983                   /usr/lib/x86_64-linux-gnu/libXcursor.so.1.0.2
7f03cebf2000-7f03cebf3000 rw-p 00009000 08:01 42605983                   /usr/lib/x86_64-linux-gnu/libXcursor.so.1.0.2
7f03cebf3000-7f03cec09000 r-xp 00000000 08:01 266494                     /lib/x86_64-linux-gnu/libgcc_s.so.1
7f03cec09000-7f03cee08000 ---p 00016000 08:01 266494                     /lib/x86_64-linux-gnu/libgcc_s.so.1
7f03cee08000-7f03cee09000 rw-p 00015000 08:01 266494                     /lib/x86_64-linux-gnu/libgcc_s.so.1
7f03cee09000-7f03cee6e000 r-xp 00000000 08:01 42997280                   /usr/lib/jvm/java-8-oracle/jre/lib/amd64/libfontmanager.so
7f03cee6e000-7f03cf06d000 ---p 00065000 08:01 42997280                   /usr/lib/jvm/java-8-oracle/jre/lib/amd64/libfontmanager.so
7f03cf06d000-7f03cf072000 rw-p 00064000 08:01 42997280                   /usr/lib/jvm/java-8-oracle/jre/lib/amd64/libfontmanager.so
7f03cf072000-7f03cf082000 rw-p 00000000 00:00 0 
7f03cf082000-7f03cf087000 r-xp 00000000 08:01 42605987                   /usr/lib/x86_64-linux-gnu/libXdmcp.so.6.0.0
7f03cf087000-7f03cf286000 ---p 00005000 08:01 42605987                   /usr/lib/x86_64-linux-gnu/libXdmcp.so.6.0.0
7f03cf286000-7f03cf287000 r--p 00004000 08:01 42605987                   /usr/lib/x86_64-linux-gnu/libXdmcp.so.6.0.0
7f03cf287000-7f03cf288000 rw-p 00005000 08:01 42605987                   /usr/lib/x86_64-linux-gnu/libXdmcp.so.6.0.0
7f03cf288000-7f03cf28a000 r-xp 00000000 08:01 42605976                   /usr/lib/x86_64-linux-gnu/libXau.so.6.0.0
7f03cf28a000-7f03cf48a000 ---p 00002000 08:01 42605976                   /usr/lib/x86_64-linux-gnu/libXau.so.6.0.0
7f03cf48a000-7f03cf48b000 r--p 00002000 08:01 42605976                   /usr/lib/x86_64-linux-gnu/libXau.so.6.0.0
7f03cf48b000-7f03cf48c000 rw-p 00003000 08:01 42605976                   /usr/lib/x86_64-linux-gnu/libXau.so.6.0.0
7f03cf48c000-7f03cf4a9000 r-xp 00000000 08:01 42607044                   /usr/lib/x86_64-linux-gnu/libxcb.so.1.1.0
7f03cf4a9000-7f03cf6a9000 ---p 0001d000 08:01 42607044                   /usr/lib/x86_64-linux-gnu/libxcb.so.1.1.0
7f03cf6a9000-7f03cf6aa000 r--p 0001d000 08:01 42607044                   /usr/lib/x86_64-linux-gnu/libxcb.so.1.1.0
7f03cf6aa000-7f03cf6ab000 rw-p 0001e000 08:01 42607044                   /usr/lib/x86_64-linux-gnu/libxcb.so.1.1.0
7f03cf6ab000-7f03cf6ba000 r-xp 00000000 08:01 42605997                   /usr/lib/x86_64-linux-gnu/libXi.so.6.1.0
7f03cf6ba000-7f03cf8b9000 ---p 0000f000 08:01 42605997                   /usr/lib/x86_64-linux-gnu/libXi.so.6.1.0
7f03cf8b9000-7f03cf8ba000 r--p 0000e000 08:01 42605997                   /usr/lib/x86_64-linux-gnu/libXi.so.6.1.0
7f03cf8ba000-7f03cf8bb000 rw-p 0000f000 08:01 42605997                   /usr/lib/x86_64-linux-gnu/libXi.so.6.1.0
7f03cf8bb000-7f03cf8c0000 r-xp 00000000 08:01 42606017                   /usr/lib/x86_64-linux-gnu/libXtst.so.6.1.0
7f03cf8c0000-7f03cfabf000 ---p 00005000 08:01 42606017                   /usr/lib/x86_64-linux-gnu/libXtst.so.6.1.0
7f03cfabf000-7f03cfac0000 r--p 00004000 08:01 42606017                   /usr/lib/x86_64-linux-gnu/libXtst.so.6.1.0
7f03cfac0000-7f03cfac1000 rw-p 00005000 08:01 42606017                   /usr/lib/x86_64-linux-gnu/libXtst.so.6.1.0
7f03cfac1000-7f03cfaca000 r-xp 00000000 08:01 42606011                   /usr/lib/x86_64-linux-gnu/libXrender.so.1.3.0
7f03cfaca000-7f03cfcc9000 ---p 00009000 08:01 42606011                   /usr/lib/x86_64-linux-gnu/libXrender.so.1.3.0
7f03cfcc9000-7f03cfcca000 r--p 00008000 08:01 42606011                   /usr/lib/x86_64-linux-gnu/libXrender.so.1.3.0
7f03cfcca000-7f03cfccb000 rw-p 00009000 08:01 42606011                   /usr/lib/x86_64-linux-gnu/libXrender.so.1.3.0
7f03cfccb000-7f03cfdfb000 r-xp 00000000 08:01 42605972                   /usr/lib/x86_64-linux-gnu/libX11.so.6.3.0
7f03cfdfb000-7f03cfffb000 ---p 00130000 08:01 42605972                   /usr/lib/x86_64-linux-gnu/libX11.so.6.3.0
7f03cfffb000-7f03cfffc000 r--p 00130000 08:01 42605972                   /usr/lib/x86_64-linux-gnu/libX11.so.6.3.0
7f03cfffc000-7f03d0000000 rw-p 00131000 08:01 42605972                   /usr/lib/x86_64-linux-gnu/libX11.so.6.3.0
7f03d0000000-7f03d0021000 rw-p 00000000 00:00 0 
7f03d0021000-7f03d4000000 ---p 00000000 00:00 0 
7f03d4000000-7f03d4021000 rw-p 00000000 00:00 0 
7f03d4021000-7f03d8000000 ---p 00000000 00:00 0 
7f03d8000000-7f03d81de000 rw-p 00000000 00:00 0 
7f03d81de000-7f03dc000000 ---p 00000000 00:00 0 
7f03dc000000-7f03dc5d9000 rw-p 00000000 00:00 0 
7f03dc5d9000-7f03e0000000 ---p 00000000 00:00 0 
7f03e0000000-7f03e0021000 rw-p 00000000 00:00 0 
7f03e0021000-7f03e4000000 ---p 00000000 00:00 0 
7f03e4000000-7f03e4361000 rw-p 00000000 00:00 0 
7f03e4361000-7f03e8000000 ---p 00000000 00:00 0 
7f03e8000000-7f03e8021000 rw-p 00000000 00:00 0 
7f03e8021000-7f03ec000000 ---p 00000000 00:00 0 
7f03ec000000-7f03ec021000 rw-p 00000000 00:00 0 
7f03ec021000-7f03f0000000 ---p 00000000 00:00 0 
7f03f0000000-7f03f0021000 rw-p 00000000 00:00 0 
7f03f0021000-7f03f4000000 ---p 00000000 00:00 0 
7f03f4000000-7f03f4021000 rw-p 00000000 00:00 0 
7f03f4021000-7f03f8000000 ---p 00000000 00:00 0 
7f03f8000000-7f03f8021000 rw-p 00000000 00:00 0 
7f03f8021000-7f03fc000000 ---p 00000000 00:00 0 
7f03fc000000-7f03fc021000 rw-p 00000000 00:00 0 
7f03fc021000-7f0400000000 ---p 00000000 00:00 0 
7f0400000000-7f0400021000 rw-p 00000000 00:00 0 
7f0400021000-7f0404000000 ---p 00000000 00:00 0 
7f04040bb000-7f04040be000 ---p 00000000 00:00 0 
7f04040be000-7f04041bc000 rw-p 00000000 00:00 0                          [stack:8514]
7f04041bc000-7f04041cd000 r-xp 00000000 08:01 42605989                   /usr/lib/x86_64-linux-gnu/libXext.so.6.4.0
7f04041cd000-7f04043cc000 ---p 00011000 08:01 42605989                   /usr/lib/x86_64-linux-gnu/libXext.so.6.4.0
7f04043cc000-7f04043cd000 r--p 00010000 08:01 42605989                   /usr/lib/x86_64-linux-gnu/libXext.so.6.4.0
7f04043cd000-7f04043ce000 rw-p 00011000 08:01 42605989                   /usr/lib/x86_64-linux-gnu/libXext.so.6.4.0
7f04043ef000-7f0404443000 r-xp 00000000 08:01 42997263                   /usr/lib/jvm/java-8-oracle/jre/lib/amd64/libawt_xawt.so
7f0404443000-7f0404643000 ---p 00054000 08:01 42997263                   /usr/lib/jvm/java-8-oracle/jre/lib/amd64/libawt_xawt.so
7f0404643000-7f0404647000 rw-p 00054000 08:01 42997263                   /usr/lib/jvm/java-8-oracle/jre/lib/amd64/libawt_xawt.so
7f0404647000-7f0404648000 rw-p 00000000 00:00 0 
7f0404648000-7f04046ea000 r-xp 00000000 08:01 42996853                   /usr/lib/jvm/java-8-oracle/jre/lib/amd64/libawt.so
7f04046ea000-7f04048ea000 ---p 000a2000 08:01 42996853                   /usr/lib/jvm/java-8-oracle/jre/lib/amd64/libawt.so
7f04048ea000-7f04048f6000 rw-p 000a2000 08:01 42996853                   /usr/lib/jvm/java-8-oracle/jre/lib/amd64/libawt.so
7f04048f6000-7f040491a000 rw-p 00000000 00:00 0 
7f040491a000-7f040491b000 ---p 00000000 00:00 0 
7f040491b000-7f0404a1b000 rw-p 00000000 00:00 0                          [stack:8511]
7f0404a1b000-7f0404a1e000 ---p 00000000 00:00 0 
7f0404a1e000-7f0404b1c000 rw-p 00000000 00:00 0                          [stack:8510]
7f0404b1c000-7f0404b1f000 ---p 00000000 00:00 0 
7f0404b1f000-7f0404c1d000 rw-p 00000000 00:00 0                          [stack:8509]
7f0404c1d000-7f0404c20000 ---p 00000000 00:00 0 
7f0404c20000-7f0404d1e000 rw-p 00000000 00:00 0                          [stack:8508]
7f0404d1e000-7f0404d21000 ---p 00000000 00:00 0 
7f0404d21000-7f0404e1f000 rw-p 00000000 00:00 0                          [stack:8507]
7f0404e1f000-7f0404e22000 ---p 00000000 00:00 0 
7f0404e22000-7f0404f20000 rw-p 00000000 00:00 0                          [stack:8506]
7f0404f20000-7f0405733000 r--p 00000000 08:01 42605057                   /usr/lib/locale/locale-archive
7f0405733000-7f0405736000 ---p 00000000 00:00 0 
7f0405736000-7f0405834000 rw-p 00000000 00:00 0                          [stack:8505]
7f0405834000-7f0405837000 ---p 00000000 00:00 0 
7f0405837000-7f0405935000 rw-p 00000000 00:00 0                          [stack:8504]
7f0405935000-7f0405936000 ---p 00000000 00:00 0 
7f0405936000-7f0409000000 rw-p 00000000 00:00 0                          [stack:8503]
7f0409000000-7f0409290000 rwxp 00000000 00:00 0 
7f0409290000-7f0418000000 ---p 00000000 00:00 0 
7f0418000000-7f04184e4000 rw-p 00000000 00:00 0 
7f04184e4000-7f041c000000 ---p 00000000 00:00 0 
7f041c00d000-7f041c7a5000 rw-p 00000000 00:00 0 
7f041c7a5000-7f041c97e000 r--s 03d1f000 08:01 42997299                   /usr/lib/jvm/java-8-oracle/jre/lib/rt.jar
7f041c97e000-7f041d4cc000 rw-p 00000000 00:00 0 
7f041d4cc000-7f041d4cd000 ---p 00000000 00:00 0 
7f041d4cd000-7f041d5cd000 rw-p 00000000 00:00 0                          [stack:8502]
7f041d5cd000-7f041d5ce000 ---p 00000000 00:00 0 
7f041d5ce000-7f041d6ce000 rw-p 00000000 00:00 0                          [stack:8501]
7f041d6ce000-7f041d6cf000 ---p 00000000 00:00 0 
7f041d6cf000-7f041d7cf000 rw-p 00000000 00:00 0                          [stack:8499]
7f041d7cf000-7f041d7d0000 ---p 00000000 00:00 0 
7f041d7d0000-7f041d904000 rw-p 00000000 00:00 0                          [stack:8496]
7f041d904000-7f041dab6000 ---p 00000000 00:00 0 
7f041dab6000-7f041daea000 rw-p 00000000 00:00 0 
7f041daea000-7f041dc9b000 ---p 00000000 00:00 0 
7f041dc9b000-7f041dcab000 rw-p 00000000 00:00 0 
7f041dcab000-7f041dd8e000 ---p 00000000 00:00 0 
7f041dd8e000-7f041dd9a000 rw-p 00000000 00:00 0 
7f041dd9a000-7f041e14f000 ---p 00000000 00:00 0 
7f041e14f000-7f041e169000 r-xp 00000000 08:01 42996832                   /usr/lib/jvm/java-8-oracle/jre/lib/amd64/libzip.so
7f041e169000-7f041e369000 ---p 0001a000 08:01 42996832                   /usr/lib/jvm/java-8-oracle/jre/lib/amd64/libzip.so
7f041e369000-7f041e36a000 rw-p 0001a000 08:01 42996832                   /usr/lib/jvm/java-8-oracle/jre/lib/amd64/libzip.so
7f041e36a000-7f041e375000 r-xp 00000000 08:01 266542                     /lib/x86_64-linux-gnu/libnss_files-2.19.so
7f041e375000-7f041e574000 ---p 0000b000 08:01 266542                     /lib/x86_64-linux-gnu/libnss_files-2.19.so
7f041e574000-7f041e575000 r--p 0000a000 08:01 266542                     /lib/x86_64-linux-gnu/libnss_files-2.19.so
7f041e575000-7f041e576000 rw-p 0000b000 08:01 266542                     /lib/x86_64-linux-gnu/libnss_files-2.19.so
7f041e576000-7f041e581000 r-xp 00000000 08:01 266552                     /lib/x86_64-linux-gnu/libnss_nis-2.19.so
7f041e581000-7f041e780000 ---p 0000b000 08:01 266552                     /lib/x86_64-linux-gnu/libnss_nis-2.19.so
7f041e780000-7f041e781000 r--p 0000a000 08:01 266552                     /lib/x86_64-linux-gnu/libnss_nis-2.19.so
7f041e781000-7f041e782000 rw-p 0000b000 08:01 266552                     /lib/x86_64-linux-gnu/libnss_nis-2.19.so
7f041e782000-7f041e799000 r-xp 00000000 08:01 266536                     /lib/x86_64-linux-gnu/libnsl-2.19.so
7f041e799000-7f041e998000 ---p 00017000 08:01 266536                     /lib/x86_64-linux-gnu/libnsl-2.19.so
7f041e998000-7f041e999000 r--p 00016000 08:01 266536                     /lib/x86_64-linux-gnu/libnsl-2.19.so
7f041e999000-7f041e99a000 rw-p 00017000 08:01 266536                     /lib/x86_64-linux-gnu/libnsl-2.19.so
7f041e99a000-7f041e99c000 rw-p 00000000 00:00 0 
7f041e99c000-7f041e9a5000 r-xp 00000000 08:01 266538                     /lib/x86_64-linux-gnu/libnss_compat-2.19.so
7f041e9a5000-7f041eba4000 ---p 00009000 08:01 266538                     /lib/x86_64-linux-gnu/libnss_compat-2.19.so
7f041eba4000-7f041eba5000 r--p 00008000 08:01 266538                     /lib/x86_64-linux-gnu/libnss_compat-2.19.so
7f041eba5000-7f041eba6000 rw-p 00009000 08:01 266538                     /lib/x86_64-linux-gnu/libnss_compat-2.19.so
7f041eba6000-7f041ebd0000 r-xp 00000000 08:01 42996846                   /usr/lib/jvm/java-8-oracle/jre/lib/amd64/libjava.so
7f041ebd0000-7f041edd0000 ---p 0002a000 08:01 42996846                   /usr/lib/jvm/java-8-oracle/jre/lib/amd64/libjava.so
7f041edd0000-7f041edd2000 rw-p 0002a000 08:01 42996846                   /usr/lib/jvm/java-8-oracle/jre/lib/amd64/libjava.so
7f041edd2000-7f041eddf000 r-xp 00000000 08:01 42996857                   /usr/lib/jvm/java-8-oracle/jre/lib/amd64/libverify.so
7f041eddf000-7f041efdf000 ---p 0000d000 08:01 42996857                   /usr/lib/jvm/java-8-oracle/jre/lib/amd64/libverify.so
7f041efdf000-7f041efe1000 rw-p 0000d000 08:01 42996857                   /usr/lib/jvm/java-8-oracle/jre/lib/amd64/libverify.so
7f041efe1000-7f041efe8000 r-xp 00000000 08:01 266595                     /lib/x86_64-linux-gnu/librt-2.19.so
7f041efe8000-7f041f1e7000 ---p 00007000 08:01 266595                     /lib/x86_64-linux-gnu/librt-2.19.so
7f041f1e7000-7f041f1e8000 r--p 00006000 08:01 266595                     /lib/x86_64-linux-gnu/librt-2.19.so
7f041f1e8000-7f041f1e9000 rw-p 00007000 08:01 266595                     /lib/x86_64-linux-gnu/librt-2.19.so
7f041f1e9000-7f041f2ee000 r-xp 00000000 08:01 266517                     /lib/x86_64-linux-gnu/libm-2.19.so
7f041f2ee000-7f041f4ed000 ---p 00105000 08:01 266517                     /lib/x86_64-linux-gnu/libm-2.19.so
7f041f4ed000-7f041f4ee000 r--p 00104000 08:01 266517                     /lib/x86_64-linux-gnu/libm-2.19.so
7f041f4ee000-7f041f4ef000 rw-p 00105000 08:01 266517                     /lib/x86_64-linux-gnu/libm-2.19.so
7f041f4ef000-7f04201af000 r-xp 00000000 08:01 42997271                   /usr/lib/jvm/java-8-oracle/jre/lib/amd64/server/libjvm.so
7f04201af000-7f04203af000 ---p 00cc0000 08:01 42997271                   /usr/lib/jvm/java-8-oracle/jre/lib/amd64/server/libjvm.so
7f04203af000-7f0420487000 rw-p 00cc0000 08:01 42997271                   /usr/lib/jvm/java-8-oracle/jre/lib/amd64/server/libjvm.so
7f0420487000-7f04204d2000 rw-p 00000000 00:00 0 
7f04204d2000-7f042068d000 r-xp 00000000 08:01 266467                     /lib/x86_64-linux-gnu/libc-2.19.so
7f042068d000-7f042088c000 ---p 001bb000 08:01 266467                     /lib/x86_64-linux-gnu/libc-2.19.so
7f042088c000-7f0420890000 r--p 001ba000 08:01 266467                     /lib/x86_64-linux-gnu/libc-2.19.so
7f0420890000-7f0420892000 rw-p 001be000 08:01 266467                     /lib/x86_64-linux-gnu/libc-2.19.so
7f0420892000-7f0420897000 rw-p 00000000 00:00 0 
7f0420897000-7f042089a000 r-xp 00000000 08:01 266484                     /lib/x86_64-linux-gnu/libdl-2.19.so
7f042089a000-7f0420a99000 ---p 00003000 08:01 266484                     /lib/x86_64-linux-gnu/libdl-2.19.so
7f0420a99000-7f0420a9a000 r--p 00002000 08:01 266484                     /lib/x86_64-linux-gnu/libdl-2.19.so
7f0420a9a000-7f0420a9b000 rw-p 00003000 08:01 266484                     /lib/x86_64-linux-gnu/libdl-2.19.so
7f0420a9b000-7f0420ab0000 r-xp 00000000 08:01 9176807                    /usr/lib/jvm/java-8-oracle/lib/amd64/jli/libjli.so
7f0420ab0000-7f0420cb0000 ---p 00015000 08:01 9176807                    /usr/lib/jvm/java-8-oracle/lib/amd64/jli/libjli.so
7f0420cb0000-7f0420cb1000 rw-p 00015000 08:01 9176807                    /usr/lib/jvm/java-8-oracle/lib/amd64/jli/libjli.so
7f0420cb1000-7f0420cca000 r-xp 00000000 08:01 266587                     /lib/x86_64-linux-gnu/libpthread-2.19.so
7f0420cca000-7f0420ec9000 ---p 00019000 08:01 266587                     /lib/x86_64-linux-gnu/libpthread-2.19.so
7f0420ec9000-7f0420eca000 r--p 00018000 08:01 266587                     /lib/x86_64-linux-gnu/libpthread-2.19.so
7f0420eca000-7f0420ecb000 rw-p 00019000 08:01 266587                     /lib/x86_64-linux-gnu/libpthread-2.19.so
7f0420ecb000-7f0420ecf000 rw-p 00000000 00:00 0 
7f0420ecf000-7f0420ef2000 r-xp 00000000 08:01 266443                     /lib/x86_64-linux-gnu/ld-2.19.so
7f0420ef5000-7f0420f08000 r--s 00344000 08:01 42997294                   /usr/lib/jvm/java-8-oracle/jre/lib/resources.jar
7f0420f08000-7f0420fc9000 rw-p 00000000 00:00 0 
7f0420fc9000-7f0420fcc000 ---p 00000000 00:00 0 
7f0420fcc000-7f04210ce000 rw-p 00000000 00:00 0                          [stack:8494]
7f04210d8000-7f04210df000 r--s 00000000 08:01 42992772                   /usr/lib/x86_64-linux-gnu/gconv/gconv-modules.cache
7f04210df000-7f04210e5000 r--s 002f8000 08:01 42997297                   /usr/lib/jvm/java-8-oracle/jre/lib/charsets.jar
7f04210e5000-7f04210ed000 rw-s 00000000 08:01 30277941                   /tmp/hsperfdata_infinite/8492
7f04210ed000-7f04210ee000 rw-p 00000000 00:00 0 
7f04210ee000-7f04210ef000 r--p 00000000 00:00 0 
7f04210ef000-7f04210f1000 rw-p 00000000 00:00 0 
7f04210f1000-7f04210f2000 r--p 00022000 08:01 266443                     /lib/x86_64-linux-gnu/ld-2.19.so
7f04210f2000-7f04210f3000 rw-p 00023000 08:01 266443                     /lib/x86_64-linux-gnu/ld-2.19.so
7f04210f3000-7f04210f4000 rw-p 00000000 00:00 0 
7fff4d6e6000-7fff4d707000 rw-p 00000000 00:00 0                          [stack]
7fff4d786000-7fff4d788000 r--p 00000000 00:00 0                          [vvar]
7fff4d788000-7fff4d78a000 r-xp 00000000 00:00 0                          [vdso]
ffffffffff600000-ffffffffff601000 r-xp 00000000 00:00 0                  [vsyscall]

VM Arguments:
jvm_args: -Dfile.encoding=UTF-8 
java_command: Maze_3.CarInMaze
java_class_path (initial): /home/infinite/workspace/CarInMaze/bin
Launcher Type: SUN_STANDARD

Environment Variables:
JAVA_HOME=/usr/lib/jvm/java-8-oracle
PATH=/usr/local/sbin:/usr/local/bin:/usr/sbin:/usr/bin:/sbin:/bin:/usr/games:/usr/local/games:/usr/lib/jvm/java-8-oracle/bin:/usr/lib/jvm/java-8-oracle/db/bin:/usr/lib/jvm/java-8-oracle/jre/bin
SHELL=/bin/bash
DISPLAY=:0

Signal Handlers:
SIGSEGV: [libjvm.so+0xabca10], sa_mask[0]=11111111011111111101111111111110, sa_flags=SA_RESTART|SA_SIGINFO
SIGBUS: [libjvm.so+0xabca10], sa_mask[0]=11111111011111111101111111111110, sa_flags=SA_RESTART|SA_SIGINFO
SIGFPE: [libjvm.so+0x919a20], sa_mask[0]=11111111011111111101111111111110, sa_flags=SA_RESTART|SA_SIGINFO
SIGPIPE: [libjvm.so+0x919a20], sa_mask[0]=11111111011111111101111111111110, sa_flags=SA_RESTART|SA_SIGINFO
SIGXFSZ: [libjvm.so+0x919a20], sa_mask[0]=11111111011111111101111111111110, sa_flags=SA_RESTART|SA_SIGINFO
SIGILL: [libjvm.so+0x919a20], sa_mask[0]=11111111011111111101111111111110, sa_flags=SA_RESTART|SA_SIGINFO
SIGUSR1: SIG_DFL, sa_mask[0]=00000000000000000000000000000000, sa_flags=none
SIGUSR2: [libjvm.so+0x91b050], sa_mask[0]=00100000000000000000000000000000, sa_flags=SA_RESTART|SA_SIGINFO
SIGHUP: [libjvm.so+0x91c450], sa_mask[0]=11111111011111111101111111111110, sa_flags=SA_RESTART|SA_SIGINFO
SIGINT: [libjvm.so+0x91c450], sa_mask[0]=11111111011111111101111111111110, sa_flags=SA_RESTART|SA_SIGINFO
SIGTERM: [libjvm.so+0x91c450], sa_mask[0]=11111111011111111101111111111110, sa_flags=SA_RESTART|SA_SIGINFO
SIGQUIT: [libjvm.so+0x91c450], sa_mask[0]=11111111011111111101111111111110, sa_flags=SA_RESTART|SA_SIGINFO


---------------  S Y S T E M  ---------------

OS:DISTRIB_ID=Ubuntu
DISTRIB_RELEASE=14.04
DISTRIB_CODENAME=trusty
DISTRIB_DESCRIPTION="Ubuntu 14.04.4 LTS"

uname:Linux 4.2.0-35-generic #40~14.04.1-Ubuntu SMP Fri Mar 18 16:37:35 UTC 2016 x86_64
libc:glibc 2.19 NPTL 2.19 
rlimit: STACK 8192k, CORE 0k, NPROC 23199, NOFILE 4096, AS infinity
load average:11,47 11,17 9,06

/proc/meminfo:
MemTotal:        5961092 kB
MemFree:         2336012 kB
MemAvailable:    3888244 kB
Buffers:           97448 kB
Cached:          1619684 kB
SwapCached:            0 kB
Active:          2410536 kB
Inactive:        1030360 kB
Active(anon):    1728296 kB
Inactive(anon):   199772 kB
Active(file):     682240 kB
Inactive(file):   830588 kB
Unevictable:          32 kB
Mlocked:              32 kB
SwapTotal:       6137852 kB
SwapFree:        6137852 kB
Dirty:              6616 kB
Writeback:             0 kB
AnonPages:       1706312 kB
Mapped:           248372 kB
Shmem:            204140 kB
Slab:             106664 kB
SReclaimable:      75668 kB
SUnreclaim:        30996 kB
KernelStack:       10576 kB
PageTables:        16012 kB
NFS_Unstable:          0 kB
Bounce:                0 kB
WritebackTmp:          0 kB
CommitLimit:     9118396 kB
Committed_AS:    4857140 kB
VmallocTotal:   34359738367 kB
VmallocUsed:      554664 kB
VmallocChunk:   34358423548 kB
HardwareCorrupted:     0 kB
AnonHugePages:   1101824 kB
CmaTotal:              0 kB
CmaFree:               0 kB
HugePages_Total:       0
HugePages_Free:        0
HugePages_Rsvd:        0
HugePages_Surp:        0
Hugepagesize:       2048 kB
DirectMap4k:      106752 kB
DirectMap2M:     6033408 kB


CPU:total 4 (2 cores per cpu, 2 threads per core) family 6 model 42 stepping 7, cmov, cx8, fxsr, mmx, sse, sse2, sse3, ssse3, sse4.1, sse4.2, popcnt, avx, aes, clmul, ht, tsc, tscinvbit

/proc/cpuinfo:
processor	: 0
vendor_id	: GenuineIntel
cpu family	: 6
model		: 42
model name	: Intel(R) Core(TM) i5-2430M CPU @ 2.40GHz
stepping	: 7
microcode	: 0x1a
cpu MHz		: 2599.968
cache size	: 3072 KB
physical id	: 0
siblings	: 4
core id		: 0
cpu cores	: 2
apicid		: 0
initial apicid	: 0
fpu		: yes
fpu_exception	: yes
cpuid level	: 13
wp		: yes
flags		: fpu vme de pse tsc msr pae mce cx8 apic sep mtrr pge mca cmov pat pse36 clflush dts acpi mmx fxsr sse sse2 ss ht tm pbe syscall nx rdtscp lm constant_tsc arch_perfmon pebs bts rep_good nopl xtopology nonstop_tsc aperfmperf eagerfpu pni pclmulqdq dtes64 monitor ds_cpl vmx est tm2 ssse3 cx16 xtpr pdcm pcid sse4_1 sse4_2 x2apic popcnt tsc_deadline_timer aes xsave avx lahf_lm ida arat epb pln pts dtherm tpr_shadow vnmi flexpriority ept vpid xsaveopt
bugs		:
bogomips	: 4789.15
clflush size	: 64
cache_alignment	: 64
address sizes	: 36 bits physical, 48 bits virtual
power management:

processor	: 1
vendor_id	: GenuineIntel
cpu family	: 6
model		: 42
model name	: Intel(R) Core(TM) i5-2430M CPU @ 2.40GHz
stepping	: 7
microcode	: 0x1a
cpu MHz		: 2599.968
cache size	: 3072 KB
physical id	: 0
siblings	: 4
core id		: 0
cpu cores	: 2
apicid		: 1
initial apicid	: 1
fpu		: yes
fpu_exception	: yes
cpuid level	: 13
wp		: yes
flags		: fpu vme de pse tsc msr pae mce cx8 apic sep mtrr pge mca cmov pat pse36 clflush dts acpi mmx fxsr sse sse2 ss ht tm pbe syscall nx rdtscp lm constant_tsc arch_perfmon pebs bts rep_good nopl xtopology nonstop_tsc aperfmperf eagerfpu pni pclmulqdq dtes64 monitor ds_cpl vmx est tm2 ssse3 cx16 xtpr pdcm pcid sse4_1 sse4_2 x2apic popcnt tsc_deadline_timer aes xsave avx lahf_lm ida arat epb pln pts dtherm tpr_shadow vnmi flexpriority ept vpid xsaveopt
bugs		:
bogomips	: 4789.15
clflush size	: 64
cache_alignment	: 64
address sizes	: 36 bits physical, 48 bits virtual
power management:

processor	: 2
vendor_id	: GenuineIntel
cpu family	: 6
model		: 42
model name	: Intel(R) Core(TM) i5-2430M CPU @ 2.40GHz
stepping	: 7
microcode	: 0x1a
cpu MHz		: 2599.968
cache size	: 3072 KB
physical id	: 0
siblings	: 4
core id		: 1
cpu cores	: 2
apicid		: 2
initial apicid	: 2
fpu		: yes
fpu_exception	: yes
cpuid level	: 13
wp		: yes
flags		: fpu vme de pse tsc msr pae mce cx8 apic sep mtrr pge mca cmov pat pse36 clflush dts acpi mmx fxsr sse sse2 ss ht tm pbe syscall nx rdtscp lm constant_tsc arch_perfmon pebs bts rep_good nopl xtopology nonstop_tsc aperfmperf eagerfpu pni pclmulqdq dtes64 monitor ds_cpl vmx est tm2 ssse3 cx16 xtpr pdcm pcid sse4_1 sse4_2 x2apic popcnt tsc_deadline_timer aes xsave avx lahf_lm ida arat epb pln pts dtherm tpr_shadow vnmi flexpriority ept vpid xsaveopt
bugs		:
bogomips	: 4789.15
clflush size	: 64
cache_alignment	: 64
address sizes	: 36 bits physical, 48 bits virtual
power management:

processor	: 3
vendor_id	: GenuineIntel
cpu family	: 6
model		: 42
model name	: Intel(R) Core(TM) i5-2430M CPU @ 2.40GHz
stepping	: 7
microcode	: 0x1a
cpu MHz		: 2599.968
cache size	: 3072 KB
physical id	: 0
siblings	: 4
core id		: 1
cpu cores	: 2
apicid		: 3
initial apicid	: 3
fpu		: yes
fpu_exception	: yes
cpuid level	: 13
wp		: yes
flags		: fpu vme de pse tsc msr pae mce cx8 apic sep mtrr pge mca cmov pat pse36 clflush dts acpi mmx fxsr sse sse2 ss ht tm pbe syscall nx rdtscp lm constant_tsc arch_perfmon pebs bts rep_good nopl xtopology nonstop_tsc aperfmperf eagerfpu pni pclmulqdq dtes64 monitor ds_cpl vmx est tm2 ssse3 cx16 xtpr pdcm pcid sse4_1 sse4_2 x2apic popcnt tsc_deadline_timer aes xsave avx lahf_lm ida arat epb pln pts dtherm tpr_shadow vnmi flexpriority ept vpid xsaveopt
bugs		:
bogomips	: 4789.15
clflush size	: 64
cache_alignment	: 64
address sizes	: 36 bits physical, 48 bits virtual
power management:



Memory: 4k page, physical 5961092k(2336160k free), swap 6137852k(6137852k free)

vm_info: Java HotSpot(TM) 64-Bit Server VM (25.91-b14) for linux-amd64 JRE (1.8.0_91-b14), built on Apr  1 2016 00:57:21 by "java_re" with gcc 4.3.0 20080428 (Red Hat 4.3.0-8)

time: Tue Feb 14 22:39:37 2017
elapsed time: 1386 seconds (0d 0h 23m 6s)

