#
# A fatal error has been detected by the Java Runtime Environment:
#
#  SIGSEGV (0xb) at pc=0x00007fe7b50696ba, pid=2888, tid=140632170346240
#
# JRE version: Java(TM) SE Runtime Environment (8.0_91-b14) (build 1.8.0_91-b14)
# Java VM: Java HotSpot(TM) 64-Bit Server VM (25.91-b14 mixed mode linux-amd64 compressed oops)
# Problematic frame:
# v  ~BufferBlob::jni_fast_GetLongField
#
# Failed to write core dump. Core dumps have been disabled. To enable core dumping, try "ulimit -c unlimited" before starting Java again
#
# If you would like to submit a bug report, please visit:
#   http://bugreport.java.com/bugreport/crash.jsp
# The crash happened outside the Java Virtual Machine in native code.
# See problematic frame for where to report the bug.
#

---------------  T H R E A D  ---------------

Current thread (0x00007fe7c4206000):  JavaThread "AWT-XAWT" daemon [_thread_in_native, id=2908, stack(0x00007fe77a7eb000,0x00007fe77a8ec000)]

siginfo: si_signo: 11 (SIGSEGV), si_code: 1 (SEGV_MAPERR), si_addr: 0x0000000000000000

Registers:
RAX=0x00007fe7cc562d00, RBX=0x00007fe7c42061f8, RCX=0x00007fe7ccfc6320, RDX=0x0000000000000042
RSP=0x00007fe77a8ea4f8, RBP=0x00007fe77a8ea520, RSI=0x0000000000000000, RDI=0x00007fe7c42061f8
R8 =0x00000000e1d7b638, R9 =0x0000000000000000, R10=0x0000000000000036, R11=0x00007fe7b5245a98
R12=0x00007fe764070110, R13=0x0000000000000000, R14=0x00007fe7b07487e0, R15=0x00007fe7c4206000
RIP=0x00007fe7b50696ba, EFLAGS=0x0000000000010246, CSGSFS=0x0000000000000033, ERR=0x0000000000000004
  TRAPNO=0x000000000000000e

Top of Stack: (sp=0x00007fe77a8ea4f8)
0x00007fe77a8ea4f8:   00007fe7b0526ef1 00007fe7c8ee2f10
0x00007fe77a8ea508:   00007fe764070110 00007fe77a8ea5d0
0x00007fe77a8ea518:   00007fe77a8ea5a0 0000000000000000
0x00007fe77a8ea528:   00007fe77bd2cae8 00007fe7c8ee2f10
0x00007fe77a8ea538:   00007fe77a8ea560 0000000000000000
0x00007fe77a8ea548:   00007fe77bd249a3 00007fe77a8ea5d0
0x00007fe77a8ea558:   00007fe7b052012f 00007fe77a8ea5b0
0x00007fe77a8ea568:   00007fe7b5245b36 0000000000000000
0x00007fe77a8ea578:   00007fe7b520b176 00007fe77a8ea5d0
0x00007fe77a8ea588:   00007fe7b515f4ec 00000000e1e4acb8
0x00007fe77a8ea598:   00007fe7b52713b8 00000000e1d8edb8
0x00007fe77a8ea5a8:   00000000e1dc4ef0 00007fe77a8ea630
0x00007fe77a8ea5b8:   00007fe7b5007a90 00007fe77a8ea630
0x00007fe77a8ea5c8:   00007fe7b5007a90 0000000000000000
0x00007fe77a8ea5d8:   00007fe7b5007dd0 00007fe76c006640
0x00007fe77a8ea5e8:   00000000e1e4acb8 00007fe77a8ea5f0
0x00007fe77a8ea5f8:   00007fe7c8ffa21c 00007fe77a8ea678
0x00007fe77a8ea608:   00007fe7c9004428 0000000000000000
0x00007fe77a8ea618:   00007fe7c8ffa358 00007fe77a8ea5d0
0x00007fe77a8ea628:   00007fe77a8ea670 00007fe77a8ea6c0
0x00007fe77a8ea638:   00007fe7b50082bd 0000000000000000
0x00007fe77a8ea648:   00000000e1ed16e0 0000000000000000
0x00007fe77a8ea658:   0000000000000000 0000000000000000
0x00007fe77a8ea668:   00000000e1e4acb8 0000000000000000
0x00007fe77a8ea678:   00000000e1dc5a30 00007fe77a8ea680
0x00007fe77a8ea688:   00007fe7c8ffa05d 00007fe77a8ea6d0
0x00007fe77a8ea698:   00007fe7c9004428 0000000000000000
0x00007fe77a8ea6a8:   00007fe7c8ffa068 00007fe77a8ea670
0x00007fe77a8ea6b8:   00007fe77a8ea6d0 00007fe77a8ea718
0x00007fe77a8ea6c8:   00007fe7b5008302 00000000e1dc5a30
0x00007fe77a8ea6d8:   00007fe77a8ea6d8 00007fe7c8b1d8db
0x00007fe77a8ea6e8:   00007fe77a8ea728 00007fe7c8ba4dd8 

Instructions: (pc=0x00007fe7b50696ba)
0x00007fe7b506969a:   00 00 00 00 00 00 44 8b 15 01 8c 53 17 4c 8b ce
0x00007fe7b50696aa:   41 f6 c2 01 0f 85 2e 00 00 00 4d 33 ca 4d 33 ca
0x00007fe7b50696ba:   4d 8b 09 4c 8b da 49 c1 eb 02 4b 8b 04 19 49 bb
0x00007fe7b50696ca:   a8 22 5a cc e7 7f 00 00 4c 33 d8 4c 33 d8 45 3b 

Register to memory mapping:

RAX=0x00007fe7cc562d00: <offset 0xf77d00> in /usr/lib/jvm/java-8-oracle/jre/lib/amd64/server/libjvm.so at 0x00007fe7cb5eb000
RBX=0x00007fe7c42061f8 is an unknown value
RCX=0x00007fe7ccfc6320: <offset 0x219320> in /lib/x86_64-linux-gnu/libpthread.so.0 at 0x00007fe7ccdad000
RDX=0x0000000000000042 is an unknown value
RSP=0x00007fe77a8ea4f8 is pointing into the stack for thread: 0x00007fe7c4206000
RBP=0x00007fe77a8ea520 is pointing into the stack for thread: 0x00007fe7c4206000
RSI=0x0000000000000000 is an unknown value
RDI=0x00007fe7c42061f8 is an unknown value
R8 =0x00000000e1d7b638 is an oop
sun.util.logging.PlatformLogger$Level 
 - klass: 'sun/util/logging/PlatformLogger$Level'
R9 =0x0000000000000000 is an unknown value
R10=0x0000000000000036 is an unknown value
R11=0x00007fe7b5245a98 is at entry_point+24 in (nmethod*)0x00007fe7b5245910
R12=0x00007fe764070110 is an unknown value
R13=0x0000000000000000 is an unknown value
R14=0x00007fe7b07487e0: <offset 0x2587e0> in /usr/lib/jvm/java-8-oracle/jre/lib/amd64/libawt_xawt.so at 0x00007fe7b04f0000
R15=0x00007fe7c4206000 is a thread


Stack: [0x00007fe77a7eb000,0x00007fe77a8ec000],  sp=0x00007fe77a8ea4f8,  free space=1021k
Native frames: (J=compiled Java code, j=interpreted, Vv=VM code, C=native code)
v  ~BufferBlob::jni_fast_GetLongField
C  [libX11.so.6+0x61ae8]  _XimServerDestroy+0x58

Java frames: (J=compiled Java code, j=interpreted, Vv=VM code)
J 573  sun.awt.X11.XlibWrapper.XFilterEvent(JJ)Z (0 bytes) @ 0x00007fe7b5245ac4 [0x00007fe7b5245a80+0x44]
j  sun.awt.X11.XToolkit.run(Z)V+300
j  sun.awt.X11.XToolkit.run()V+5
j  java.lang.Thread.run()V+11
v  ~StubRoutines::call_stub

---------------  P R O C E S S  ---------------

Java Threads: ( => current thread )
  0x00007fe76407a000 JavaThread "XToolkt-Shutdown-Thread" [_thread_blocked, id=9981, stack(0x00007fe77a6ea000,0x00007fe77a7eb000)]
  0x00007fe78c001000 JavaThread "SIGTERM handler" daemon [_thread_blocked, id=9973, stack(0x00007fe77a5e9000,0x00007fe77a6ea000)]
  0x00007fe7c428f800 JavaThread "Direct Clip" daemon [_thread_blocked, id=2927, stack(0x00007fe762231000,0x00007fe762332000)]
  0x00007fe7c4287000 JavaThread "Direct Clip" daemon [_thread_blocked, id=2924, stack(0x00007fe762b33000,0x00007fe762c34000)]
  0x00007fe7c4281800 JavaThread "Direct Clip" daemon [_thread_blocked, id=2921, stack(0x00007fe763435000,0x00007fe763536000)]
  0x00007fe7c4274800 JavaThread "Java Sound Event Dispatcher" daemon [_thread_blocked, id=2919, stack(0x00007fe778037000,0x00007fe778138000)]
  0x00007fe7c424d800 JavaThread "Счетчик" [_thread_blocked, id=2911, stack(0x00007fe77a4e8000,0x00007fe77a5e9000)]
=>0x00007fe7c4206000 JavaThread "AWT-XAWT" daemon [_thread_in_native, id=2908, stack(0x00007fe77a7eb000,0x00007fe77a8ec000)]
  0x00007fe7c41e3800 JavaThread "Java2D Disposer" daemon [_thread_blocked, id=2907, stack(0x00007fe77acfc000,0x00007fe77adfd000)]
  0x00007fe7c40c8000 JavaThread "Service Thread" daemon [_thread_blocked, id=2905, stack(0x00007fe7b0b1c000,0x00007fe7b0c1d000)]
  0x00007fe7c40bd000 JavaThread "C1 CompilerThread2" daemon [_thread_blocked, id=2904, stack(0x00007fe7b0c1d000,0x00007fe7b0d1e000)]
  0x00007fe7c40bb000 JavaThread "C2 CompilerThread1" daemon [_thread_blocked, id=2903, stack(0x00007fe7b0d1e000,0x00007fe7b0e1f000)]
  0x00007fe7c40b8000 JavaThread "C2 CompilerThread0" daemon [_thread_blocked, id=2902, stack(0x00007fe7b0e1f000,0x00007fe7b0f20000)]
  0x00007fe7c40b7000 JavaThread "Signal Dispatcher" daemon [_thread_blocked, id=2901, stack(0x00007fe7b0f20000,0x00007fe7b1021000)]
  0x00007fe7c4084000 JavaThread "Finalizer" daemon [_thread_blocked, id=2900, stack(0x00007fe7b1834000,0x00007fe7b1935000)]
  0x00007fe7c407f000 JavaThread "Reference Handler" daemon [_thread_blocked, id=2899, stack(0x00007fe7b1935000,0x00007fe7b1a36000)]
  0x00007fe7c4009800 JavaThread "main" [_thread_blocked, id=2890, stack(0x00007fe7cd0c5000,0x00007fe7cd1c6000)]

Other Threads:
  0x00007fe7c4077800 VMThread [stack: 0x00007fe7b1a36000,0x00007fe7b1b37000] [id=2898]
  0x00007fe7c40cb000 WatcherThread [stack: 0x00007fe7b0a1b000,0x00007fe7b0b1c000] [id=2906]

VM state:not at safepoint (normal execution)

VM Mutex/Monitor currently owned by a thread: None

Heap:
 PSYoungGen      total 27648K, used 12931K [0x00000000e1b00000, 0x00000000e3980000, 0x0000000100000000)
  eden space 24064K, 53% used [0x00000000e1b00000,0x00000000e27a0d80,0x00000000e3280000)
  from space 3584K, 0% used [0x00000000e3600000,0x00000000e3600000,0x00000000e3980000)
  to   space 3584K, 0% used [0x00000000e3280000,0x00000000e3280000,0x00000000e3600000)
 ParOldGen       total 62976K, used 41836K [0x00000000a5000000, 0x00000000a8d80000, 0x00000000e1b00000)
  object space 62976K, 66% used [0x00000000a5000000,0x00000000a78db2d0,0x00000000a8d80000)
 Metaspace       used 10110K, capacity 10306K, committed 10496K, reserved 1058816K
  class space    used 1152K, capacity 1223K, committed 1280K, reserved 1048576K

Card table byte_map: [0x00007fe7c9bb2000,0x00007fe7c9e8b000] byte_map_base: 0x00007fe7c968a000

Marking Bits: (ParMarkBitMap*) 0x00007fe7cc5a1d60
 Begin Bits: [0x00007fe7b2280000, 0x00007fe7b3940000)
 End Bits:   [0x00007fe7b3940000, 0x00007fe7b5000000)

Polling page: 0x00007fe7cd1ea000

CodeCache: size=245760Kb used=2607Kb max_used=2619Kb free=243152Kb
 bounds [0x00007fe7b5000000, 0x00007fe7b52a0000, 0x00007fe7c4000000]
 total_blobs=1146 nmethods=645 adapters=415
 compilation: enabled

Compilation events (10 events):
Event: 18596,358 Thread 0x00007fe7c40bb000  641       4       java.util.IdentityHashMap::get (60 bytes)
Event: 18596,361 Thread 0x00007fe7c40bb000 nmethod 641 0x00007fe7b5281dd0 code [0x00007fe7b5281f40, 0x00007fe7b52820c8]
Event: 18808,632 Thread 0x00007fe7c40bb000  642       4       javax.swing.RepaintManager::currentManager (37 bytes)
Event: 18808,633 Thread 0x00007fe7c40bb000 nmethod 642 0x00007fe7b5281ad0 code [0x00007fe7b5281c20, 0x00007fe7b5281cc8]
Event: 18992,810 Thread 0x00007fe7c40b8000  643   !   4       javax.swing.RepaintManager::addDirtyRegion0 (205 bytes)
Event: 18992,819 Thread 0x00007fe7c40b8000 nmethod 643 0x00007fe7b5282c90 code [0x00007fe7b5282e20, 0x00007fe7b5283548]
Event: 19004,836 Thread 0x00007fe7c40bb000  644       4       javax.swing.RepaintManager::addDirtyRegion (37 bytes)
Event: 19004,851 Thread 0x00007fe7c40bb000 nmethod 644 0x00007fe7b528b510 code [0x00007fe7b528b6c0, 0x00007fe7b528be78]
Event: 20030,571 Thread 0x00007fe7c40b8000  645       4       java.lang.Thread::isInterrupted (6 bytes)
Event: 20030,572 Thread 0x00007fe7c40b8000 nmethod 645 0x00007fe7b527d510 code [0x00007fe7b527d660, 0x00007fe7b527d708]

GC Heap History (0 events):
No events

Deoptimization events (1 events):
Event: 0,420 Thread 0x00007fe7c4009800 Uncommon trap: reason=unstable_if action=reinterpret pc=0x00007fe7b51ef45c method=javax.sound.sampled.AudioFormat.matches(Ljavax/sound/sampled/AudioFormat;)Z @ 112

Internal exceptions (10 events):
Event: 0,038 Thread 0x00007fe7c4009800 Exception <a 'java/lang/NoSuchMethodError': Method sun.misc.Unsafe.prefetchRead(Ljava/lang/Object;J)V name or signature does not match> (0x00000000e1b07fa8) thrown at [/HUDSON/workspace/8-2-build-linux-amd64/jdk8u91/6644/hotspot/src/share/vm/prims/jni.cpp
Event: 0,087 Thread 0x00007fe7c4009800 Exception <a 'java/security/PrivilegedActionException'> (0x00000000e1bf2028) thrown at [/HUDSON/workspace/8-2-build-linux-amd64/jdk8u91/6644/hotspot/src/share/vm/prims/jvm.cpp, line 1386]
Event: 0,087 Thread 0x00007fe7c4009800 Exception <a 'java/security/PrivilegedActionException'> (0x00000000e1bf2238) thrown at [/HUDSON/workspace/8-2-build-linux-amd64/jdk8u91/6644/hotspot/src/share/vm/prims/jvm.cpp, line 1386]
Event: 0,088 Thread 0x00007fe7c4009800 Exception <a 'java/security/PrivilegedActionException'> (0x00000000e1bf4678) thrown at [/HUDSON/workspace/8-2-build-linux-amd64/jdk8u91/6644/hotspot/src/share/vm/prims/jvm.cpp, line 1386]
Event: 0,088 Thread 0x00007fe7c4009800 Exception <a 'java/security/PrivilegedActionException'> (0x00000000e1bf4888) thrown at [/HUDSON/workspace/8-2-build-linux-amd64/jdk8u91/6644/hotspot/src/share/vm/prims/jvm.cpp, line 1386]
Event: 0,153 Thread 0x00007fe7c4009800 Exception <a 'java/lang/NoSuchFieldError': method resolution failed> (0x00000000e1cc7510) thrown at [/HUDSON/workspace/8-2-build-linux-amd64/jdk8u91/6644/hotspot/src/share/vm/prims/methodHandles.cpp, line 1146]
Event: 0,158 Thread 0x00007fe7c4009800 Exception <a 'java/lang/NoSuchFieldError': method resolution failed> (0x00000000e1cd4ce0) thrown at [/HUDSON/workspace/8-2-build-linux-amd64/jdk8u91/6644/hotspot/src/share/vm/prims/methodHandles.cpp, line 1146]
Event: 0,180 Thread 0x00007fe7c4009800 Exception <a 'java/io/FileNotFoundException'> (0x00000000e1d540b8) thrown at [/HUDSON/workspace/8-2-build-linux-amd64/jdk8u91/6644/hotspot/src/share/vm/prims/jni.cpp, line 709]
Event: 0,180 Thread 0x00007fe7c4009800 Exception <a 'java/io/FileNotFoundException'> (0x00000000e1d54a78) thrown at [/HUDSON/workspace/8-2-build-linux-amd64/jdk8u91/6644/hotspot/src/share/vm/prims/jni.cpp, line 709]
Event: 0,491 Thread 0x00007fe7c424b000 Exception <a 'java/lang/UnsupportedOperationException': > (0x00000000e2027c10) thrown at [/HUDSON/workspace/8-2-build-linux-amd64/jdk8u91/6644/hotspot/src/share/vm/prims/jni.cpp, line 735]

Events (10 events):
Event: 1,999 Thread 0x00007fe7c4243000 Thread exited: 0x00007fe7c4243000
Event: 1,999 Thread 0x00007fe7c424b000 Thread exited: 0x00007fe7c424b000
Event: 4,083 Executing VM operation: EnableBiasedLocking
Event: 4,083 Executing VM operation: EnableBiasedLocking done
Event: 1369,575 loading class sun/awt/X11/XkbEvent
Event: 1369,575 loading class sun/awt/X11/XkbEvent done
Event: 1369,575 loading class sun/awt/X11/XkbAnyEvent
Event: 1369,575 loading class sun/awt/X11/XkbAnyEvent done
Event: 20194,144 loading class sun/awt/X11/XDestroyWindowEvent
Event: 20194,897 loading class sun/awt/X11/XDestroyWindowEvent done


Dynamic libraries:
00400000-00401000 r-xp 00000000 08:01 42733239                           /usr/lib/jvm/java-8-oracle/bin/java
00600000-00601000 rw-p 00000000 08:01 42733239                           /usr/lib/jvm/java-8-oracle/bin/java
01f02000-01f23000 rw-p 00000000 00:00 0                                  [heap]
a5000000-a8d80000 rw-p 00000000 00:00 0 
a8d80000-e1b00000 ---p 00000000 00:00 0 
e1b00000-e3980000 rw-p 00000000 00:00 0 
e3980000-100000000 ---p 00000000 00:00 0 
100000000-100140000 rw-p 00000000 00:00 0 
100140000-140000000 ---p 00000000 00:00 0 
7fe724000000-7fe724021000 rw-p 00000000 00:00 0 
7fe724021000-7fe728000000 ---p 00000000 00:00 0 
7fe72c000000-7fe72c021000 rw-p 00000000 00:00 0 
7fe72c021000-7fe730000000 ---p 00000000 00:00 0 
7fe733fff000-7fe738000000 rw-s 00000000 00:16 16                         /run/shm/pulse-shm-2627527064
7fe738000000-7fe738021000 rw-p 00000000 00:00 0 
7fe738021000-7fe73c000000 ---p 00000000 00:00 0 
7fe73ffff000-7fe744000000 rw-s 00000000 00:16 15                         /run/shm/pulse-shm-1858608847
7fe744000000-7fe744021000 rw-p 00000000 00:00 0 
7fe744021000-7fe748000000 ---p 00000000 00:00 0 
7fe748000000-7fe748021000 rw-p 00000000 00:00 0 
7fe748021000-7fe74c000000 ---p 00000000 00:00 0 
7fe74c000000-7fe74c021000 rw-p 00000000 00:00 0 
7fe74c021000-7fe750000000 ---p 00000000 00:00 0 
7fe753fff000-7fe758000000 rw-s 00000000 00:16 14                         /run/shm/pulse-shm-1964952999
7fe758000000-7fe758021000 rw-p 00000000 00:00 0 
7fe758021000-7fe75c000000 ---p 00000000 00:00 0 
7fe75f3dc000-7fe75f3dd000 ---p 00000000 00:00 0 
7fe75f3dd000-7fe75fbdd000 rw-p 00000000 00:00 0                          [stack:2920]
7fe762231000-7fe762234000 ---p 00000000 00:00 0 
7fe762234000-7fe762332000 rw-p 00000000 00:00 0                          [stack:2927]
7fe762332000-7fe762333000 ---p 00000000 00:00 0 
7fe762333000-7fe762b33000 rw-p 00000000 00:00 0                          [stack:2926]
7fe762b33000-7fe762b36000 ---p 00000000 00:00 0 
7fe762b36000-7fe762c34000 rw-p 00000000 00:00 0                          [stack:2924]
7fe762c34000-7fe762c35000 ---p 00000000 00:00 0 
7fe762c35000-7fe763435000 rw-p 00000000 00:00 0                          [stack:2923]
7fe763435000-7fe763438000 ---p 00000000 00:00 0 
7fe763438000-7fe763536000 rw-p 00000000 00:00 0                          [stack:2921]
7fe763536000-7fe76359f000 r-xp 00000000 08:01 42996842                   /usr/lib/jvm/java-8-oracle/jre/lib/amd64/libt2k.so
7fe76359f000-7fe76379f000 ---p 00069000 08:01 42996842                   /usr/lib/jvm/java-8-oracle/jre/lib/amd64/libt2k.so
7fe76379f000-7fe7637a6000 rw-p 00069000 08:01 42996842                   /usr/lib/jvm/java-8-oracle/jre/lib/amd64/libt2k.so
7fe7637a6000-7fe7637b6000 rw-p 00000000 00:00 0 
7fe7637b6000-7fe7637c7000 r-xp 00000000 08:01 42997279                   /usr/lib/jvm/java-8-oracle/jre/lib/amd64/libnio.so
7fe7637c7000-7fe7639c6000 ---p 00011000 08:01 42997279                   /usr/lib/jvm/java-8-oracle/jre/lib/amd64/libnio.so
7fe7639c6000-7fe7639c7000 rw-p 00010000 08:01 42997279                   /usr/lib/jvm/java-8-oracle/jre/lib/amd64/libnio.so
7fe7639c7000-7fe7639dd000 r-xp 00000000 08:01 42996844                   /usr/lib/jvm/java-8-oracle/jre/lib/amd64/libnet.so
7fe7639dd000-7fe763bdd000 ---p 00016000 08:01 42996844                   /usr/lib/jvm/java-8-oracle/jre/lib/amd64/libnet.so
7fe763bdd000-7fe763bde000 rw-p 00016000 08:01 42996844                   /usr/lib/jvm/java-8-oracle/jre/lib/amd64/libnet.so
7fe763bde000-7fe763be4000 r-xp 00000000 08:01 42992160                   /usr/lib/x86_64-linux-gnu/alsa-lib/libasound_module_pcm_pulse.so
7fe763be4000-7fe763de3000 ---p 00006000 08:01 42992160                   /usr/lib/x86_64-linux-gnu/alsa-lib/libasound_module_pcm_pulse.so
7fe763de3000-7fe763de4000 r--p 00005000 08:01 42992160                   /usr/lib/x86_64-linux-gnu/alsa-lib/libasound_module_pcm_pulse.so
7fe763de4000-7fe763de5000 rw-p 00006000 08:01 42992160                   /usr/lib/x86_64-linux-gnu/alsa-lib/libasound_module_pcm_pulse.so
7fe763de5000-7fe763dfc000 r-xp 00000000 08:01 266593                     /lib/x86_64-linux-gnu/libresolv-2.19.so
7fe763dfc000-7fe763ffc000 ---p 00017000 08:01 266593                     /lib/x86_64-linux-gnu/libresolv-2.19.so
7fe763ffc000-7fe763ffd000 r--p 00017000 08:01 266593                     /lib/x86_64-linux-gnu/libresolv-2.19.so
7fe763ffd000-7fe763ffe000 rw-p 00018000 08:01 266593                     /lib/x86_64-linux-gnu/libresolv-2.19.so
7fe763ffe000-7fe764000000 rw-p 00000000 00:00 0 
7fe764000000-7fe764307000 rw-p 00000000 00:00 0 
7fe764307000-7fe768000000 ---p 00000000 00:00 0 
7fe768000000-7fe768021000 rw-p 00000000 00:00 0 
7fe768021000-7fe76c000000 ---p 00000000 00:00 0 
7fe76c000000-7fe76c037000 rw-p 00000000 00:00 0 
7fe76c037000-7fe770000000 ---p 00000000 00:00 0 
7fe770000000-7fe770021000 rw-p 00000000 00:00 0 
7fe770021000-7fe774000000 ---p 00000000 00:00 0 
7fe774000000-7fe774021000 rw-p 00000000 00:00 0 
7fe774021000-7fe778000000 ---p 00000000 00:00 0 
7fe778037000-7fe77803a000 ---p 00000000 00:00 0 
7fe77803a000-7fe778138000 rw-p 00000000 00:00 0                          [stack:2919]
7fe778138000-7fe77813f000 r-xp 00000000 08:01 42606699                   /usr/lib/x86_64-linux-gnu/libogg.so.0.8.1
7fe77813f000-7fe77833f000 ---p 00007000 08:01 42606699                   /usr/lib/x86_64-linux-gnu/libogg.so.0.8.1
7fe77833f000-7fe778340000 r--p 00007000 08:01 42606699                   /usr/lib/x86_64-linux-gnu/libogg.so.0.8.1
7fe778340000-7fe778341000 rw-p 00008000 08:01 42606699                   /usr/lib/x86_64-linux-gnu/libogg.so.0.8.1
7fe778341000-7fe77836d000 r-xp 00000000 08:01 42606971                   /usr/lib/x86_64-linux-gnu/libvorbis.so.0.4.5
7fe77836d000-7fe77856c000 ---p 0002c000 08:01 42606971                   /usr/lib/x86_64-linux-gnu/libvorbis.so.0.4.5
7fe77856c000-7fe77856d000 r--p 0002b000 08:01 42606971                   /usr/lib/x86_64-linux-gnu/libvorbis.so.0.4.5
7fe77856d000-7fe77856e000 rw-p 0002c000 08:01 42606971                   /usr/lib/x86_64-linux-gnu/libvorbis.so.0.4.5
7fe77856e000-7fe778821000 r-xp 00000000 08:01 42606973                   /usr/lib/x86_64-linux-gnu/libvorbisenc.so.2.0.8
7fe778821000-7fe778a20000 ---p 002b3000 08:01 42606973                   /usr/lib/x86_64-linux-gnu/libvorbisenc.so.2.0.8
7fe778a20000-7fe778a3c000 r--p 002b2000 08:01 42606973                   /usr/lib/x86_64-linux-gnu/libvorbisenc.so.2.0.8
7fe778a3c000-7fe778a3d000 rw-p 002ce000 08:01 42606973                   /usr/lib/x86_64-linux-gnu/libvorbisenc.so.2.0.8
7fe778a3d000-7fe778a6d000 r-xp 00000000 08:01 42605834                   /usr/lib/x86_64-linux-gnu/libFLAC.so.8.3.0
7fe778a6d000-7fe778c6c000 ---p 00030000 08:01 42605834                   /usr/lib/x86_64-linux-gnu/libFLAC.so.8.3.0
7fe778c6c000-7fe778c6d000 r--p 0002f000 08:01 42605834                   /usr/lib/x86_64-linux-gnu/libFLAC.so.8.3.0
7fe778c6d000-7fe778c6e000 rw-p 00030000 08:01 42605834                   /usr/lib/x86_64-linux-gnu/libFLAC.so.8.3.0
7fe778c6e000-7fe778c73000 r-xp 00000000 08:01 42606068                   /usr/lib/x86_64-linux-gnu/libasyncns.so.0.3.1
7fe778c73000-7fe778e72000 ---p 00005000 08:01 42606068                   /usr/lib/x86_64-linux-gnu/libasyncns.so.0.3.1
7fe778e72000-7fe778e73000 r--p 00004000 08:01 42606068                   /usr/lib/x86_64-linux-gnu/libasyncns.so.0.3.1
7fe778e73000-7fe778e74000 rw-p 00005000 08:01 42606068                   /usr/lib/x86_64-linux-gnu/libasyncns.so.0.3.1
7fe778e74000-7fe778ed5000 r-xp 00000000 08:01 42606856                   /usr/lib/x86_64-linux-gnu/libsndfile.so.1.0.25
7fe778ed5000-7fe7790d5000 ---p 00061000 08:01 42606856                   /usr/lib/x86_64-linux-gnu/libsndfile.so.1.0.25
7fe7790d5000-7fe7790d7000 r--p 00061000 08:01 42606856                   /usr/lib/x86_64-linux-gnu/libsndfile.so.1.0.25
7fe7790d7000-7fe7790d8000 rw-p 00063000 08:01 42606856                   /usr/lib/x86_64-linux-gnu/libsndfile.so.1.0.25
7fe7790d8000-7fe7790dc000 rw-p 00000000 00:00 0 
7fe7790dc000-7fe7790e4000 r-xp 00000000 08:01 266627                     /lib/x86_64-linux-gnu/libwrap.so.0.7.6
7fe7790e4000-7fe7792e3000 ---p 00008000 08:01 266627                     /lib/x86_64-linux-gnu/libwrap.so.0.7.6
7fe7792e3000-7fe7792e4000 r--p 00007000 08:01 266627                     /lib/x86_64-linux-gnu/libwrap.so.0.7.6
7fe7792e4000-7fe7792e5000 rw-p 00008000 08:01 266627                     /lib/x86_64-linux-gnu/libwrap.so.0.7.6
7fe7792e5000-7fe7792e6000 rw-p 00000000 00:00 0 
7fe7792e6000-7fe77932a000 r-xp 00000000 08:01 266481                     /lib/x86_64-linux-gnu/libdbus-1.so.3.7.6
7fe77932a000-7fe779529000 ---p 00044000 08:01 266481                     /lib/x86_64-linux-gnu/libdbus-1.so.3.7.6
7fe779529000-7fe77952a000 r--p 00043000 08:01 266481                     /lib/x86_64-linux-gnu/libdbus-1.so.3.7.6
7fe77952a000-7fe77952b000 rw-p 00044000 08:01 266481                     /lib/x86_64-linux-gnu/libdbus-1.so.3.7.6
7fe77952b000-7fe779591000 r-xp 00000000 08:01 42993433                   /usr/lib/x86_64-linux-gnu/pulseaudio/libpulsecommon-4.0.so
7fe779591000-7fe779790000 ---p 00066000 08:01 42993433                   /usr/lib/x86_64-linux-gnu/pulseaudio/libpulsecommon-4.0.so
7fe779790000-7fe779791000 r--p 00065000 08:01 42993433                   /usr/lib/x86_64-linux-gnu/pulseaudio/libpulsecommon-4.0.so
7fe779791000-7fe779792000 rw-p 00066000 08:01 42993433                   /usr/lib/x86_64-linux-gnu/pulseaudio/libpulsecommon-4.0.so
7fe779792000-7fe77979c000 r-xp 00000000 08:01 266507                     /lib/x86_64-linux-gnu/libjson-c.so.2.0.0
7fe77979c000-7fe77999b000 ---p 0000a000 08:01 266507                     /lib/x86_64-linux-gnu/libjson-c.so.2.0.0
7fe77999b000-7fe77999c000 r--p 00009000 08:01 266507                     /lib/x86_64-linux-gnu/libjson-c.so.2.0.0
7fe77999c000-7fe77999d000 rw-p 0000a000 08:01 266507                     /lib/x86_64-linux-gnu/libjson-c.so.2.0.0
7fe77999d000-7fe7799e4000 r-xp 00000000 08:01 42606768                   /usr/lib/x86_64-linux-gnu/libpulse.so.0.16.2
7fe7799e4000-7fe779be4000 ---p 00047000 08:01 42606768                   /usr/lib/x86_64-linux-gnu/libpulse.so.0.16.2
7fe779be4000-7fe779be5000 r--p 00047000 08:01 42606768                   /usr/lib/x86_64-linux-gnu/libpulse.so.0.16.2
7fe779be5000-7fe779be6000 rw-p 00048000 08:01 42606768                   /usr/lib/x86_64-linux-gnu/libpulse.so.0.16.2
7fe779be8000-7fe779ce8000 rw-p 00000000 00:00 0 
7fe779ce8000-7fe779de8000 ---p 00000000 00:00 0 
7fe779de8000-7fe779ed1000 r-xp 00000000 08:01 42606060                   /usr/lib/x86_64-linux-gnu/libasound.so.2.0.0
7fe779ed1000-7fe77a0d0000 ---p 000e9000 08:01 42606060                   /usr/lib/x86_64-linux-gnu/libasound.so.2.0.0
7fe77a0d0000-7fe77a0d7000 r--p 000e8000 08:01 42606060                   /usr/lib/x86_64-linux-gnu/libasound.so.2.0.0
7fe77a0d7000-7fe77a0d8000 rw-p 000ef000 08:01 42606060                   /usr/lib/x86_64-linux-gnu/libasound.so.2.0.0
7fe77a0d8000-7fe77a0e7000 r-xp 00000000 08:01 42996847                   /usr/lib/jvm/java-8-oracle/jre/lib/amd64/libjsoundalsa.so
7fe77a0e7000-7fe77a2e6000 ---p 0000f000 08:01 42996847                   /usr/lib/jvm/java-8-oracle/jre/lib/amd64/libjsoundalsa.so
7fe77a2e6000-7fe77a2e7000 rw-p 0000e000 08:01 42996847                   /usr/lib/jvm/java-8-oracle/jre/lib/amd64/libjsoundalsa.so
7fe77a2e7000-7fe77a2e8000 r-xp 00000000 08:01 42996861                   /usr/lib/jvm/java-8-oracle/jre/lib/amd64/libjsound.so
7fe77a2e8000-7fe77a4e7000 ---p 00001000 08:01 42996861                   /usr/lib/jvm/java-8-oracle/jre/lib/amd64/libjsound.so
7fe77a4e7000-7fe77a4e8000 rw-p 00000000 08:01 42996861                   /usr/lib/jvm/java-8-oracle/jre/lib/amd64/libjsound.so
7fe77a4e8000-7fe77a4eb000 ---p 00000000 00:00 0 
7fe77a4eb000-7fe77a5e9000 rw-p 00000000 00:00 0                          [stack:2911]
7fe77a5e9000-7fe77a5ec000 ---p 00000000 00:00 0 
7fe77a5ec000-7fe77a6ea000 rw-p 00000000 00:00 0                          [stack:9973]
7fe77a6ea000-7fe77a6ed000 ---p 00000000 00:00 0 
7fe77a6ed000-7fe77a7eb000 rw-p 00000000 00:00 0                          [stack:9981]
7fe77a7eb000-7fe77a7ee000 ---p 00000000 00:00 0 
7fe77a7ee000-7fe77a8ec000 rw-p 00000000 00:00 0                          [stack:2908]
7fe77a8ec000-7fe77a8f1000 r-xp 00000000 08:01 42605991                   /usr/lib/x86_64-linux-gnu/libXfixes.so.3.1.0
7fe77a8f1000-7fe77aaf0000 ---p 00005000 08:01 42605991                   /usr/lib/x86_64-linux-gnu/libXfixes.so.3.1.0
7fe77aaf0000-7fe77aaf1000 r--p 00004000 08:01 42605991                   /usr/lib/x86_64-linux-gnu/libXfixes.so.3.1.0
7fe77aaf1000-7fe77aaf2000 rw-p 00005000 08:01 42605991                   /usr/lib/x86_64-linux-gnu/libXfixes.so.3.1.0
7fe77aaf2000-7fe77aafb000 r-xp 00000000 08:01 42605983                   /usr/lib/x86_64-linux-gnu/libXcursor.so.1.0.2
7fe77aafb000-7fe77acfa000 ---p 00009000 08:01 42605983                   /usr/lib/x86_64-linux-gnu/libXcursor.so.1.0.2
7fe77acfa000-7fe77acfb000 r--p 00008000 08:01 42605983                   /usr/lib/x86_64-linux-gnu/libXcursor.so.1.0.2
7fe77acfb000-7fe77acfc000 rw-p 00009000 08:01 42605983                   /usr/lib/x86_64-linux-gnu/libXcursor.so.1.0.2
7fe77acfc000-7fe77acff000 ---p 00000000 00:00 0 
7fe77acff000-7fe77adfd000 rw-p 00000000 00:00 0                          [stack:2907]
7fe77adfd000-7fe77ae13000 r-xp 00000000 08:01 266494                     /lib/x86_64-linux-gnu/libgcc_s.so.1
7fe77ae13000-7fe77b012000 ---p 00016000 08:01 266494                     /lib/x86_64-linux-gnu/libgcc_s.so.1
7fe77b012000-7fe77b013000 rw-p 00015000 08:01 266494                     /lib/x86_64-linux-gnu/libgcc_s.so.1
7fe77b013000-7fe77b078000 r-xp 00000000 08:01 42997280                   /usr/lib/jvm/java-8-oracle/jre/lib/amd64/libfontmanager.so
7fe77b078000-7fe77b277000 ---p 00065000 08:01 42997280                   /usr/lib/jvm/java-8-oracle/jre/lib/amd64/libfontmanager.so
7fe77b277000-7fe77b27c000 rw-p 00064000 08:01 42997280                   /usr/lib/jvm/java-8-oracle/jre/lib/amd64/libfontmanager.so
7fe77b27c000-7fe77b28c000 rw-p 00000000 00:00 0 
7fe77b28c000-7fe77b291000 r-xp 00000000 08:01 42605987                   /usr/lib/x86_64-linux-gnu/libXdmcp.so.6.0.0
7fe77b291000-7fe77b490000 ---p 00005000 08:01 42605987                   /usr/lib/x86_64-linux-gnu/libXdmcp.so.6.0.0
7fe77b490000-7fe77b491000 r--p 00004000 08:01 42605987                   /usr/lib/x86_64-linux-gnu/libXdmcp.so.6.0.0
7fe77b491000-7fe77b492000 rw-p 00005000 08:01 42605987                   /usr/lib/x86_64-linux-gnu/libXdmcp.so.6.0.0
7fe77b492000-7fe77b494000 r-xp 00000000 08:01 42605976                   /usr/lib/x86_64-linux-gnu/libXau.so.6.0.0
7fe77b494000-7fe77b694000 ---p 00002000 08:01 42605976                   /usr/lib/x86_64-linux-gnu/libXau.so.6.0.0
7fe77b694000-7fe77b695000 r--p 00002000 08:01 42605976                   /usr/lib/x86_64-linux-gnu/libXau.so.6.0.0
7fe77b695000-7fe77b696000 rw-p 00003000 08:01 42605976                   /usr/lib/x86_64-linux-gnu/libXau.so.6.0.0
7fe77b696000-7fe77b6b3000 r-xp 00000000 08:01 42607044                   /usr/lib/x86_64-linux-gnu/libxcb.so.1.1.0
7fe77b6b3000-7fe77b8b3000 ---p 0001d000 08:01 42607044                   /usr/lib/x86_64-linux-gnu/libxcb.so.1.1.0
7fe77b8b3000-7fe77b8b4000 r--p 0001d000 08:01 42607044                   /usr/lib/x86_64-linux-gnu/libxcb.so.1.1.0
7fe77b8b4000-7fe77b8b5000 rw-p 0001e000 08:01 42607044                   /usr/lib/x86_64-linux-gnu/libxcb.so.1.1.0
7fe77b8b5000-7fe77b8c4000 r-xp 00000000 08:01 42605997                   /usr/lib/x86_64-linux-gnu/libXi.so.6.1.0
7fe77b8c4000-7fe77bac3000 ---p 0000f000 08:01 42605997                   /usr/lib/x86_64-linux-gnu/libXi.so.6.1.0
7fe77bac3000-7fe77bac4000 r--p 0000e000 08:01 42605997                   /usr/lib/x86_64-linux-gnu/libXi.so.6.1.0
7fe77bac4000-7fe77bac5000 rw-p 0000f000 08:01 42605997                   /usr/lib/x86_64-linux-gnu/libXi.so.6.1.0
7fe77bac5000-7fe77baca000 r-xp 00000000 08:01 42606017                   /usr/lib/x86_64-linux-gnu/libXtst.so.6.1.0
7fe77baca000-7fe77bcc9000 ---p 00005000 08:01 42606017                   /usr/lib/x86_64-linux-gnu/libXtst.so.6.1.0
7fe77bcc9000-7fe77bcca000 r--p 00004000 08:01 42606017                   /usr/lib/x86_64-linux-gnu/libXtst.so.6.1.0
7fe77bcca000-7fe77bccb000 rw-p 00005000 08:01 42606017                   /usr/lib/x86_64-linux-gnu/libXtst.so.6.1.0
7fe77bccb000-7fe77bdfb000 r-xp 00000000 08:01 42605972                   /usr/lib/x86_64-linux-gnu/libX11.so.6.3.0
7fe77bdfb000-7fe77bffb000 ---p 00130000 08:01 42605972                   /usr/lib/x86_64-linux-gnu/libX11.so.6.3.0
7fe77bffb000-7fe77bffc000 r--p 00130000 08:01 42605972                   /usr/lib/x86_64-linux-gnu/libX11.so.6.3.0
7fe77bffc000-7fe77c000000 rw-p 00131000 08:01 42605972                   /usr/lib/x86_64-linux-gnu/libX11.so.6.3.0
7fe77c000000-7fe77c021000 rw-p 00000000 00:00 0 
7fe77c021000-7fe780000000 ---p 00000000 00:00 0 
7fe780000000-7fe780021000 rw-p 00000000 00:00 0 
7fe780021000-7fe784000000 ---p 00000000 00:00 0 
7fe784000000-7fe7843d6000 rw-p 00000000 00:00 0 
7fe7843d6000-7fe788000000 ---p 00000000 00:00 0 
7fe788000000-7fe7884ee000 rw-p 00000000 00:00 0 
7fe7884ee000-7fe78c000000 ---p 00000000 00:00 0 
7fe78c000000-7fe78c021000 rw-p 00000000 00:00 0 
7fe78c021000-7fe790000000 ---p 00000000 00:00 0 
7fe790000000-7fe7903b1000 rw-p 00000000 00:00 0 
7fe7903b1000-7fe794000000 ---p 00000000 00:00 0 
7fe794000000-7fe794021000 rw-p 00000000 00:00 0 
7fe794021000-7fe798000000 ---p 00000000 00:00 0 
7fe798000000-7fe798021000 rw-p 00000000 00:00 0 
7fe798021000-7fe79c000000 ---p 00000000 00:00 0 
7fe79c000000-7fe79c021000 rw-p 00000000 00:00 0 
7fe79c021000-7fe7a0000000 ---p 00000000 00:00 0 
7fe7a0000000-7fe7a0021000 rw-p 00000000 00:00 0 
7fe7a0021000-7fe7a4000000 ---p 00000000 00:00 0 
7fe7a4000000-7fe7a4021000 rw-p 00000000 00:00 0 
7fe7a4021000-7fe7a8000000 ---p 00000000 00:00 0 
7fe7a8000000-7fe7a8021000 rw-p 00000000 00:00 0 
7fe7a8021000-7fe7ac000000 ---p 00000000 00:00 0 
7fe7ac000000-7fe7ac021000 rw-p 00000000 00:00 0 
7fe7ac021000-7fe7b0000000 ---p 00000000 00:00 0 
7fe7b00b3000-7fe7b00bc000 r-xp 00000000 08:01 42606011                   /usr/lib/x86_64-linux-gnu/libXrender.so.1.3.0
7fe7b00bc000-7fe7b02bb000 ---p 00009000 08:01 42606011                   /usr/lib/x86_64-linux-gnu/libXrender.so.1.3.0
7fe7b02bb000-7fe7b02bc000 r--p 00008000 08:01 42606011                   /usr/lib/x86_64-linux-gnu/libXrender.so.1.3.0
7fe7b02bc000-7fe7b02bd000 rw-p 00009000 08:01 42606011                   /usr/lib/x86_64-linux-gnu/libXrender.so.1.3.0
7fe7b02bd000-7fe7b02ce000 r-xp 00000000 08:01 42605989                   /usr/lib/x86_64-linux-gnu/libXext.so.6.4.0
7fe7b02ce000-7fe7b04cd000 ---p 00011000 08:01 42605989                   /usr/lib/x86_64-linux-gnu/libXext.so.6.4.0
7fe7b04cd000-7fe7b04ce000 r--p 00010000 08:01 42605989                   /usr/lib/x86_64-linux-gnu/libXext.so.6.4.0
7fe7b04ce000-7fe7b04cf000 rw-p 00011000 08:01 42605989                   /usr/lib/x86_64-linux-gnu/libXext.so.6.4.0
7fe7b04f0000-7fe7b0544000 r-xp 00000000 08:01 42997263                   /usr/lib/jvm/java-8-oracle/jre/lib/amd64/libawt_xawt.so
7fe7b0544000-7fe7b0744000 ---p 00054000 08:01 42997263                   /usr/lib/jvm/java-8-oracle/jre/lib/amd64/libawt_xawt.so
7fe7b0744000-7fe7b0748000 rw-p 00054000 08:01 42997263                   /usr/lib/jvm/java-8-oracle/jre/lib/amd64/libawt_xawt.so
7fe7b0748000-7fe7b0749000 rw-p 00000000 00:00 0 
7fe7b0749000-7fe7b07eb000 r-xp 00000000 08:01 42996853                   /usr/lib/jvm/java-8-oracle/jre/lib/amd64/libawt.so
7fe7b07eb000-7fe7b09eb000 ---p 000a2000 08:01 42996853                   /usr/lib/jvm/java-8-oracle/jre/lib/amd64/libawt.so
7fe7b09eb000-7fe7b09f7000 rw-p 000a2000 08:01 42996853                   /usr/lib/jvm/java-8-oracle/jre/lib/amd64/libawt.so
7fe7b09f7000-7fe7b0a1b000 rw-p 00000000 00:00 0 
7fe7b0a1b000-7fe7b0a1c000 ---p 00000000 00:00 0 
7fe7b0a1c000-7fe7b0b1c000 rw-p 00000000 00:00 0                          [stack:2906]
7fe7b0b1c000-7fe7b0b1f000 ---p 00000000 00:00 0 
7fe7b0b1f000-7fe7b0c1d000 rw-p 00000000 00:00 0                          [stack:2905]
7fe7b0c1d000-7fe7b0c20000 ---p 00000000 00:00 0 
7fe7b0c20000-7fe7b0d1e000 rw-p 00000000 00:00 0                          [stack:2904]
7fe7b0d1e000-7fe7b0d21000 ---p 00000000 00:00 0 
7fe7b0d21000-7fe7b0e1f000 rw-p 00000000 00:00 0                          [stack:2903]
7fe7b0e1f000-7fe7b0e22000 ---p 00000000 00:00 0 
7fe7b0e22000-7fe7b0f20000 rw-p 00000000 00:00 0                          [stack:2902]
7fe7b0f20000-7fe7b0f23000 ---p 00000000 00:00 0 
7fe7b0f23000-7fe7b1021000 rw-p 00000000 00:00 0                          [stack:2901]
7fe7b1021000-7fe7b1834000 r--p 00000000 08:01 42605057                   /usr/lib/locale/locale-archive
7fe7b1834000-7fe7b1837000 ---p 00000000 00:00 0 
7fe7b1837000-7fe7b1935000 rw-p 00000000 00:00 0                          [stack:2900]
7fe7b1935000-7fe7b1938000 ---p 00000000 00:00 0 
7fe7b1938000-7fe7b1a36000 rw-p 00000000 00:00 0                          [stack:2899]
7fe7b1a36000-7fe7b1a37000 ---p 00000000 00:00 0 
7fe7b1a37000-7fe7b5000000 rw-p 00000000 00:00 0                          [stack:2898]
7fe7b5000000-7fe7b52a0000 rwxp 00000000 00:00 0 
7fe7b52a0000-7fe7c4000000 ---p 00000000 00:00 0 
7fe7c4000000-7fe7c451b000 rw-p 00000000 00:00 0 
7fe7c451b000-7fe7c8000000 ---p 00000000 00:00 0 
7fe7c8008000-7fe7c88a1000 rw-p 00000000 00:00 0 
7fe7c88a1000-7fe7c8a7a000 r--s 03d1f000 08:01 42997299                   /usr/lib/jvm/java-8-oracle/jre/lib/rt.jar
7fe7c8a7a000-7fe7c95c8000 rw-p 00000000 00:00 0 
7fe7c95c8000-7fe7c95c9000 ---p 00000000 00:00 0 
7fe7c95c9000-7fe7c96c9000 rw-p 00000000 00:00 0                          [stack:2897]
7fe7c96c9000-7fe7c96ca000 ---p 00000000 00:00 0 
7fe7c96ca000-7fe7c97ca000 rw-p 00000000 00:00 0                          [stack:2896]
7fe7c97ca000-7fe7c97cb000 ---p 00000000 00:00 0 
7fe7c97cb000-7fe7c98cb000 rw-p 00000000 00:00 0                          [stack:2895]
7fe7c98cb000-7fe7c98cc000 ---p 00000000 00:00 0 
7fe7c98cc000-7fe7c99eb000 rw-p 00000000 00:00 0                          [stack:2894]
7fe7c99eb000-7fe7c9bb2000 ---p 00000000 00:00 0 
7fe7c9bb2000-7fe7c9bd1000 rw-p 00000000 00:00 0 
7fe7c9bd1000-7fe7c9d97000 ---p 00000000 00:00 0 
7fe7c9d97000-7fe7c9da7000 rw-p 00000000 00:00 0 
7fe7c9da7000-7fe7c9e8a000 ---p 00000000 00:00 0 
7fe7c9e8a000-7fe7c9e96000 rw-p 00000000 00:00 0 
7fe7c9e96000-7fe7ca24b000 ---p 00000000 00:00 0 
7fe7ca24b000-7fe7ca265000 r-xp 00000000 08:01 42996832                   /usr/lib/jvm/java-8-oracle/jre/lib/amd64/libzip.so
7fe7ca265000-7fe7ca465000 ---p 0001a000 08:01 42996832                   /usr/lib/jvm/java-8-oracle/jre/lib/amd64/libzip.so
7fe7ca465000-7fe7ca466000 rw-p 0001a000 08:01 42996832                   /usr/lib/jvm/java-8-oracle/jre/lib/amd64/libzip.so
7fe7ca466000-7fe7ca471000 r-xp 00000000 08:01 266542                     /lib/x86_64-linux-gnu/libnss_files-2.19.so
7fe7ca471000-7fe7ca670000 ---p 0000b000 08:01 266542                     /lib/x86_64-linux-gnu/libnss_files-2.19.so
7fe7ca670000-7fe7ca671000 r--p 0000a000 08:01 266542                     /lib/x86_64-linux-gnu/libnss_files-2.19.so
7fe7ca671000-7fe7ca672000 rw-p 0000b000 08:01 266542                     /lib/x86_64-linux-gnu/libnss_files-2.19.so
7fe7ca672000-7fe7ca67d000 r-xp 00000000 08:01 266552                     /lib/x86_64-linux-gnu/libnss_nis-2.19.so
7fe7ca67d000-7fe7ca87c000 ---p 0000b000 08:01 266552                     /lib/x86_64-linux-gnu/libnss_nis-2.19.so
7fe7ca87c000-7fe7ca87d000 r--p 0000a000 08:01 266552                     /lib/x86_64-linux-gnu/libnss_nis-2.19.so
7fe7ca87d000-7fe7ca87e000 rw-p 0000b000 08:01 266552                     /lib/x86_64-linux-gnu/libnss_nis-2.19.so
7fe7ca87e000-7fe7ca895000 r-xp 00000000 08:01 266536                     /lib/x86_64-linux-gnu/libnsl-2.19.so
7fe7ca895000-7fe7caa94000 ---p 00017000 08:01 266536                     /lib/x86_64-linux-gnu/libnsl-2.19.so
7fe7caa94000-7fe7caa95000 r--p 00016000 08:01 266536                     /lib/x86_64-linux-gnu/libnsl-2.19.so
7fe7caa95000-7fe7caa96000 rw-p 00017000 08:01 266536                     /lib/x86_64-linux-gnu/libnsl-2.19.so
7fe7caa96000-7fe7caa98000 rw-p 00000000 00:00 0 
7fe7caa98000-7fe7caaa1000 r-xp 00000000 08:01 266538                     /lib/x86_64-linux-gnu/libnss_compat-2.19.so
7fe7caaa1000-7fe7caca0000 ---p 00009000 08:01 266538                     /lib/x86_64-linux-gnu/libnss_compat-2.19.so
7fe7caca0000-7fe7caca1000 r--p 00008000 08:01 266538                     /lib/x86_64-linux-gnu/libnss_compat-2.19.so
7fe7caca1000-7fe7caca2000 rw-p 00009000 08:01 266538                     /lib/x86_64-linux-gnu/libnss_compat-2.19.so
7fe7caca2000-7fe7caccc000 r-xp 00000000 08:01 42996846                   /usr/lib/jvm/java-8-oracle/jre/lib/amd64/libjava.so
7fe7caccc000-7fe7caecc000 ---p 0002a000 08:01 42996846                   /usr/lib/jvm/java-8-oracle/jre/lib/amd64/libjava.so
7fe7caecc000-7fe7caece000 rw-p 0002a000 08:01 42996846                   /usr/lib/jvm/java-8-oracle/jre/lib/amd64/libjava.so
7fe7caece000-7fe7caedb000 r-xp 00000000 08:01 42996857                   /usr/lib/jvm/java-8-oracle/jre/lib/amd64/libverify.so
7fe7caedb000-7fe7cb0db000 ---p 0000d000 08:01 42996857                   /usr/lib/jvm/java-8-oracle/jre/lib/amd64/libverify.so
7fe7cb0db000-7fe7cb0dd000 rw-p 0000d000 08:01 42996857                   /usr/lib/jvm/java-8-oracle/jre/lib/amd64/libverify.so
7fe7cb0dd000-7fe7cb0e4000 r-xp 00000000 08:01 266595                     /lib/x86_64-linux-gnu/librt-2.19.so
7fe7cb0e4000-7fe7cb2e3000 ---p 00007000 08:01 266595                     /lib/x86_64-linux-gnu/librt-2.19.so
7fe7cb2e3000-7fe7cb2e4000 r--p 00006000 08:01 266595                     /lib/x86_64-linux-gnu/librt-2.19.so
7fe7cb2e4000-7fe7cb2e5000 rw-p 00007000 08:01 266595                     /lib/x86_64-linux-gnu/librt-2.19.so
7fe7cb2e5000-7fe7cb3ea000 r-xp 00000000 08:01 266517                     /lib/x86_64-linux-gnu/libm-2.19.so
7fe7cb3ea000-7fe7cb5e9000 ---p 00105000 08:01 266517                     /lib/x86_64-linux-gnu/libm-2.19.so
7fe7cb5e9000-7fe7cb5ea000 r--p 00104000 08:01 266517                     /lib/x86_64-linux-gnu/libm-2.19.so
7fe7cb5ea000-7fe7cb5eb000 rw-p 00105000 08:01 266517                     /lib/x86_64-linux-gnu/libm-2.19.so
7fe7cb5eb000-7fe7cc2ab000 r-xp 00000000 08:01 42997271                   /usr/lib/jvm/java-8-oracle/jre/lib/amd64/server/libjvm.so
7fe7cc2ab000-7fe7cc4ab000 ---p 00cc0000 08:01 42997271                   /usr/lib/jvm/java-8-oracle/jre/lib/amd64/server/libjvm.so
7fe7cc4ab000-7fe7cc583000 rw-p 00cc0000 08:01 42997271                   /usr/lib/jvm/java-8-oracle/jre/lib/amd64/server/libjvm.so
7fe7cc583000-7fe7cc5ce000 rw-p 00000000 00:00 0 
7fe7cc5ce000-7fe7cc789000 r-xp 00000000 08:01 266467                     /lib/x86_64-linux-gnu/libc-2.19.so
7fe7cc789000-7fe7cc988000 ---p 001bb000 08:01 266467                     /lib/x86_64-linux-gnu/libc-2.19.so
7fe7cc988000-7fe7cc98c000 r--p 001ba000 08:01 266467                     /lib/x86_64-linux-gnu/libc-2.19.so
7fe7cc98c000-7fe7cc98e000 rw-p 001be000 08:01 266467                     /lib/x86_64-linux-gnu/libc-2.19.so
7fe7cc98e000-7fe7cc993000 rw-p 00000000 00:00 0 
7fe7cc993000-7fe7cc996000 r-xp 00000000 08:01 266484                     /lib/x86_64-linux-gnu/libdl-2.19.so
7fe7cc996000-7fe7ccb95000 ---p 00003000 08:01 266484                     /lib/x86_64-linux-gnu/libdl-2.19.so
7fe7ccb95000-7fe7ccb96000 r--p 00002000 08:01 266484                     /lib/x86_64-linux-gnu/libdl-2.19.so
7fe7ccb96000-7fe7ccb97000 rw-p 00003000 08:01 266484                     /lib/x86_64-linux-gnu/libdl-2.19.so
7fe7ccb97000-7fe7ccbac000 r-xp 00000000 08:01 9176807                    /usr/lib/jvm/java-8-oracle/lib/amd64/jli/libjli.so
7fe7ccbac000-7fe7ccdac000 ---p 00015000 08:01 9176807                    /usr/lib/jvm/java-8-oracle/lib/amd64/jli/libjli.so
7fe7ccdac000-7fe7ccdad000 rw-p 00015000 08:01 9176807                    /usr/lib/jvm/java-8-oracle/lib/amd64/jli/libjli.so
7fe7ccdad000-7fe7ccdc6000 r-xp 00000000 08:01 266587                     /lib/x86_64-linux-gnu/libpthread-2.19.so
7fe7ccdc6000-7fe7ccfc5000 ---p 00019000 08:01 266587                     /lib/x86_64-linux-gnu/libpthread-2.19.so
7fe7ccfc5000-7fe7ccfc6000 r--p 00018000 08:01 266587                     /lib/x86_64-linux-gnu/libpthread-2.19.so
7fe7ccfc6000-7fe7ccfc7000 rw-p 00019000 08:01 266587                     /lib/x86_64-linux-gnu/libpthread-2.19.so
7fe7ccfc7000-7fe7ccfcb000 rw-p 00000000 00:00 0 
7fe7ccfcb000-7fe7ccfee000 r-xp 00000000 08:01 266443                     /lib/x86_64-linux-gnu/ld-2.19.so
7fe7ccff1000-7fe7cd004000 r--s 00344000 08:01 42997294                   /usr/lib/jvm/java-8-oracle/jre/lib/resources.jar
7fe7cd004000-7fe7cd0c5000 rw-p 00000000 00:00 0 
7fe7cd0c5000-7fe7cd0c8000 ---p 00000000 00:00 0 
7fe7cd0c8000-7fe7cd1ca000 rw-p 00000000 00:00 0                          [stack:2890]
7fe7cd1d4000-7fe7cd1db000 r--s 00000000 08:01 42992772                   /usr/lib/x86_64-linux-gnu/gconv/gconv-modules.cache
7fe7cd1db000-7fe7cd1e1000 r--s 002f8000 08:01 42997297                   /usr/lib/jvm/java-8-oracle/jre/lib/charsets.jar
7fe7cd1e1000-7fe7cd1e9000 rw-s 00000000 08:01 30277777                   /tmp/hsperfdata_infinite/2888
7fe7cd1e9000-7fe7cd1ea000 rw-p 00000000 00:00 0 
7fe7cd1ea000-7fe7cd1eb000 r--p 00000000 00:00 0 
7fe7cd1eb000-7fe7cd1ed000 rw-p 00000000 00:00 0 
7fe7cd1ed000-7fe7cd1ee000 r--p 00022000 08:01 266443                     /lib/x86_64-linux-gnu/ld-2.19.so
7fe7cd1ee000-7fe7cd1ef000 rw-p 00023000 08:01 266443                     /lib/x86_64-linux-gnu/ld-2.19.so
7fe7cd1ef000-7fe7cd1f0000 rw-p 00000000 00:00 0 
7ffc657eb000-7ffc6580c000 rw-p 00000000 00:00 0                          [stack]
7ffc65907000-7ffc65909000 r--p 00000000 00:00 0                          [vvar]
7ffc65909000-7ffc6590b000 r-xp 00000000 00:00 0                          [vdso]
ffffffffff600000-ffffffffff601000 r-xp 00000000 00:00 0                  [vsyscall]

VM Arguments:
jvm_args: -Dfile.encoding=UTF-8 
java_command: Maze_3.CarInMaze
java_class_path (initial): /home/infinite/workspace/CarInMaze/bin
Launcher Type: SUN_STANDARD

Environment Variables:
JAVA_HOME=/usr/lib/jvm/java-8-oracle
PATH=/usr/local/sbin:/usr/local/bin:/usr/sbin:/usr/bin:/sbin:/bin:/usr/games:/usr/local/games:/usr/lib/jvm/java-8-oracle/bin:/usr/lib/jvm/java-8-oracle/db/bin:/usr/lib/jvm/java-8-oracle/jre/bin
SHELL=/bin/bash
DISPLAY=:0

Signal Handlers:
SIGSEGV: [libjvm.so+0xabca10], sa_mask[0]=11111111011111111101111111111110, sa_flags=SA_RESTART|SA_SIGINFO
SIGBUS: [libjvm.so+0xabca10], sa_mask[0]=11111111011111111101111111111110, sa_flags=SA_RESTART|SA_SIGINFO
SIGFPE: [libjvm.so+0x919a20], sa_mask[0]=11111111011111111101111111111110, sa_flags=SA_RESTART|SA_SIGINFO
SIGPIPE: [libjvm.so+0x919a20], sa_mask[0]=11111111011111111101111111111110, sa_flags=SA_RESTART|SA_SIGINFO
SIGXFSZ: [libjvm.so+0x919a20], sa_mask[0]=11111111011111111101111111111110, sa_flags=SA_RESTART|SA_SIGINFO
SIGILL: [libjvm.so+0x919a20], sa_mask[0]=11111111011111111101111111111110, sa_flags=SA_RESTART|SA_SIGINFO
SIGUSR1: SIG_DFL, sa_mask[0]=00000000000000000000000000000000, sa_flags=none
SIGUSR2: [libjvm.so+0x91b050], sa_mask[0]=00100000000000000000000000000000, sa_flags=SA_RESTART|SA_SIGINFO
SIGHUP: [libjvm.so+0x91c450], sa_mask[0]=11111111011111111101111111111110, sa_flags=SA_RESTART|SA_SIGINFO
SIGINT: [libjvm.so+0x91c450], sa_mask[0]=11111111011111111101111111111110, sa_flags=SA_RESTART|SA_SIGINFO
SIGTERM: [libjvm.so+0x91c450], sa_mask[0]=11111111011111111101111111111110, sa_flags=SA_RESTART|SA_SIGINFO
SIGQUIT: [libjvm.so+0x91c450], sa_mask[0]=11111111011111111101111111111110, sa_flags=SA_RESTART|SA_SIGINFO


---------------  S Y S T E M  ---------------

OS:DISTRIB_ID=Ubuntu
DISTRIB_RELEASE=14.04
DISTRIB_CODENAME=trusty
DISTRIB_DESCRIPTION="Ubuntu 14.04.4 LTS"

uname:Linux 4.2.0-35-generic #40~14.04.1-Ubuntu SMP Fri Mar 18 16:37:35 UTC 2016 x86_64
libc:glibc 2.19 NPTL 2.19 
rlimit: STACK 8192k, CORE 0k, NPROC 23199, NOFILE 4096, AS infinity
load average:3,11 2,13 1,79

/proc/meminfo:
MemTotal:        5961092 kB
MemFree:         3162144 kB
MemAvailable:    4517392 kB
Buffers:           94216 kB
Cached:          1184816 kB
SwapCached:          680 kB
Active:          1784316 kB
Inactive:         772892 kB
Active(anon):    1080000 kB
Inactive(anon):   229180 kB
Active(file):     704316 kB
Inactive(file):   543712 kB
Unevictable:          28 kB
Mlocked:              28 kB
SwapTotal:       6137852 kB
SwapFree:        6130408 kB
Dirty:              2568 kB
Writeback:             0 kB
AnonPages:       1277984 kB
Mapped:           118576 kB
Shmem:             30864 kB
Slab:             177060 kB
SReclaimable:     143484 kB
SUnreclaim:        33576 kB
KernelStack:        7360 kB
PageTables:        13608 kB
NFS_Unstable:          0 kB
Bounce:                0 kB
WritebackTmp:          0 kB
CommitLimit:     9118396 kB
Committed_AS:    3014668 kB
VmallocTotal:   34359738367 kB
VmallocUsed:      554692 kB
VmallocChunk:   34358423548 kB
HardwareCorrupted:     0 kB
AnonHugePages:   1058816 kB
CmaTotal:              0 kB
CmaFree:               0 kB
HugePages_Total:       0
HugePages_Free:        0
HugePages_Rsvd:        0
HugePages_Surp:        0
Hugepagesize:       2048 kB
DirectMap4k:      198912 kB
DirectMap2M:     5941248 kB


CPU:total 4 (2 cores per cpu, 2 threads per core) family 6 model 42 stepping 7, cmov, cx8, fxsr, mmx, sse, sse2, sse3, ssse3, sse4.1, sse4.2, popcnt, avx, aes, clmul, ht, tsc, tscinvbit

/proc/cpuinfo:
processor	: 0
vendor_id	: GenuineIntel
cpu family	: 6
model		: 42
model name	: Intel(R) Core(TM) i5-2430M CPU @ 2.40GHz
stepping	: 7
microcode	: 0x1a
cpu MHz		: 2299.968
cache size	: 3072 KB
physical id	: 0
siblings	: 4
core id		: 0
cpu cores	: 2
apicid		: 0
initial apicid	: 0
fpu		: yes
fpu_exception	: yes
cpuid level	: 13
wp		: yes
flags		: fpu vme de pse tsc msr pae mce cx8 apic sep mtrr pge mca cmov pat pse36 clflush dts acpi mmx fxsr sse sse2 ss ht tm pbe syscall nx rdtscp lm constant_tsc arch_perfmon pebs bts rep_good nopl xtopology nonstop_tsc aperfmperf eagerfpu pni pclmulqdq dtes64 monitor ds_cpl vmx est tm2 ssse3 cx16 xtpr pdcm pcid sse4_1 sse4_2 x2apic popcnt tsc_deadline_timer aes xsave avx lahf_lm ida arat epb pln pts dtherm tpr_shadow vnmi flexpriority ept vpid xsaveopt
bugs		:
bogomips	: 4789.25
clflush size	: 64
cache_alignment	: 64
address sizes	: 36 bits physical, 48 bits virtual
power management:

processor	: 1
vendor_id	: GenuineIntel
cpu family	: 6
model		: 42
model name	: Intel(R) Core(TM) i5-2430M CPU @ 2.40GHz
stepping	: 7
microcode	: 0x1a
cpu MHz		: 2299.968
cache size	: 3072 KB
physical id	: 0
siblings	: 4
core id		: 0
cpu cores	: 2
apicid		: 1
initial apicid	: 1
fpu		: yes
fpu_exception	: yes
cpuid level	: 13
wp		: yes
flags		: fpu vme de pse tsc msr pae mce cx8 apic sep mtrr pge mca cmov pat pse36 clflush dts acpi mmx fxsr sse sse2 ss ht tm pbe syscall nx rdtscp lm constant_tsc arch_perfmon pebs bts rep_good nopl xtopology nonstop_tsc aperfmperf eagerfpu pni pclmulqdq dtes64 monitor ds_cpl vmx est tm2 ssse3 cx16 xtpr pdcm pcid sse4_1 sse4_2 x2apic popcnt tsc_deadline_timer aes xsave avx lahf_lm ida arat epb pln pts dtherm tpr_shadow vnmi flexpriority ept vpid xsaveopt
bugs		:
bogomips	: 4789.25
clflush size	: 64
cache_alignment	: 64
address sizes	: 36 bits physical, 48 bits virtual
power management:

processor	: 2
vendor_id	: GenuineIntel
cpu family	: 6
model		: 42
model name	: Intel(R) Core(TM) i5-2430M CPU @ 2.40GHz
stepping	: 7
microcode	: 0x1a
cpu MHz		: 2299.968
cache size	: 3072 KB
physical id	: 0
siblings	: 4
core id		: 1
cpu cores	: 2
apicid		: 2
initial apicid	: 2
fpu		: yes
fpu_exception	: yes
cpuid level	: 13
wp		: yes
flags		: fpu vme de pse tsc msr pae mce cx8 apic sep mtrr pge mca cmov pat pse36 clflush dts acpi mmx fxsr sse sse2 ss ht tm pbe syscall nx rdtscp lm constant_tsc arch_perfmon pebs bts rep_good nopl xtopology nonstop_tsc aperfmperf eagerfpu pni pclmulqdq dtes64 monitor ds_cpl vmx est tm2 ssse3 cx16 xtpr pdcm pcid sse4_1 sse4_2 x2apic popcnt tsc_deadline_timer aes xsave avx lahf_lm ida arat epb pln pts dtherm tpr_shadow vnmi flexpriority ept vpid xsaveopt
bugs		:
bogomips	: 4789.25
clflush size	: 64
cache_alignment	: 64
address sizes	: 36 bits physical, 48 bits virtual
power management:

processor	: 3
vendor_id	: GenuineIntel
cpu family	: 6
model		: 42
model name	: Intel(R) Core(TM) i5-2430M CPU @ 2.40GHz
stepping	: 7
microcode	: 0x1a
cpu MHz		: 2299.968
cache size	: 3072 KB
physical id	: 0
siblings	: 4
core id		: 1
cpu cores	: 2
apicid		: 3
initial apicid	: 3
fpu		: yes
fpu_exception	: yes
cpuid level	: 13
wp		: yes
flags		: fpu vme de pse tsc msr pae mce cx8 apic sep mtrr pge mca cmov pat pse36 clflush dts acpi mmx fxsr sse sse2 ss ht tm pbe syscall nx rdtscp lm constant_tsc arch_perfmon pebs bts rep_good nopl xtopology nonstop_tsc aperfmperf eagerfpu pni pclmulqdq dtes64 monitor ds_cpl vmx est tm2 ssse3 cx16 xtpr pdcm pcid sse4_1 sse4_2 x2apic popcnt tsc_deadline_timer aes xsave avx lahf_lm ida arat epb pln pts dtherm tpr_shadow vnmi flexpriority ept vpid xsaveopt
bugs		:
bogomips	: 4789.25
clflush size	: 64
cache_alignment	: 64
address sizes	: 36 bits physical, 48 bits virtual
power management:



Memory: 4k page, physical 5961092k(3162144k free), swap 6137852k(6130408k free)

vm_info: Java HotSpot(TM) 64-Bit Server VM (25.91-b14) for linux-amd64 JRE (1.8.0_91-b14), built on Apr  1 2016 00:57:21 by "java_re" with gcc 4.3.0 20080428 (Red Hat 4.3.0-8)

time: Wed Feb 15 09:45:36 2017
elapsed time: 20198 seconds (0d 5h 36m 38s)

