#
# A fatal error has been detected by the Java Runtime Environment:
#
#  SIGSEGV (0xb) at pc=0x00007f3c110696ba, pid=2977, tid=139894970799872
#
# JRE version: Java(TM) SE Runtime Environment (8.0_91-b14) (build 1.8.0_91-b14)
# Java VM: Java HotSpot(TM) 64-Bit Server VM (25.91-b14 mixed mode linux-amd64 compressed oops)
# Problematic frame:
# v  ~BufferBlob::jni_fast_GetLongField
#
# Failed to write core dump. Core dumps have been disabled. To enable core dumping, try "ulimit -c unlimited" before starting Java again
#
# If you would like to submit a bug report, please visit:
#   http://bugreport.java.com/bugreport/crash.jsp
# The crash happened outside the Java Virtual Machine in native code.
# See problematic frame for where to report the bug.
#

---------------  T H R E A D  ---------------

Current thread (0x00007f3c2022d800):  JavaThread "AWT-XAWT" daemon [_thread_in_native, id=2998, stack(0x00007f3bd5fa5000,0x00007f3bd60a6000)]

siginfo: si_signo: 11 (SIGSEGV), si_code: 1 (SEGV_MAPERR), si_addr: 0x0000000000000000

Registers:
RAX=0x00007f3c27cfed00, RBX=0x00007f3c2022d9f8, RCX=0x00007f3c28762320, RDX=0x0000000000000042
RSP=0x00007f3bd60a4478, RBP=0x00007f3bd60a44a0, RSI=0x0000000000000000, RDI=0x00007f3c2022d9f8
R8 =0x00000000e1d7b638, R9 =0x0000000000000000, R10=0x0000000000000040, R11=0x00007f3c112b95d8
R12=0x00007f3bc00459a0, R13=0x0000000000000000, R14=0x00007f3bd7d2d7e0, R15=0x00007f3c2022d800
RIP=0x00007f3c110696ba, EFLAGS=0x0000000000010246, CSGSFS=0x0000000000000033, ERR=0x0000000000000004
  TRAPNO=0x000000000000000e

Top of Stack: (sp=0x00007f3bd60a4478)
0x00007f3bd60a4478:   00007f3bd7b0bef1 00007f3c2467fee0
0x00007f3bd60a4488:   00007f3bc00459a0 00007f3bd60a4550
0x00007f3bd60a4498:   00007f3bd60a4520 0000000000000000
0x00007f3bd60a44a8:   00007f3bd75efae8 00007f3c2467fee0
0x00007f3bd60a44b8:   00007f3bd60a44e0 0000000000000000
0x00007f3bd60a44c8:   00007f3bd75e79a3 00007f3bd60a4550
0x00007f3bd60a44d8:   00007f3bd7b0512f 00007f3bd60a4530
0x00007f3bd60a44e8:   00007f3c112b9676 0000000000000000
0x00007f3bd60a44f8:   00007f3c11279f76 00007f3bd60a4550
0x00007f3bd60a4508:   00007f3c1116422c 00000000e1e4acb8
0x00007f3bd60a4518:   00007f3c112d65b8 00000000e1d8edb8
0x00007f3bd60a4528:   00000000e1dc4ef0 00007f3bd60a45b0
0x00007f3bd60a4538:   00007f3c11007a90 00007f3bd60a45b0
0x00007f3bd60a4548:   00007f3c11007a90 0000000000000000
0x00007f3bd60a4558:   00007f3c11007dd0 00007f3bc8000e30
0x00007f3bd60a4568:   00000000e1e4acb8 00007f3bd60a4570
0x00007f3bd60a4578:   00007f3c2479719c 00007f3bd60a45f8
0x00007f3bd60a4588:   00007f3c247a1428 0000000000000000
0x00007f3bd60a4598:   00007f3c247972d8 00007f3bd60a4550
0x00007f3bd60a45a8:   00007f3bd60a45f0 00007f3bd60a4640
0x00007f3bd60a45b8:   00007f3c110082bd 0000000000000000
0x00007f3bd60a45c8:   00000000e1ed2b20 00000000e1d81758
0x00007f3bd60a45d8:   0000000000000000 0000000000000000
0x00007f3bd60a45e8:   00000000e1e4acb8 0000000000000000
0x00007f3bd60a45f8:   00000000e1dc5a30 00007f3bd60a4600
0x00007f3bd60a4608:   00007f3c24796fdd 00007f3bd60a4650
0x00007f3bd60a4618:   00007f3c247a1428 0000000000000000
0x00007f3bd60a4628:   00007f3c24796fe8 00007f3bd60a45f0
0x00007f3bd60a4638:   00007f3bd60a4650 00007f3bd60a4698
0x00007f3bd60a4648:   00007f3c11008302 00000000e1dc5a30
0x00007f3bd60a4658:   00007f3bd60a4658 00007f3c242b98db
0x00007f3bd60a4668:   00007f3bd60a46a8 00007f3c24340dd8 

Instructions: (pc=0x00007f3c110696ba)
0x00007f3c1106969a:   00 00 00 00 00 00 44 8b 15 01 4c cd 16 4c 8b ce
0x00007f3c110696aa:   41 f6 c2 01 0f 85 2e 00 00 00 4d 33 ca 4d 33 ca
0x00007f3c110696ba:   4d 8b 09 4c 8b da 49 c1 eb 02 4b 8b 04 19 49 bb
0x00007f3c110696ca:   a8 e2 d3 27 3c 7f 00 00 4c 33 d8 4c 33 d8 45 3b 

Register to memory mapping:

RAX=0x00007f3c27cfed00: <offset 0xf77d00> in /usr/lib/jvm/java-8-oracle/jre/lib/amd64/server/libjvm.so at 0x00007f3c26d87000
RBX=0x00007f3c2022d9f8 is an unknown value
RCX=0x00007f3c28762320: <offset 0x219320> in /lib/x86_64-linux-gnu/libpthread.so.0 at 0x00007f3c28549000
RDX=0x0000000000000042 is an unknown value
RSP=0x00007f3bd60a4478 is pointing into the stack for thread: 0x00007f3c2022d800
RBP=0x00007f3bd60a44a0 is pointing into the stack for thread: 0x00007f3c2022d800
RSI=0x0000000000000000 is an unknown value
RDI=0x00007f3c2022d9f8 is an unknown value
R8 =0x00000000e1d7b638 is an oop
sun.util.logging.PlatformLogger$Level 
 - klass: 'sun/util/logging/PlatformLogger$Level'
R9 =0x0000000000000000 is an unknown value
R10=0x0000000000000040 is an unknown value
R11=0x00007f3c112b95d8 is at entry_point+24 in (nmethod*)0x00007f3c112b9450
R12=0x00007f3bc00459a0 is an unknown value
R13=0x0000000000000000 is an unknown value
R14=0x00007f3bd7d2d7e0: <offset 0x2587e0> in /usr/lib/jvm/java-8-oracle/jre/lib/amd64/libawt_xawt.so at 0x00007f3bd7ad5000
R15=0x00007f3c2022d800 is a thread


Stack: [0x00007f3bd5fa5000,0x00007f3bd60a6000],  sp=0x00007f3bd60a4478,  free space=1021k
Native frames: (J=compiled Java code, j=interpreted, Vv=VM code, C=native code)
v  ~BufferBlob::jni_fast_GetLongField
C  [libX11.so.6+0x61ae8]  _XimServerDestroy+0x58

Java frames: (J=compiled Java code, j=interpreted, Vv=VM code)
J 794  sun.awt.X11.XlibWrapper.XFilterEvent(JJ)Z (0 bytes) @ 0x00007f3c112b9604 [0x00007f3c112b95c0+0x44]
j  sun.awt.X11.XToolkit.run(Z)V+300
j  sun.awt.X11.XToolkit.run()V+5
j  java.lang.Thread.run()V+11
v  ~StubRoutines::call_stub

---------------  P R O C E S S  ---------------

Java Threads: ( => current thread )
  0x00007f3bc0049800 JavaThread "XToolkt-Shutdown-Thread" [_thread_blocked, id=9984, stack(0x00007f3bd5ea4000,0x00007f3bd5fa5000)]
  0x00007f3be8001000 JavaThread "SIGTERM handler" daemon [_thread_blocked, id=9975, stack(0x00007f3bd5da3000,0x00007f3bd5ea4000)]
  0x00007f3c202b8800 JavaThread "Direct Clip" daemon [_thread_blocked, id=3017, stack(0x00007f3bbd92c000,0x00007f3bbda2d000)]
  0x00007f3c202b2800 JavaThread "Direct Clip" daemon [_thread_blocked, id=3014, stack(0x00007f3bbe22e000,0x00007f3bbe32f000)]
  0x00007f3c202aa800 JavaThread "Direct Clip" daemon [_thread_blocked, id=3011, stack(0x00007f3bbeb30000,0x00007f3bbec31000)]
  0x00007f3c2029d000 JavaThread "Java Sound Event Dispatcher" daemon [_thread_blocked, id=3009, stack(0x00007f3bd40f6000,0x00007f3bd41f7000)]
  0x00007f3c20275800 JavaThread "Счетчик" [_thread_blocked, id=3001, stack(0x00007f3bd5ca2000,0x00007f3bd5da3000)]
=>0x00007f3c2022d800 JavaThread "AWT-XAWT" daemon [_thread_in_native, id=2998, stack(0x00007f3bd5fa5000,0x00007f3bd60a6000)]
  0x00007f3c2020b000 JavaThread "Java2D Disposer" daemon [_thread_blocked, id=2997, stack(0x00007f3c0c0a2000,0x00007f3c0c1a3000)]
  0x00007f3c200c8000 JavaThread "Service Thread" daemon [_thread_blocked, id=2995, stack(0x00007f3c0c2a4000,0x00007f3c0c3a5000)]
  0x00007f3c200bd000 JavaThread "C1 CompilerThread2" daemon [_thread_blocked, id=2994, stack(0x00007f3c0c3a5000,0x00007f3c0c4a6000)]
  0x00007f3c200bb000 JavaThread "C2 CompilerThread1" daemon [_thread_blocked, id=2993, stack(0x00007f3c0c4a6000,0x00007f3c0c5a7000)]
  0x00007f3c200b8000 JavaThread "C2 CompilerThread0" daemon [_thread_blocked, id=2992, stack(0x00007f3c0c5a7000,0x00007f3c0c6a8000)]
  0x00007f3c200b7000 JavaThread "Signal Dispatcher" daemon [_thread_blocked, id=2991, stack(0x00007f3c0c6a8000,0x00007f3c0c7a9000)]
  0x00007f3c20084000 JavaThread "Finalizer" daemon [_thread_blocked, id=2990, stack(0x00007f3c0cfbc000,0x00007f3c0d0bd000)]
  0x00007f3c2007f000 JavaThread "Reference Handler" daemon [_thread_blocked, id=2989, stack(0x00007f3c0d0bd000,0x00007f3c0d1be000)]
  0x00007f3c20009800 JavaThread "main" [_thread_blocked, id=2982, stack(0x00007f3c28861000,0x00007f3c28962000)]

Other Threads:
  0x00007f3c20077800 VMThread [stack: 0x00007f3c0d1be000,0x00007f3c0d2bf000] [id=2988]
  0x00007f3c200cb000 WatcherThread [stack: 0x00007f3c0c1a3000,0x00007f3c0c2a4000] [id=2996]

VM state:not at safepoint (normal execution)

VM Mutex/Monitor currently owned by a thread: None

Heap:
 PSYoungGen      total 27648K, used 18727K [0x00000000e1b00000, 0x00000000e3980000, 0x0000000100000000)
  eden space 24064K, 77% used [0x00000000e1b00000,0x00000000e2d49e70,0x00000000e3280000)
  from space 3584K, 0% used [0x00000000e3600000,0x00000000e3600000,0x00000000e3980000)
  to   space 3584K, 0% used [0x00000000e3280000,0x00000000e3280000,0x00000000e3600000)
 ParOldGen       total 62976K, used 41836K [0x00000000a5000000, 0x00000000a8d80000, 0x00000000e1b00000)
  object space 62976K, 66% used [0x00000000a5000000,0x00000000a78db2d0,0x00000000a8d80000)
 Metaspace       used 10334K, capacity 10540K, committed 10752K, reserved 1058816K
  class space    used 1168K, capacity 1256K, committed 1280K, reserved 1048576K

Card table byte_map: [0x00007f3c2534e000,0x00007f3c25627000] byte_map_base: 0x00007f3c24e26000

Marking Bits: (ParMarkBitMap*) 0x00007f3c27d3dd60
 Begin Bits: [0x00007f3c0e280000, 0x00007f3c0f940000)
 End Bits:   [0x00007f3c0f940000, 0x00007f3c11000000)

Polling page: 0x00007f3c28986000

CodeCache: size=245760Kb used=2999Kb max_used=3012Kb free=242760Kb
 bounds [0x00007f3c11000000, 0x00007f3c11300000, 0x00007f3c20000000]
 total_blobs=1352 nmethods=851 adapters=415
 compilation: enabled

Compilation events (10 events):
Event: 15335,802 Thread 0x00007f3c200b8000  847   !   4       sun.awt.X11.XToolkit::windowToXWindow (27 bytes)
Event: 15335,818 Thread 0x00007f3c200bb000  848       4       java.lang.Thread::isInterrupted (6 bytes)
Event: 15335,819 Thread 0x00007f3c200bb000 nmethod 848 0x00007f3c112e3cd0 code [0x00007f3c112e3e20, 0x00007f3c112e3ec8]
Event: 15335,824 Thread 0x00007f3c200b8000 nmethod 847 0x00007f3c112ea750 code [0x00007f3c112ea8e0, 0x00007f3c112eae18]
Event: 15840,948 Thread 0x00007f3c200bb000  849   !   4       java.util.Vector$Itr::next (63 bytes)
Event: 15840,953 Thread 0x00007f3c200bb000 nmethod 849 0x00007f3c112e1050 code [0x00007f3c112e11a0, 0x00007f3c112e14f8]
Event: 15846,381 Thread 0x00007f3c200b8000  850       4       java.lang.Long::hashCode (8 bytes)
Event: 15846,382 Thread 0x00007f3c200b8000 nmethod 850 0x00007f3c112d6a90 code [0x00007f3c112d6be0, 0x00007f3c112d6c58]
Event: 15985,684 Thread 0x00007f3c200bb000  851   !   4       com.sun.media.sound.EventDispatcher::dispatchEvents (146 bytes)
Event: 15985,699 Thread 0x00007f3c200bb000 nmethod 851 0x00007f3c112e5e90 code [0x00007f3c112e6060, 0x00007f3c112e6a58]

GC Heap History (0 events):
No events

Deoptimization events (1 events):
Event: 1,324 Thread 0x00007f3c20273000 Uncommon trap: reason=unstable_if action=reinterpret pc=0x00007f3c11205520 method=java.lang.CharacterData.of(I)Ljava/lang/CharacterData; @ 4

Internal exceptions (10 events):
Event: 0,049 Thread 0x00007f3c20009800 Exception <a 'java/lang/NoSuchMethodError': Method sun.misc.Unsafe.prefetchRead(Ljava/lang/Object;J)V name or signature does not match> (0x00000000e1b07fa8) thrown at [/HUDSON/workspace/8-2-build-linux-amd64/jdk8u91/6644/hotspot/src/share/vm/prims/jni.cpp
Event: 0,119 Thread 0x00007f3c20009800 Exception <a 'java/security/PrivilegedActionException'> (0x00000000e1bf2028) thrown at [/HUDSON/workspace/8-2-build-linux-amd64/jdk8u91/6644/hotspot/src/share/vm/prims/jvm.cpp, line 1386]
Event: 0,119 Thread 0x00007f3c20009800 Exception <a 'java/security/PrivilegedActionException'> (0x00000000e1bf2238) thrown at [/HUDSON/workspace/8-2-build-linux-amd64/jdk8u91/6644/hotspot/src/share/vm/prims/jvm.cpp, line 1386]
Event: 0,120 Thread 0x00007f3c20009800 Exception <a 'java/security/PrivilegedActionException'> (0x00000000e1bf4678) thrown at [/HUDSON/workspace/8-2-build-linux-amd64/jdk8u91/6644/hotspot/src/share/vm/prims/jvm.cpp, line 1386]
Event: 0,120 Thread 0x00007f3c20009800 Exception <a 'java/security/PrivilegedActionException'> (0x00000000e1bf4888) thrown at [/HUDSON/workspace/8-2-build-linux-amd64/jdk8u91/6644/hotspot/src/share/vm/prims/jvm.cpp, line 1386]
Event: 0,166 Thread 0x00007f3c20009800 Exception <a 'java/lang/NoSuchFieldError': method resolution failed> (0x00000000e1cc7510) thrown at [/HUDSON/workspace/8-2-build-linux-amd64/jdk8u91/6644/hotspot/src/share/vm/prims/methodHandles.cpp, line 1146]
Event: 0,168 Thread 0x00007f3c20009800 Exception <a 'java/lang/NoSuchFieldError': method resolution failed> (0x00000000e1cd4ce0) thrown at [/HUDSON/workspace/8-2-build-linux-amd64/jdk8u91/6644/hotspot/src/share/vm/prims/methodHandles.cpp, line 1146]
Event: 0,191 Thread 0x00007f3c20009800 Exception <a 'java/io/FileNotFoundException'> (0x00000000e1d540b8) thrown at [/HUDSON/workspace/8-2-build-linux-amd64/jdk8u91/6644/hotspot/src/share/vm/prims/jni.cpp, line 709]
Event: 0,191 Thread 0x00007f3c20009800 Exception <a 'java/io/FileNotFoundException'> (0x00000000e1d54a78) thrown at [/HUDSON/workspace/8-2-build-linux-amd64/jdk8u91/6644/hotspot/src/share/vm/prims/jni.cpp, line 709]
Event: 0,500 Thread 0x00007f3c20273000 Exception <a 'java/lang/UnsupportedOperationException': > (0x00000000e20a26b8) thrown at [/HUDSON/workspace/8-2-build-linux-amd64/jdk8u91/6644/hotspot/src/share/vm/prims/jni.cpp, line 735]

Events (10 events):
Event: 5,012 loading class sun/awt/AWTAutoShutdown$1 done
Event: 5,012 Thread 0x00007f3c2026b000 Thread exited: 0x00007f3c2026b000
Event: 5,012 Thread 0x00007f3c20273000 Thread exited: 0x00007f3c20273000
Event: 1273,070 loading class sun/awt/X11/XkbEvent
Event: 1273,071 loading class sun/awt/X11/XkbEvent done
Event: 1273,071 loading class sun/awt/X11/XkbAnyEvent
Event: 1273,071 loading class sun/awt/X11/XkbAnyEvent done
Event: 20097,639 loading class sun/awt/X11/XDestroyWindowEvent
Event: 20098,393 loading class sun/awt/X11/XDestroyWindowEvent done
Event: 20100,441 loading class sun/misc/Signal$1


Dynamic libraries:
00400000-00401000 r-xp 00000000 08:01 42733239                           /usr/lib/jvm/java-8-oracle/bin/java
00600000-00601000 rw-p 00000000 08:01 42733239                           /usr/lib/jvm/java-8-oracle/bin/java
00cfb000-00d1c000 rw-p 00000000 00:00 0                                  [heap]
a5000000-a8d80000 rw-p 00000000 00:00 0 
a8d80000-e1b00000 ---p 00000000 00:00 0 
e1b00000-e3980000 rw-p 00000000 00:00 0 
e3980000-100000000 ---p 00000000 00:00 0 
100000000-100140000 rw-p 00000000 00:00 0 
100140000-140000000 ---p 00000000 00:00 0 
7f3b80000000-7f3b80021000 rw-p 00000000 00:00 0 
7f3b80021000-7f3b84000000 ---p 00000000 00:00 0 
7f3b88000000-7f3b88021000 rw-p 00000000 00:00 0 
7f3b88021000-7f3b8c000000 ---p 00000000 00:00 0 
7f3b8ffff000-7f3b94000000 rw-s 00000000 00:16 19                         /run/shm/pulse-shm-65901703
7f3b94000000-7f3b94021000 rw-p 00000000 00:00 0 
7f3b94021000-7f3b98000000 ---p 00000000 00:00 0 
7f3b98000000-7f3b98021000 rw-p 00000000 00:00 0 
7f3b98021000-7f3b9c000000 ---p 00000000 00:00 0 
7f3b9c000000-7f3b9c159000 rw-p 00000000 00:00 0 
7f3b9c159000-7f3ba0000000 ---p 00000000 00:00 0 
7f3ba3fff000-7f3ba8000000 rw-s 00000000 00:16 18                         /run/shm/pulse-shm-3167987905
7f3ba8000000-7f3ba8021000 rw-p 00000000 00:00 0 
7f3ba8021000-7f3bac000000 ---p 00000000 00:00 0 
7f3baffff000-7f3bb4000000 rw-s 00000000 00:16 17                         /run/shm/pulse-shm-3270030813
7f3bb4000000-7f3bb4021000 rw-p 00000000 00:00 0 
7f3bb4021000-7f3bb8000000 ---p 00000000 00:00 0 
7f3bbaad7000-7f3bbaad8000 ---p 00000000 00:00 0 
7f3bbaad8000-7f3bbb2d8000 rw-p 00000000 00:00 0                          [stack:3010]
7f3bbd6e0000-7f3bbd6fb000 r--s 00000000 08:01 43649651                   /usr/share/fonts/type1/gsfonts/c059016l.pfb
7f3bbd6fb000-7f3bbd716000 r--s 00000000 08:01 43649717                   /usr/share/fonts/type1/gsfonts/p052023l.pfb
7f3bbd716000-7f3bbd728000 r--s 00000000 08:01 43649675                   /usr/share/fonts/type1/gsfonts/n019043l.pfb
7f3bbd728000-7f3bbd739000 r--s 00000000 08:01 43649681                   /usr/share/fonts/type1/gsfonts/n019063l.pfb
7f3bbd739000-7f3bbd74b000 r--s 00000000 08:01 43649678                   /usr/share/fonts/type1/gsfonts/n019044l.pfb
7f3bbd74b000-7f3bbd766000 r--s 00000000 08:01 43649714                   /usr/share/fonts/type1/gsfonts/p052004l.pfb
7f3bbd766000-7f3bbd770000 r--s 00000000 08:01 43648922                   /usr/share/fonts/X11/Type1/c0419bt_.pfb
7f3bbd770000-7f3bbd781000 r--s 00000000 08:01 43649669                   /usr/share/fonts/type1/gsfonts/n019023l.pfb
7f3bbd781000-7f3bbd791000 r--s 00000000 08:01 43649624                   /usr/share/fonts/type1/gsfonts/a010013l.pfb
7f3bbd791000-7f3bbd7aa000 r--s 00000000 08:01 43649636                   /usr/share/fonts/type1/gsfonts/b018012l.pfb
7f3bbd7aa000-7f3bbd7c0000 r--s 00000000 08:01 43649708                   /usr/share/fonts/type1/gsfonts/n022024l.pfb
7f3bbd7c0000-7f3bbd7cc000 r--s 00000000 08:01 43649660                   /usr/share/fonts/type1/gsfonts/d050000l.pfb
7f3bbd7cc000-7f3bbd7dd000 r--s 00000000 08:01 43649672                   /usr/share/fonts/type1/gsfonts/n019024l.pfb
7f3bbd7dd000-7f3bbd7ed000 r--s 00000000 08:01 43649627                   /usr/share/fonts/type1/gsfonts/a010015l.pfb
7f3bbd7ed000-7f3bbd806000 r--s 00000000 08:01 43649702                   /usr/share/fonts/type1/gsfonts/n022004l.pfb
7f3bbd806000-7f3bbd81d000 r--s 00000000 08:01 43649726                   /usr/share/fonts/type1/gsfonts/z003034l.pfb
7f3bbd81d000-7f3bbd834000 r--s 00000000 08:01 43649693                   /usr/share/fonts/type1/gsfonts/n021023l.pfb
7f3bbd834000-7f3bbd844000 r--s 00000000 08:01 43649630                   /usr/share/fonts/type1/gsfonts/a010033l.pfb
7f3bbd844000-7f3bbd857000 r--s 00000000 08:01 43649684                   /usr/share/fonts/type1/gsfonts/n019064l.pfb
7f3bbd857000-7f3bbd86f000 r--s 00000000 08:01 43649657                   /usr/share/fonts/type1/gsfonts/c059036l.pfb
7f3bbd86f000-7f3bbd879000 r--s 00000000 08:01 43648924                   /usr/share/fonts/X11/Type1/c0582bt_.pfb
7f3bbd879000-7f3bbd891000 r--s 00000000 08:01 43649699                   /usr/share/fonts/type1/gsfonts/n022003l.pfb
7f3bbd891000-7f3bbd8a6000 r--s 00000000 08:01 43649642                   /usr/share/fonts/type1/gsfonts/b018032l.pfb
7f3bbd8a6000-7f3bbd8bf000 r--s 00000000 08:01 43649687                   /usr/share/fonts/type1/gsfonts/n021003l.pfb
7f3bbd8bf000-7f3bbd8d0000 r--s 00000000 08:01 43649633                   /usr/share/fonts/type1/gsfonts/a010035l.pfb
7f3bbd8d0000-7f3bbd8d9000 r--s 00000000 08:01 43648930                   /usr/share/fonts/X11/Type1/c0632bt_.pfb
7f3bbd8d9000-7f3bbd8e2000 r--s 00000000 08:01 43648932                   /usr/share/fonts/X11/Type1/c0633bt_.pfb
7f3bbd8e2000-7f3bbd8ec000 r--s 00000000 08:01 43648928                   /usr/share/fonts/X11/Type1/c0611bt_.pfb
7f3bbd8ec000-7f3bbd908000 r--s 00000000 08:01 43649720                   /usr/share/fonts/type1/gsfonts/p052024l.pfb
7f3bbd908000-7f3bbd912000 r--s 00000000 08:01 43648926                   /usr/share/fonts/X11/Type1/c0583bt_.pfb
7f3bbd912000-7f3bbd92c000 r--s 00000000 08:01 43649648                   /usr/share/fonts/type1/gsfonts/c059013l.pfb
7f3bbd92c000-7f3bbd92f000 ---p 00000000 00:00 0 
7f3bbd92f000-7f3bbda2d000 rw-p 00000000 00:00 0                          [stack:3017]
7f3bbda2d000-7f3bbda2e000 ---p 00000000 00:00 0 
7f3bbda2e000-7f3bbe22e000 rw-p 00000000 00:00 0                          [stack:3016]
7f3bbe22e000-7f3bbe231000 ---p 00000000 00:00 0 
7f3bbe231000-7f3bbe32f000 rw-p 00000000 00:00 0                          [stack:3014]
7f3bbe32f000-7f3bbe330000 ---p 00000000 00:00 0 
7f3bbe330000-7f3bbeb30000 rw-p 00000000 00:00 0                          [stack:3013]
7f3bbeb30000-7f3bbeb33000 ---p 00000000 00:00 0 
7f3bbeb33000-7f3bbec31000 rw-p 00000000 00:00 0                          [stack:3011]
7f3bbec31000-7f3bbec9a000 r-xp 00000000 08:01 42996842                   /usr/lib/jvm/java-8-oracle/jre/lib/amd64/libt2k.so
7f3bbec9a000-7f3bbee9a000 ---p 00069000 08:01 42996842                   /usr/lib/jvm/java-8-oracle/jre/lib/amd64/libt2k.so
7f3bbee9a000-7f3bbeea1000 rw-p 00069000 08:01 42996842                   /usr/lib/jvm/java-8-oracle/jre/lib/amd64/libt2k.so
7f3bbeea1000-7f3bbeeb1000 rw-p 00000000 00:00 0 
7f3bbeeb1000-7f3bbeec2000 r-xp 00000000 08:01 42997279                   /usr/lib/jvm/java-8-oracle/jre/lib/amd64/libnio.so
7f3bbeec2000-7f3bbf0c1000 ---p 00011000 08:01 42997279                   /usr/lib/jvm/java-8-oracle/jre/lib/amd64/libnio.so
7f3bbf0c1000-7f3bbf0c2000 rw-p 00010000 08:01 42997279                   /usr/lib/jvm/java-8-oracle/jre/lib/amd64/libnio.so
7f3bbf0c2000-7f3bbf0d8000 r-xp 00000000 08:01 42996844                   /usr/lib/jvm/java-8-oracle/jre/lib/amd64/libnet.so
7f3bbf0d8000-7f3bbf2d8000 ---p 00016000 08:01 42996844                   /usr/lib/jvm/java-8-oracle/jre/lib/amd64/libnet.so
7f3bbf2d8000-7f3bbf2d9000 rw-p 00016000 08:01 42996844                   /usr/lib/jvm/java-8-oracle/jre/lib/amd64/libnet.so
7f3bbf2d9000-7f3bbf2df000 r-xp 00000000 08:01 42992160                   /usr/lib/x86_64-linux-gnu/alsa-lib/libasound_module_pcm_pulse.so
7f3bbf2df000-7f3bbf4de000 ---p 00006000 08:01 42992160                   /usr/lib/x86_64-linux-gnu/alsa-lib/libasound_module_pcm_pulse.so
7f3bbf4de000-7f3bbf4df000 r--p 00005000 08:01 42992160                   /usr/lib/x86_64-linux-gnu/alsa-lib/libasound_module_pcm_pulse.so
7f3bbf4df000-7f3bbf4e0000 rw-p 00006000 08:01 42992160                   /usr/lib/x86_64-linux-gnu/alsa-lib/libasound_module_pcm_pulse.so
7f3bbf4e0000-7f3bbf4f7000 r-xp 00000000 08:01 266593                     /lib/x86_64-linux-gnu/libresolv-2.19.so
7f3bbf4f7000-7f3bbf6f7000 ---p 00017000 08:01 266593                     /lib/x86_64-linux-gnu/libresolv-2.19.so
7f3bbf6f7000-7f3bbf6f8000 r--p 00017000 08:01 266593                     /lib/x86_64-linux-gnu/libresolv-2.19.so
7f3bbf6f8000-7f3bbf6f9000 rw-p 00018000 08:01 266593                     /lib/x86_64-linux-gnu/libresolv-2.19.so
7f3bbf6f9000-7f3bbf6fb000 rw-p 00000000 00:00 0 
7f3bbf6fb000-7f3bbf702000 r-xp 00000000 08:01 42606699                   /usr/lib/x86_64-linux-gnu/libogg.so.0.8.1
7f3bbf702000-7f3bbf902000 ---p 00007000 08:01 42606699                   /usr/lib/x86_64-linux-gnu/libogg.so.0.8.1
7f3bbf902000-7f3bbf903000 r--p 00007000 08:01 42606699                   /usr/lib/x86_64-linux-gnu/libogg.so.0.8.1
7f3bbf903000-7f3bbf904000 rw-p 00008000 08:01 42606699                   /usr/lib/x86_64-linux-gnu/libogg.so.0.8.1
7f3bbf904000-7f3bbf930000 r-xp 00000000 08:01 42606971                   /usr/lib/x86_64-linux-gnu/libvorbis.so.0.4.5
7f3bbf930000-7f3bbfb2f000 ---p 0002c000 08:01 42606971                   /usr/lib/x86_64-linux-gnu/libvorbis.so.0.4.5
7f3bbfb2f000-7f3bbfb30000 r--p 0002b000 08:01 42606971                   /usr/lib/x86_64-linux-gnu/libvorbis.so.0.4.5
7f3bbfb30000-7f3bbfb31000 rw-p 0002c000 08:01 42606971                   /usr/lib/x86_64-linux-gnu/libvorbis.so.0.4.5
7f3bbfb31000-7f3bbfde4000 r-xp 00000000 08:01 42606973                   /usr/lib/x86_64-linux-gnu/libvorbisenc.so.2.0.8
7f3bbfde4000-7f3bbffe3000 ---p 002b3000 08:01 42606973                   /usr/lib/x86_64-linux-gnu/libvorbisenc.so.2.0.8
7f3bbffe3000-7f3bbffff000 r--p 002b2000 08:01 42606973                   /usr/lib/x86_64-linux-gnu/libvorbisenc.so.2.0.8
7f3bbffff000-7f3bc0000000 rw-p 002ce000 08:01 42606973                   /usr/lib/x86_64-linux-gnu/libvorbisenc.so.2.0.8
7f3bc0000000-7f3bc031a000 rw-p 00000000 00:00 0 
7f3bc031a000-7f3bc4000000 ---p 00000000 00:00 0 
7f3bc4000000-7f3bc4021000 rw-p 00000000 00:00 0 
7f3bc4021000-7f3bc8000000 ---p 00000000 00:00 0 
7f3bc8000000-7f3bc8031000 rw-p 00000000 00:00 0 
7f3bc8031000-7f3bcc000000 ---p 00000000 00:00 0 
7f3bcc000000-7f3bcc021000 rw-p 00000000 00:00 0 
7f3bcc021000-7f3bd0000000 ---p 00000000 00:00 0 
7f3bd0000000-7f3bd0021000 rw-p 00000000 00:00 0 
7f3bd0021000-7f3bd4000000 ---p 00000000 00:00 0 
7f3bd4003000-7f3bd401e000 r--s 00000000 08:01 43649711                   /usr/share/fonts/type1/gsfonts/p052003l.pfb
7f3bd401e000-7f3bd4031000 r--s 00000000 08:01 43649639                   /usr/share/fonts/type1/gsfonts/b018015l.pfb
7f3bd4031000-7f3bd4049000 r--s 00000000 08:01 43649654                   /usr/share/fonts/type1/gsfonts/c059033l.pfb
7f3bd4049000-7f3bd405f000 r--s 00000000 08:01 43649696                   /usr/share/fonts/type1/gsfonts/n021024l.pfb
7f3bd405f000-7f3bd4071000 r--s 00000000 08:01 43649666                   /usr/share/fonts/type1/gsfonts/n019004l.pfb
7f3bd4071000-7f3bd407a000 r--s 00000000 08:01 43649723                   /usr/share/fonts/type1/gsfonts/s050000l.pfb
7f3bd407a000-7f3bd408e000 r--s 00000000 08:01 43649663                   /usr/share/fonts/type1/gsfonts/n019003l.pfb
7f3bd408e000-7f3bd40a0000 r--s 00000000 08:01 43649645                   /usr/share/fonts/type1/gsfonts/b018035l.pfb
7f3bd40a0000-7f3bd40a9000 r--s 00000000 08:01 43648934                   /usr/share/fonts/X11/Type1/c0648bt_.pfb
7f3bd40a9000-7f3bd40c2000 r--s 00000000 08:01 43649690                   /usr/share/fonts/type1/gsfonts/n021004l.pfb
7f3bd40c2000-7f3bd40cb000 r--s 00000000 08:01 43648936                   /usr/share/fonts/X11/Type1/c0649bt_.pfb
7f3bd40cb000-7f3bd40d5000 r--s 00000000 08:01 43649729                   /usr/share/fonts/type1/mathml/Symbol.pfb
7f3bd40d5000-7f3bd40eb000 r--s 00000000 08:01 43649705                   /usr/share/fonts/type1/gsfonts/n022023l.pfb
7f3bd40eb000-7f3bd40f6000 r--s 00000000 08:01 26869849                   /var/cache/fontconfig/945677eb7aeaf62f1d50efc3fb3ec7d8-le64.cache-4
7f3bd40f6000-7f3bd40f9000 ---p 00000000 00:00 0 
7f3bd40f9000-7f3bd41f7000 rw-p 00000000 00:00 0                          [stack:3009]
7f3bd41f7000-7f3bd4227000 r-xp 00000000 08:01 42605834                   /usr/lib/x86_64-linux-gnu/libFLAC.so.8.3.0
7f3bd4227000-7f3bd4426000 ---p 00030000 08:01 42605834                   /usr/lib/x86_64-linux-gnu/libFLAC.so.8.3.0
7f3bd4426000-7f3bd4427000 r--p 0002f000 08:01 42605834                   /usr/lib/x86_64-linux-gnu/libFLAC.so.8.3.0
7f3bd4427000-7f3bd4428000 rw-p 00030000 08:01 42605834                   /usr/lib/x86_64-linux-gnu/libFLAC.so.8.3.0
7f3bd4428000-7f3bd442d000 r-xp 00000000 08:01 42606068                   /usr/lib/x86_64-linux-gnu/libasyncns.so.0.3.1
7f3bd442d000-7f3bd462c000 ---p 00005000 08:01 42606068                   /usr/lib/x86_64-linux-gnu/libasyncns.so.0.3.1
7f3bd462c000-7f3bd462d000 r--p 00004000 08:01 42606068                   /usr/lib/x86_64-linux-gnu/libasyncns.so.0.3.1
7f3bd462d000-7f3bd462e000 rw-p 00005000 08:01 42606068                   /usr/lib/x86_64-linux-gnu/libasyncns.so.0.3.1
7f3bd462e000-7f3bd468f000 r-xp 00000000 08:01 42606856                   /usr/lib/x86_64-linux-gnu/libsndfile.so.1.0.25
7f3bd468f000-7f3bd488f000 ---p 00061000 08:01 42606856                   /usr/lib/x86_64-linux-gnu/libsndfile.so.1.0.25
7f3bd488f000-7f3bd4891000 r--p 00061000 08:01 42606856                   /usr/lib/x86_64-linux-gnu/libsndfile.so.1.0.25
7f3bd4891000-7f3bd4892000 rw-p 00063000 08:01 42606856                   /usr/lib/x86_64-linux-gnu/libsndfile.so.1.0.25
7f3bd4892000-7f3bd4896000 rw-p 00000000 00:00 0 
7f3bd4896000-7f3bd489e000 r-xp 00000000 08:01 266627                     /lib/x86_64-linux-gnu/libwrap.so.0.7.6
7f3bd489e000-7f3bd4a9d000 ---p 00008000 08:01 266627                     /lib/x86_64-linux-gnu/libwrap.so.0.7.6
7f3bd4a9d000-7f3bd4a9e000 r--p 00007000 08:01 266627                     /lib/x86_64-linux-gnu/libwrap.so.0.7.6
7f3bd4a9e000-7f3bd4a9f000 rw-p 00008000 08:01 266627                     /lib/x86_64-linux-gnu/libwrap.so.0.7.6
7f3bd4a9f000-7f3bd4aa0000 rw-p 00000000 00:00 0 
7f3bd4aa0000-7f3bd4ae4000 r-xp 00000000 08:01 266481                     /lib/x86_64-linux-gnu/libdbus-1.so.3.7.6
7f3bd4ae4000-7f3bd4ce3000 ---p 00044000 08:01 266481                     /lib/x86_64-linux-gnu/libdbus-1.so.3.7.6
7f3bd4ce3000-7f3bd4ce4000 r--p 00043000 08:01 266481                     /lib/x86_64-linux-gnu/libdbus-1.so.3.7.6
7f3bd4ce4000-7f3bd4ce5000 rw-p 00044000 08:01 266481                     /lib/x86_64-linux-gnu/libdbus-1.so.3.7.6
7f3bd4ce5000-7f3bd4d4b000 r-xp 00000000 08:01 42993433                   /usr/lib/x86_64-linux-gnu/pulseaudio/libpulsecommon-4.0.so
7f3bd4d4b000-7f3bd4f4a000 ---p 00066000 08:01 42993433                   /usr/lib/x86_64-linux-gnu/pulseaudio/libpulsecommon-4.0.so
7f3bd4f4a000-7f3bd4f4b000 r--p 00065000 08:01 42993433                   /usr/lib/x86_64-linux-gnu/pulseaudio/libpulsecommon-4.0.so
7f3bd4f4b000-7f3bd4f4c000 rw-p 00066000 08:01 42993433                   /usr/lib/x86_64-linux-gnu/pulseaudio/libpulsecommon-4.0.so
7f3bd4f4c000-7f3bd4f56000 r-xp 00000000 08:01 266507                     /lib/x86_64-linux-gnu/libjson-c.so.2.0.0
7f3bd4f56000-7f3bd5155000 ---p 0000a000 08:01 266507                     /lib/x86_64-linux-gnu/libjson-c.so.2.0.0
7f3bd5155000-7f3bd5156000 r--p 00009000 08:01 266507                     /lib/x86_64-linux-gnu/libjson-c.so.2.0.0
7f3bd5156000-7f3bd5157000 rw-p 0000a000 08:01 266507                     /lib/x86_64-linux-gnu/libjson-c.so.2.0.0
7f3bd5157000-7f3bd519e000 r-xp 00000000 08:01 42606768                   /usr/lib/x86_64-linux-gnu/libpulse.so.0.16.2
7f3bd519e000-7f3bd539e000 ---p 00047000 08:01 42606768                   /usr/lib/x86_64-linux-gnu/libpulse.so.0.16.2
7f3bd539e000-7f3bd539f000 r--p 00047000 08:01 42606768                   /usr/lib/x86_64-linux-gnu/libpulse.so.0.16.2
7f3bd539f000-7f3bd53a0000 rw-p 00048000 08:01 42606768                   /usr/lib/x86_64-linux-gnu/libpulse.so.0.16.2
7f3bd53a2000-7f3bd54e2000 rw-p 00000000 00:00 0 
7f3bd54e2000-7f3bd55a2000 ---p 00000000 00:00 0 
7f3bd55a2000-7f3bd568b000 r-xp 00000000 08:01 42606060                   /usr/lib/x86_64-linux-gnu/libasound.so.2.0.0
7f3bd568b000-7f3bd588a000 ---p 000e9000 08:01 42606060                   /usr/lib/x86_64-linux-gnu/libasound.so.2.0.0
7f3bd588a000-7f3bd5891000 r--p 000e8000 08:01 42606060                   /usr/lib/x86_64-linux-gnu/libasound.so.2.0.0
7f3bd5891000-7f3bd5892000 rw-p 000ef000 08:01 42606060                   /usr/lib/x86_64-linux-gnu/libasound.so.2.0.0
7f3bd5892000-7f3bd58a1000 r-xp 00000000 08:01 42996847                   /usr/lib/jvm/java-8-oracle/jre/lib/amd64/libjsoundalsa.so
7f3bd58a1000-7f3bd5aa0000 ---p 0000f000 08:01 42996847                   /usr/lib/jvm/java-8-oracle/jre/lib/amd64/libjsoundalsa.so
7f3bd5aa0000-7f3bd5aa1000 rw-p 0000e000 08:01 42996847                   /usr/lib/jvm/java-8-oracle/jre/lib/amd64/libjsoundalsa.so
7f3bd5aa1000-7f3bd5aa2000 r-xp 00000000 08:01 42996861                   /usr/lib/jvm/java-8-oracle/jre/lib/amd64/libjsound.so
7f3bd5aa2000-7f3bd5ca1000 ---p 00001000 08:01 42996861                   /usr/lib/jvm/java-8-oracle/jre/lib/amd64/libjsound.so
7f3bd5ca1000-7f3bd5ca2000 rw-p 00000000 08:01 42996861                   /usr/lib/jvm/java-8-oracle/jre/lib/amd64/libjsound.so
7f3bd5ca2000-7f3bd5ca5000 ---p 00000000 00:00 0 
7f3bd5ca5000-7f3bd5da3000 rw-p 00000000 00:00 0                          [stack:3001]
7f3bd5da3000-7f3bd5da6000 ---p 00000000 00:00 0 
7f3bd5da6000-7f3bd5ea4000 rw-p 00000000 00:00 0                          [stack:9975]
7f3bd5ea4000-7f3bd5ea7000 ---p 00000000 00:00 0 
7f3bd5ea7000-7f3bd5fa5000 rw-p 00000000 00:00 0                          [stack:9984]
7f3bd5fa5000-7f3bd5fa8000 ---p 00000000 00:00 0 
7f3bd5fa8000-7f3bd60a6000 rw-p 00000000 00:00 0                          [stack:2998]
7f3bd60a6000-7f3bd60ab000 r-xp 00000000 08:01 42605991                   /usr/lib/x86_64-linux-gnu/libXfixes.so.3.1.0
7f3bd60ab000-7f3bd62aa000 ---p 00005000 08:01 42605991                   /usr/lib/x86_64-linux-gnu/libXfixes.so.3.1.0
7f3bd62aa000-7f3bd62ab000 r--p 00004000 08:01 42605991                   /usr/lib/x86_64-linux-gnu/libXfixes.so.3.1.0
7f3bd62ab000-7f3bd62ac000 rw-p 00005000 08:01 42605991                   /usr/lib/x86_64-linux-gnu/libXfixes.so.3.1.0
7f3bd62ac000-7f3bd62b5000 r-xp 00000000 08:01 42605983                   /usr/lib/x86_64-linux-gnu/libXcursor.so.1.0.2
7f3bd62b5000-7f3bd64b4000 ---p 00009000 08:01 42605983                   /usr/lib/x86_64-linux-gnu/libXcursor.so.1.0.2
7f3bd64b4000-7f3bd64b5000 r--p 00008000 08:01 42605983                   /usr/lib/x86_64-linux-gnu/libXcursor.so.1.0.2
7f3bd64b5000-7f3bd64b6000 rw-p 00009000 08:01 42605983                   /usr/lib/x86_64-linux-gnu/libXcursor.so.1.0.2
7f3bd64b6000-7f3bd64cc000 r-xp 00000000 08:01 266494                     /lib/x86_64-linux-gnu/libgcc_s.so.1
7f3bd64cc000-7f3bd66cb000 ---p 00016000 08:01 266494                     /lib/x86_64-linux-gnu/libgcc_s.so.1
7f3bd66cb000-7f3bd66cc000 rw-p 00015000 08:01 266494                     /lib/x86_64-linux-gnu/libgcc_s.so.1
7f3bd66cc000-7f3bd6731000 r-xp 00000000 08:01 42997280                   /usr/lib/jvm/java-8-oracle/jre/lib/amd64/libfontmanager.so
7f3bd6731000-7f3bd6930000 ---p 00065000 08:01 42997280                   /usr/lib/jvm/java-8-oracle/jre/lib/amd64/libfontmanager.so
7f3bd6930000-7f3bd6935000 rw-p 00064000 08:01 42997280                   /usr/lib/jvm/java-8-oracle/jre/lib/amd64/libfontmanager.so
7f3bd6935000-7f3bd6945000 rw-p 00000000 00:00 0 
7f3bd6945000-7f3bd694a000 r-xp 00000000 08:01 42605987                   /usr/lib/x86_64-linux-gnu/libXdmcp.so.6.0.0
7f3bd694a000-7f3bd6b49000 ---p 00005000 08:01 42605987                   /usr/lib/x86_64-linux-gnu/libXdmcp.so.6.0.0
7f3bd6b49000-7f3bd6b4a000 r--p 00004000 08:01 42605987                   /usr/lib/x86_64-linux-gnu/libXdmcp.so.6.0.0
7f3bd6b4a000-7f3bd6b4b000 rw-p 00005000 08:01 42605987                   /usr/lib/x86_64-linux-gnu/libXdmcp.so.6.0.0
7f3bd6b4b000-7f3bd6b4d000 r-xp 00000000 08:01 42605976                   /usr/lib/x86_64-linux-gnu/libXau.so.6.0.0
7f3bd6b4d000-7f3bd6d4d000 ---p 00002000 08:01 42605976                   /usr/lib/x86_64-linux-gnu/libXau.so.6.0.0
7f3bd6d4d000-7f3bd6d4e000 r--p 00002000 08:01 42605976                   /usr/lib/x86_64-linux-gnu/libXau.so.6.0.0
7f3bd6d4e000-7f3bd6d4f000 rw-p 00003000 08:01 42605976                   /usr/lib/x86_64-linux-gnu/libXau.so.6.0.0
7f3bd6d4f000-7f3bd6d6c000 r-xp 00000000 08:01 42607044                   /usr/lib/x86_64-linux-gnu/libxcb.so.1.1.0
7f3bd6d6c000-7f3bd6f6c000 ---p 0001d000 08:01 42607044                   /usr/lib/x86_64-linux-gnu/libxcb.so.1.1.0
7f3bd6f6c000-7f3bd6f6d000 r--p 0001d000 08:01 42607044                   /usr/lib/x86_64-linux-gnu/libxcb.so.1.1.0
7f3bd6f6d000-7f3bd6f6e000 rw-p 0001e000 08:01 42607044                   /usr/lib/x86_64-linux-gnu/libxcb.so.1.1.0
7f3bd6f6e000-7f3bd6f7d000 r-xp 00000000 08:01 42605997                   /usr/lib/x86_64-linux-gnu/libXi.so.6.1.0
7f3bd6f7d000-7f3bd717c000 ---p 0000f000 08:01 42605997                   /usr/lib/x86_64-linux-gnu/libXi.so.6.1.0
7f3bd717c000-7f3bd717d000 r--p 0000e000 08:01 42605997                   /usr/lib/x86_64-linux-gnu/libXi.so.6.1.0
7f3bd717d000-7f3bd717e000 rw-p 0000f000 08:01 42605997                   /usr/lib/x86_64-linux-gnu/libXi.so.6.1.0
7f3bd717e000-7f3bd7183000 r-xp 00000000 08:01 42606017                   /usr/lib/x86_64-linux-gnu/libXtst.so.6.1.0
7f3bd7183000-7f3bd7382000 ---p 00005000 08:01 42606017                   /usr/lib/x86_64-linux-gnu/libXtst.so.6.1.0
7f3bd7382000-7f3bd7383000 r--p 00004000 08:01 42606017                   /usr/lib/x86_64-linux-gnu/libXtst.so.6.1.0
7f3bd7383000-7f3bd7384000 rw-p 00005000 08:01 42606017                   /usr/lib/x86_64-linux-gnu/libXtst.so.6.1.0
7f3bd7384000-7f3bd738d000 r-xp 00000000 08:01 42606011                   /usr/lib/x86_64-linux-gnu/libXrender.so.1.3.0
7f3bd738d000-7f3bd758c000 ---p 00009000 08:01 42606011                   /usr/lib/x86_64-linux-gnu/libXrender.so.1.3.0
7f3bd758c000-7f3bd758d000 r--p 00008000 08:01 42606011                   /usr/lib/x86_64-linux-gnu/libXrender.so.1.3.0
7f3bd758d000-7f3bd758e000 rw-p 00009000 08:01 42606011                   /usr/lib/x86_64-linux-gnu/libXrender.so.1.3.0
7f3bd758e000-7f3bd76be000 r-xp 00000000 08:01 42605972                   /usr/lib/x86_64-linux-gnu/libX11.so.6.3.0
7f3bd76be000-7f3bd78be000 ---p 00130000 08:01 42605972                   /usr/lib/x86_64-linux-gnu/libX11.so.6.3.0
7f3bd78be000-7f3bd78bf000 r--p 00130000 08:01 42605972                   /usr/lib/x86_64-linux-gnu/libX11.so.6.3.0
7f3bd78bf000-7f3bd78c3000 rw-p 00131000 08:01 42605972                   /usr/lib/x86_64-linux-gnu/libX11.so.6.3.0
7f3bd78c3000-7f3bd78d4000 r-xp 00000000 08:01 42605989                   /usr/lib/x86_64-linux-gnu/libXext.so.6.4.0
7f3bd78d4000-7f3bd7ad3000 ---p 00011000 08:01 42605989                   /usr/lib/x86_64-linux-gnu/libXext.so.6.4.0
7f3bd7ad3000-7f3bd7ad4000 r--p 00010000 08:01 42605989                   /usr/lib/x86_64-linux-gnu/libXext.so.6.4.0
7f3bd7ad4000-7f3bd7ad5000 rw-p 00011000 08:01 42605989                   /usr/lib/x86_64-linux-gnu/libXext.so.6.4.0
7f3bd7ad5000-7f3bd7b29000 r-xp 00000000 08:01 42997263                   /usr/lib/jvm/java-8-oracle/jre/lib/amd64/libawt_xawt.so
7f3bd7b29000-7f3bd7d29000 ---p 00054000 08:01 42997263                   /usr/lib/jvm/java-8-oracle/jre/lib/amd64/libawt_xawt.so
7f3bd7d29000-7f3bd7d2d000 rw-p 00054000 08:01 42997263                   /usr/lib/jvm/java-8-oracle/jre/lib/amd64/libawt_xawt.so
7f3bd7d2d000-7f3bd7d2e000 rw-p 00000000 00:00 0 
7f3bd7d2e000-7f3bd7dd0000 r-xp 00000000 08:01 42996853                   /usr/lib/jvm/java-8-oracle/jre/lib/amd64/libawt.so
7f3bd7dd0000-7f3bd7fd0000 ---p 000a2000 08:01 42996853                   /usr/lib/jvm/java-8-oracle/jre/lib/amd64/libawt.so
7f3bd7fd0000-7f3bd7fdc000 rw-p 000a2000 08:01 42996853                   /usr/lib/jvm/java-8-oracle/jre/lib/amd64/libawt.so
7f3bd7fdc000-7f3bd8000000 rw-p 00000000 00:00 0 
7f3bd8000000-7f3bd8021000 rw-p 00000000 00:00 0 
7f3bd8021000-7f3bdc000000 ---p 00000000 00:00 0 
7f3bdc000000-7f3bdc021000 rw-p 00000000 00:00 0 
7f3bdc021000-7f3be0000000 ---p 00000000 00:00 0 
7f3be0000000-7f3be03d2000 rw-p 00000000 00:00 0 
7f3be03d2000-7f3be4000000 ---p 00000000 00:00 0 
7f3be4000000-7f3be430d000 rw-p 00000000 00:00 0 
7f3be430d000-7f3be8000000 ---p 00000000 00:00 0 
7f3be8000000-7f3be8021000 rw-p 00000000 00:00 0 
7f3be8021000-7f3bec000000 ---p 00000000 00:00 0 
7f3bec000000-7f3bec171000 rw-p 00000000 00:00 0 
7f3bec171000-7f3bf0000000 ---p 00000000 00:00 0 
7f3bf0000000-7f3bf0021000 rw-p 00000000 00:00 0 
7f3bf0021000-7f3bf4000000 ---p 00000000 00:00 0 
7f3bf4000000-7f3bf4021000 rw-p 00000000 00:00 0 
7f3bf4021000-7f3bf8000000 ---p 00000000 00:00 0 
7f3bf8000000-7f3bf8021000 rw-p 00000000 00:00 0 
7f3bf8021000-7f3bfc000000 ---p 00000000 00:00 0 
7f3bfc000000-7f3bfc021000 rw-p 00000000 00:00 0 
7f3bfc021000-7f3c00000000 ---p 00000000 00:00 0 
7f3c00000000-7f3c00021000 rw-p 00000000 00:00 0 
7f3c00021000-7f3c04000000 ---p 00000000 00:00 0 
7f3c04000000-7f3c04021000 rw-p 00000000 00:00 0 
7f3c04021000-7f3c08000000 ---p 00000000 00:00 0 
7f3c08000000-7f3c08021000 rw-p 00000000 00:00 0 
7f3c08021000-7f3c0c000000 ---p 00000000 00:00 0 
7f3c0c008000-7f3c0c009000 r--s 00000000 08:01 26869855                   /var/cache/fontconfig/c05880de57d1f5e948fdfacc138775d9-le64.cache-4
7f3c0c009000-7f3c0c00f000 r--s 00000000 08:01 26869835                   /var/cache/fontconfig/2cd17615ca594fa2959ae173292e504c-le64.cache-4
7f3c0c00f000-7f3c0c010000 r--s 00000000 08:01 26869865                   /var/cache/fontconfig/e7071f4a29fa870f4323321c154eba04-le64.cache-4
7f3c0c010000-7f3c0c017000 r--s 00000000 08:01 26869852                   /var/cache/fontconfig/a755afe4a08bf5b97852ceb7400b47bc-le64.cache-4
7f3c0c017000-7f3c0c02b000 r--s 00000000 08:01 26869830                   /var/cache/fontconfig/04aabc0a78ac019cf9454389977116d2-le64.cache-4
7f3c0c02b000-7f3c0c030000 r--s 00000000 08:01 26869848                   /var/cache/fontconfig/8801497958630a81b71ace7c5f9b32a8-le64.cache-4
7f3c0c030000-7f3c0c037000 r--s 00000000 08:01 26869836                   /var/cache/fontconfig/3047814df9a2f067bd2d96a2b9c36e5a-le64.cache-4
7f3c0c037000-7f3c0c03d000 r--s 00000000 08:01 26869853                   /var/cache/fontconfig/b47c4e1ecd0709278f4910c18777a504-le64.cache-4
7f3c0c03d000-7f3c0c050000 r--s 00000000 08:01 26869859                   /var/cache/fontconfig/d52a8644073d54c13679302ca1180695-le64.cache-4
7f3c0c050000-7f3c0c059000 r--s 00000000 08:01 26869839                   /var/cache/fontconfig/3f7329c5293ffd510edef78f73874cfd-le64.cache-4
7f3c0c059000-7f3c0c064000 r--s 00000000 08:01 26878887                   /var/cache/fontconfig/d589a48862398ed80a3d6066f4f56f4c-le64.cache-4
7f3c0c064000-7f3c0c071000 r--s 00000000 08:01 26870169                   /var/cache/fontconfig/e13b20fdb08344e0e664864cc2ede53d-le64.cache-4
7f3c0c071000-7f3c0c0a2000 rw-p 00000000 00:00 0 
7f3c0c0a2000-7f3c0c0a5000 ---p 00000000 00:00 0 
7f3c0c0a5000-7f3c0c1a3000 rw-p 00000000 00:00 0                          [stack:2997]
7f3c0c1a3000-7f3c0c1a4000 ---p 00000000 00:00 0 
7f3c0c1a4000-7f3c0c2a4000 rw-p 00000000 00:00 0                          [stack:2996]
7f3c0c2a4000-7f3c0c2a7000 ---p 00000000 00:00 0 
7f3c0c2a7000-7f3c0c3a5000 rw-p 00000000 00:00 0                          [stack:2995]
7f3c0c3a5000-7f3c0c3a8000 ---p 00000000 00:00 0 
7f3c0c3a8000-7f3c0c4a6000 rw-p 00000000 00:00 0                          [stack:2994]
7f3c0c4a6000-7f3c0c4a9000 ---p 00000000 00:00 0 
7f3c0c4a9000-7f3c0c5a7000 rw-p 00000000 00:00 0                          [stack:2993]
7f3c0c5a7000-7f3c0c5aa000 ---p 00000000 00:00 0 
7f3c0c5aa000-7f3c0c6a8000 rw-p 00000000 00:00 0                          [stack:2992]
7f3c0c6a8000-7f3c0c6ab000 ---p 00000000 00:00 0 
7f3c0c6ab000-7f3c0c7a9000 rw-p 00000000 00:00 0                          [stack:2991]
7f3c0c7a9000-7f3c0cfbc000 r--p 00000000 08:01 42605057                   /usr/lib/locale/locale-archive
7f3c0cfbc000-7f3c0cfbf000 ---p 00000000 00:00 0 
7f3c0cfbf000-7f3c0d0bd000 rw-p 00000000 00:00 0                          [stack:2990]
7f3c0d0bd000-7f3c0d0c0000 ---p 00000000 00:00 0 
7f3c0d0c0000-7f3c0d1be000 rw-p 00000000 00:00 0                          [stack:2989]
7f3c0d1be000-7f3c0d1bf000 ---p 00000000 00:00 0 
7f3c0d1bf000-7f3c11000000 rw-p 00000000 00:00 0                          [stack:2988]
7f3c11000000-7f3c11300000 rwxp 00000000 00:00 0 
7f3c11300000-7f3c20000000 ---p 00000000 00:00 0 
7f3c20000000-7f3c20543000 rw-p 00000000 00:00 0 
7f3c20543000-7f3c24000000 ---p 00000000 00:00 0 
7f3c24000000-7f3c24004000 r--s 00000000 08:01 26869838                   /var/cache/fontconfig/385c0604a188198f04d133e54aba7fe7-le64.cache-4
7f3c24004000-7f3c2401c000 r--s 00000000 08:01 43649699                   /usr/share/fonts/type1/gsfonts/n022003l.pfb
7f3c2401c000-7f3c2403d000 rw-p 00000000 00:00 0 
7f3c2403d000-7f3c24216000 r--s 03d1f000 08:01 42997299                   /usr/lib/jvm/java-8-oracle/jre/lib/rt.jar
7f3c24216000-7f3c24d64000 rw-p 00000000 00:00 0 
7f3c24d64000-7f3c24d65000 ---p 00000000 00:00 0 
7f3c24d65000-7f3c24e65000 rw-p 00000000 00:00 0                          [stack:2987]
7f3c24e65000-7f3c24e66000 ---p 00000000 00:00 0 
7f3c24e66000-7f3c24f66000 rw-p 00000000 00:00 0                          [stack:2986]
7f3c24f66000-7f3c24f67000 ---p 00000000 00:00 0 
7f3c24f67000-7f3c25067000 rw-p 00000000 00:00 0                          [stack:2985]
7f3c25067000-7f3c25068000 ---p 00000000 00:00 0 
7f3c25068000-7f3c25187000 rw-p 00000000 00:00 0                          [stack:2984]
7f3c25187000-7f3c2534e000 ---p 00000000 00:00 0 
7f3c2534e000-7f3c2536d000 rw-p 00000000 00:00 0 
7f3c2536d000-7f3c25533000 ---p 00000000 00:00 0 
7f3c25533000-7f3c25543000 rw-p 00000000 00:00 0 
7f3c25543000-7f3c25626000 ---p 00000000 00:00 0 
7f3c25626000-7f3c25633000 rw-p 00000000 00:00 0 
7f3c25633000-7f3c259e7000 ---p 00000000 00:00 0 
7f3c259e7000-7f3c25a01000 r-xp 00000000 08:01 42996832                   /usr/lib/jvm/java-8-oracle/jre/lib/amd64/libzip.so
7f3c25a01000-7f3c25c01000 ---p 0001a000 08:01 42996832                   /usr/lib/jvm/java-8-oracle/jre/lib/amd64/libzip.so
7f3c25c01000-7f3c25c02000 rw-p 0001a000 08:01 42996832                   /usr/lib/jvm/java-8-oracle/jre/lib/amd64/libzip.so
7f3c25c02000-7f3c25c0d000 r-xp 00000000 08:01 266542                     /lib/x86_64-linux-gnu/libnss_files-2.19.so
7f3c25c0d000-7f3c25e0c000 ---p 0000b000 08:01 266542                     /lib/x86_64-linux-gnu/libnss_files-2.19.so
7f3c25e0c000-7f3c25e0d000 r--p 0000a000 08:01 266542                     /lib/x86_64-linux-gnu/libnss_files-2.19.so
7f3c25e0d000-7f3c25e0e000 rw-p 0000b000 08:01 266542                     /lib/x86_64-linux-gnu/libnss_files-2.19.so
7f3c25e0e000-7f3c25e19000 r-xp 00000000 08:01 266552                     /lib/x86_64-linux-gnu/libnss_nis-2.19.so
7f3c25e19000-7f3c26018000 ---p 0000b000 08:01 266552                     /lib/x86_64-linux-gnu/libnss_nis-2.19.so
7f3c26018000-7f3c26019000 r--p 0000a000 08:01 266552                     /lib/x86_64-linux-gnu/libnss_nis-2.19.so
7f3c26019000-7f3c2601a000 rw-p 0000b000 08:01 266552                     /lib/x86_64-linux-gnu/libnss_nis-2.19.so
7f3c2601a000-7f3c26031000 r-xp 00000000 08:01 266536                     /lib/x86_64-linux-gnu/libnsl-2.19.so
7f3c26031000-7f3c26230000 ---p 00017000 08:01 266536                     /lib/x86_64-linux-gnu/libnsl-2.19.so
7f3c26230000-7f3c26231000 r--p 00016000 08:01 266536                     /lib/x86_64-linux-gnu/libnsl-2.19.so
7f3c26231000-7f3c26232000 rw-p 00017000 08:01 266536                     /lib/x86_64-linux-gnu/libnsl-2.19.so
7f3c26232000-7f3c26234000 rw-p 00000000 00:00 0 
7f3c26234000-7f3c2623d000 r-xp 00000000 08:01 266538                     /lib/x86_64-linux-gnu/libnss_compat-2.19.so
7f3c2623d000-7f3c2643c000 ---p 00009000 08:01 266538                     /lib/x86_64-linux-gnu/libnss_compat-2.19.so
7f3c2643c000-7f3c2643d000 r--p 00008000 08:01 266538                     /lib/x86_64-linux-gnu/libnss_compat-2.19.so
7f3c2643d000-7f3c2643e000 rw-p 00009000 08:01 266538                     /lib/x86_64-linux-gnu/libnss_compat-2.19.so
7f3c2643e000-7f3c26468000 r-xp 00000000 08:01 42996846                   /usr/lib/jvm/java-8-oracle/jre/lib/amd64/libjava.so
7f3c26468000-7f3c26668000 ---p 0002a000 08:01 42996846                   /usr/lib/jvm/java-8-oracle/jre/lib/amd64/libjava.so
7f3c26668000-7f3c2666a000 rw-p 0002a000 08:01 42996846                   /usr/lib/jvm/java-8-oracle/jre/lib/amd64/libjava.so
7f3c2666a000-7f3c26677000 r-xp 00000000 08:01 42996857                   /usr/lib/jvm/java-8-oracle/jre/lib/amd64/libverify.so
7f3c26677000-7f3c26877000 ---p 0000d000 08:01 42996857                   /usr/lib/jvm/java-8-oracle/jre/lib/amd64/libverify.so
7f3c26877000-7f3c26879000 rw-p 0000d000 08:01 42996857                   /usr/lib/jvm/java-8-oracle/jre/lib/amd64/libverify.so
7f3c26879000-7f3c26880000 r-xp 00000000 08:01 266595                     /lib/x86_64-linux-gnu/librt-2.19.so
7f3c26880000-7f3c26a7f000 ---p 00007000 08:01 266595                     /lib/x86_64-linux-gnu/librt-2.19.so
7f3c26a7f000-7f3c26a80000 r--p 00006000 08:01 266595                     /lib/x86_64-linux-gnu/librt-2.19.so
7f3c26a80000-7f3c26a81000 rw-p 00007000 08:01 266595                     /lib/x86_64-linux-gnu/librt-2.19.so
7f3c26a81000-7f3c26b86000 r-xp 00000000 08:01 266517                     /lib/x86_64-linux-gnu/libm-2.19.so
7f3c26b86000-7f3c26d85000 ---p 00105000 08:01 266517                     /lib/x86_64-linux-gnu/libm-2.19.so
7f3c26d85000-7f3c26d86000 r--p 00104000 08:01 266517                     /lib/x86_64-linux-gnu/libm-2.19.so
7f3c26d86000-7f3c26d87000 rw-p 00105000 08:01 266517                     /lib/x86_64-linux-gnu/libm-2.19.so
7f3c26d87000-7f3c27a47000 r-xp 00000000 08:01 42997271                   /usr/lib/jvm/java-8-oracle/jre/lib/amd64/server/libjvm.so
7f3c27a47000-7f3c27c47000 ---p 00cc0000 08:01 42997271                   /usr/lib/jvm/java-8-oracle/jre/lib/amd64/server/libjvm.so
7f3c27c47000-7f3c27d1f000 rw-p 00cc0000 08:01 42997271                   /usr/lib/jvm/java-8-oracle/jre/lib/amd64/server/libjvm.so
7f3c27d1f000-7f3c27d6a000 rw-p 00000000 00:00 0 
7f3c27d6a000-7f3c27f25000 r-xp 00000000 08:01 266467                     /lib/x86_64-linux-gnu/libc-2.19.so
7f3c27f25000-7f3c28124000 ---p 001bb000 08:01 266467                     /lib/x86_64-linux-gnu/libc-2.19.so
7f3c28124000-7f3c28128000 r--p 001ba000 08:01 266467                     /lib/x86_64-linux-gnu/libc-2.19.so
7f3c28128000-7f3c2812a000 rw-p 001be000 08:01 266467                     /lib/x86_64-linux-gnu/libc-2.19.so
7f3c2812a000-7f3c2812f000 rw-p 00000000 00:00 0 
7f3c2812f000-7f3c28132000 r-xp 00000000 08:01 266484                     /lib/x86_64-linux-gnu/libdl-2.19.so
7f3c28132000-7f3c28331000 ---p 00003000 08:01 266484                     /lib/x86_64-linux-gnu/libdl-2.19.so
7f3c28331000-7f3c28332000 r--p 00002000 08:01 266484                     /lib/x86_64-linux-gnu/libdl-2.19.so
7f3c28332000-7f3c28333000 rw-p 00003000 08:01 266484                     /lib/x86_64-linux-gnu/libdl-2.19.so
7f3c28333000-7f3c28348000 r-xp 00000000 08:01 9176807                    /usr/lib/jvm/java-8-oracle/lib/amd64/jli/libjli.so
7f3c28348000-7f3c28548000 ---p 00015000 08:01 9176807                    /usr/lib/jvm/java-8-oracle/lib/amd64/jli/libjli.so
7f3c28548000-7f3c28549000 rw-p 00015000 08:01 9176807                    /usr/lib/jvm/java-8-oracle/lib/amd64/jli/libjli.so
7f3c28549000-7f3c28562000 r-xp 00000000 08:01 266587                     /lib/x86_64-linux-gnu/libpthread-2.19.so
7f3c28562000-7f3c28761000 ---p 00019000 08:01 266587                     /lib/x86_64-linux-gnu/libpthread-2.19.so
7f3c28761000-7f3c28762000 r--p 00018000 08:01 266587                     /lib/x86_64-linux-gnu/libpthread-2.19.so
7f3c28762000-7f3c28763000 rw-p 00019000 08:01 266587                     /lib/x86_64-linux-gnu/libpthread-2.19.so
7f3c28763000-7f3c28767000 rw-p 00000000 00:00 0 
7f3c28767000-7f3c2878a000 r-xp 00000000 08:01 266443                     /lib/x86_64-linux-gnu/ld-2.19.so
7f3c2878a000-7f3c2878b000 r--s 00000000 08:01 26869832                   /var/cache/fontconfig/0d8c3b2ac0904cb8a57a757ad11a4a08-le64.cache-4
7f3c2878b000-7f3c2878c000 r--s 00000000 08:01 26869834                   /var/cache/fontconfig/1ac9eb803944fde146138c791f5cc56a-le64.cache-4
7f3c2878c000-7f3c2878d000 r--s 00000000 08:01 26869862                   /var/cache/fontconfig/dc05db6664285cc2f12bf69c139ae4c3-le64.cache-4
7f3c2878d000-7f3c287a0000 r--s 00344000 08:01 42997294                   /usr/lib/jvm/java-8-oracle/jre/lib/resources.jar
7f3c287a0000-7f3c28861000 rw-p 00000000 00:00 0 
7f3c28861000-7f3c28864000 ---p 00000000 00:00 0 
7f3c28864000-7f3c28966000 rw-p 00000000 00:00 0                          [stack:2982]
7f3c28966000-7f3c28968000 r--s 00000000 08:01 26869846                   /var/cache/fontconfig/767a8244fc0220cfb567a839d0392e0b-le64.cache-4
7f3c28968000-7f3c28969000 r--s 00000000 08:01 26869840                   /var/cache/fontconfig/4794a0821666d79190d59a36cb4f44b5-le64.cache-4
7f3c28969000-7f3c2896a000 r--s 00000000 08:01 26869842                   /var/cache/fontconfig/56cf4f4769d0f4abc89a4895d7bd3ae1-le64.cache-4
7f3c2896a000-7f3c2896b000 r--s 00000000 08:01 26869854                   /var/cache/fontconfig/b9d506c9ac06c20b433354fa67a72993-le64.cache-4
7f3c2896b000-7f3c2896c000 r--s 00000000 08:01 26869831                   /var/cache/fontconfig/0c9eb80ebd1c36541ebe2852d3bb0c49-le64.cache-4
7f3c2896c000-7f3c28970000 r--s 00000000 08:01 26872634                   /var/cache/fontconfig/7ef2298fde41cc6eeb7af42e48b7d293-le64.cache-4
7f3c28970000-7f3c28977000 r--s 00000000 08:01 42992772                   /usr/lib/x86_64-linux-gnu/gconv/gconv-modules.cache
7f3c28977000-7f3c2897d000 r--s 002f8000 08:01 42997297                   /usr/lib/jvm/java-8-oracle/jre/lib/charsets.jar
7f3c2897d000-7f3c28985000 rw-s 00000000 08:01 30277778                   /tmp/hsperfdata_infinite/2977
7f3c28985000-7f3c28986000 rw-p 00000000 00:00 0 
7f3c28986000-7f3c28987000 r--p 00000000 00:00 0 
7f3c28987000-7f3c28989000 rw-p 00000000 00:00 0 
7f3c28989000-7f3c2898a000 r--p 00022000 08:01 266443                     /lib/x86_64-linux-gnu/ld-2.19.so
7f3c2898a000-7f3c2898b000 rw-p 00023000 08:01 266443                     /lib/x86_64-linux-gnu/ld-2.19.so
7f3c2898b000-7f3c2898c000 rw-p 00000000 00:00 0 
7ffd6ad65000-7ffd6ad86000 rw-p 00000000 00:00 0                          [stack]
7ffd6adcc000-7ffd6adce000 r--p 00000000 00:00 0                          [vvar]
7ffd6adce000-7ffd6add0000 r-xp 00000000 00:00 0                          [vdso]
ffffffffff600000-ffffffffff601000 r-xp 00000000 00:00 0                  [vsyscall]

VM Arguments:
jvm_args: -Dfile.encoding=UTF-8 
java_command: Maze_3.CarInMaze
java_class_path (initial): /home/infinite/workspace/CarInMaze/bin
Launcher Type: SUN_STANDARD

Environment Variables:
JAVA_HOME=/usr/lib/jvm/java-8-oracle
PATH=/usr/local/sbin:/usr/local/bin:/usr/sbin:/usr/bin:/sbin:/bin:/usr/games:/usr/local/games:/usr/lib/jvm/java-8-oracle/bin:/usr/lib/jvm/java-8-oracle/db/bin:/usr/lib/jvm/java-8-oracle/jre/bin
SHELL=/bin/bash
DISPLAY=:0

Signal Handlers:
SIGSEGV: [libjvm.so+0xabca10], sa_mask[0]=11111111011111111101111111111110, sa_flags=SA_RESTART|SA_SIGINFO
SIGBUS: [libjvm.so+0xabca10], sa_mask[0]=11111111011111111101111111111110, sa_flags=SA_RESTART|SA_SIGINFO
SIGFPE: [libjvm.so+0x919a20], sa_mask[0]=11111111011111111101111111111110, sa_flags=SA_RESTART|SA_SIGINFO
SIGPIPE: [libjvm.so+0x919a20], sa_mask[0]=11111111011111111101111111111110, sa_flags=SA_RESTART|SA_SIGINFO
SIGXFSZ: [libjvm.so+0x919a20], sa_mask[0]=11111111011111111101111111111110, sa_flags=SA_RESTART|SA_SIGINFO
SIGILL: [libjvm.so+0x919a20], sa_mask[0]=11111111011111111101111111111110, sa_flags=SA_RESTART|SA_SIGINFO
SIGUSR1: SIG_DFL, sa_mask[0]=00000000000000000000000000000000, sa_flags=none
SIGUSR2: [libjvm.so+0x91b050], sa_mask[0]=00100000000000000000000000000000, sa_flags=SA_RESTART|SA_SIGINFO
SIGHUP: [libjvm.so+0x91c450], sa_mask[0]=11111111011111111101111111111110, sa_flags=SA_RESTART|SA_SIGINFO
SIGINT: [libjvm.so+0x91c450], sa_mask[0]=11111111011111111101111111111110, sa_flags=SA_RESTART|SA_SIGINFO
SIGTERM: [libjvm.so+0x91c450], sa_mask[0]=11111111011111111101111111111110, sa_flags=SA_RESTART|SA_SIGINFO
SIGQUIT: [libjvm.so+0x91c450], sa_mask[0]=11111111011111111101111111111110, sa_flags=SA_RESTART|SA_SIGINFO


---------------  S Y S T E M  ---------------

OS:DISTRIB_ID=Ubuntu
DISTRIB_RELEASE=14.04
DISTRIB_CODENAME=trusty
DISTRIB_DESCRIPTION="Ubuntu 14.04.4 LTS"

uname:Linux 4.2.0-35-generic #40~14.04.1-Ubuntu SMP Fri Mar 18 16:37:35 UTC 2016 x86_64
libc:glibc 2.19 NPTL 2.19 
rlimit: STACK 8192k, CORE 0k, NPROC 23199, NOFILE 4096, AS infinity
load average:3,11 2,13 1,79

/proc/meminfo:
MemTotal:        5961092 kB
MemFree:         3162144 kB
MemAvailable:    4517448 kB
Buffers:           94216 kB
Cached:          1184864 kB
SwapCached:          680 kB
Active:          1784652 kB
Inactive:         772612 kB
Active(anon):    1080000 kB
Inactive(anon):   229180 kB
Active(file):     704652 kB
Inactive(file):   543432 kB
Unevictable:          28 kB
Mlocked:              28 kB
SwapTotal:       6137852 kB
SwapFree:        6130408 kB
Dirty:              2616 kB
Writeback:             0 kB
AnonPages:       1277984 kB
Mapped:           118576 kB
Shmem:             30864 kB
Slab:             177060 kB
SReclaimable:     143484 kB
SUnreclaim:        33576 kB
KernelStack:        7360 kB
PageTables:        13608 kB
NFS_Unstable:          0 kB
Bounce:                0 kB
WritebackTmp:          0 kB
CommitLimit:     9118396 kB
Committed_AS:    3014668 kB
VmallocTotal:   34359738367 kB
VmallocUsed:      554692 kB
VmallocChunk:   34358423548 kB
HardwareCorrupted:     0 kB
AnonHugePages:   1058816 kB
CmaTotal:              0 kB
CmaFree:               0 kB
HugePages_Total:       0
HugePages_Free:        0
HugePages_Rsvd:        0
HugePages_Surp:        0
Hugepagesize:       2048 kB
DirectMap4k:      198912 kB
DirectMap2M:     5941248 kB


CPU:total 4 (2 cores per cpu, 2 threads per core) family 6 model 42 stepping 7, cmov, cx8, fxsr, mmx, sse, sse2, sse3, ssse3, sse4.1, sse4.2, popcnt, avx, aes, clmul, ht, tsc, tscinvbit

/proc/cpuinfo:
processor	: 0
vendor_id	: GenuineIntel
cpu family	: 6
model		: 42
model name	: Intel(R) Core(TM) i5-2430M CPU @ 2.40GHz
stepping	: 7
microcode	: 0x1a
cpu MHz		: 2299.968
cache size	: 3072 KB
physical id	: 0
siblings	: 4
core id		: 0
cpu cores	: 2
apicid		: 0
initial apicid	: 0
fpu		: yes
fpu_exception	: yes
cpuid level	: 13
wp		: yes
flags		: fpu vme de pse tsc msr pae mce cx8 apic sep mtrr pge mca cmov pat pse36 clflush dts acpi mmx fxsr sse sse2 ss ht tm pbe syscall nx rdtscp lm constant_tsc arch_perfmon pebs bts rep_good nopl xtopology nonstop_tsc aperfmperf eagerfpu pni pclmulqdq dtes64 monitor ds_cpl vmx est tm2 ssse3 cx16 xtpr pdcm pcid sse4_1 sse4_2 x2apic popcnt tsc_deadline_timer aes xsave avx lahf_lm ida arat epb pln pts dtherm tpr_shadow vnmi flexpriority ept vpid xsaveopt
bugs		:
bogomips	: 4789.25
clflush size	: 64
cache_alignment	: 64
address sizes	: 36 bits physical, 48 bits virtual
power management:

processor	: 1
vendor_id	: GenuineIntel
cpu family	: 6
model		: 42
model name	: Intel(R) Core(TM) i5-2430M CPU @ 2.40GHz
stepping	: 7
microcode	: 0x1a
cpu MHz		: 2299.968
cache size	: 3072 KB
physical id	: 0
siblings	: 4
core id		: 0
cpu cores	: 2
apicid		: 1
initial apicid	: 1
fpu		: yes
fpu_exception	: yes
cpuid level	: 13
wp		: yes
flags		: fpu vme de pse tsc msr pae mce cx8 apic sep mtrr pge mca cmov pat pse36 clflush dts acpi mmx fxsr sse sse2 ss ht tm pbe syscall nx rdtscp lm constant_tsc arch_perfmon pebs bts rep_good nopl xtopology nonstop_tsc aperfmperf eagerfpu pni pclmulqdq dtes64 monitor ds_cpl vmx est tm2 ssse3 cx16 xtpr pdcm pcid sse4_1 sse4_2 x2apic popcnt tsc_deadline_timer aes xsave avx lahf_lm ida arat epb pln pts dtherm tpr_shadow vnmi flexpriority ept vpid xsaveopt
bugs		:
bogomips	: 4789.25
clflush size	: 64
cache_alignment	: 64
address sizes	: 36 bits physical, 48 bits virtual
power management:

processor	: 2
vendor_id	: GenuineIntel
cpu family	: 6
model		: 42
model name	: Intel(R) Core(TM) i5-2430M CPU @ 2.40GHz
stepping	: 7
microcode	: 0x1a
cpu MHz		: 2299.968
cache size	: 3072 KB
physical id	: 0
siblings	: 4
core id		: 1
cpu cores	: 2
apicid		: 2
initial apicid	: 2
fpu		: yes
fpu_exception	: yes
cpuid level	: 13
wp		: yes
flags		: fpu vme de pse tsc msr pae mce cx8 apic sep mtrr pge mca cmov pat pse36 clflush dts acpi mmx fxsr sse sse2 ss ht tm pbe syscall nx rdtscp lm constant_tsc arch_perfmon pebs bts rep_good nopl xtopology nonstop_tsc aperfmperf eagerfpu pni pclmulqdq dtes64 monitor ds_cpl vmx est tm2 ssse3 cx16 xtpr pdcm pcid sse4_1 sse4_2 x2apic popcnt tsc_deadline_timer aes xsave avx lahf_lm ida arat epb pln pts dtherm tpr_shadow vnmi flexpriority ept vpid xsaveopt
bugs		:
bogomips	: 4789.25
clflush size	: 64
cache_alignment	: 64
address sizes	: 36 bits physical, 48 bits virtual
power management:

processor	: 3
vendor_id	: GenuineIntel
cpu family	: 6
model		: 42
model name	: Intel(R) Core(TM) i5-2430M CPU @ 2.40GHz
stepping	: 7
microcode	: 0x1a
cpu MHz		: 2299.968
cache size	: 3072 KB
physical id	: 0
siblings	: 4
core id		: 1
cpu cores	: 2
apicid		: 3
initial apicid	: 3
fpu		: yes
fpu_exception	: yes
cpuid level	: 13
wp		: yes
flags		: fpu vme de pse tsc msr pae mce cx8 apic sep mtrr pge mca cmov pat pse36 clflush dts acpi mmx fxsr sse sse2 ss ht tm pbe syscall nx rdtscp lm constant_tsc arch_perfmon pebs bts rep_good nopl xtopology nonstop_tsc aperfmperf eagerfpu pni pclmulqdq dtes64 monitor ds_cpl vmx est tm2 ssse3 cx16 xtpr pdcm pcid sse4_1 sse4_2 x2apic popcnt tsc_deadline_timer aes xsave avx lahf_lm ida arat epb pln pts dtherm tpr_shadow vnmi flexpriority ept vpid xsaveopt
bugs		:
bogomips	: 4789.25
clflush size	: 64
cache_alignment	: 64
address sizes	: 36 bits physical, 48 bits virtual
power management:



Memory: 4k page, physical 5961092k(3162144k free), swap 6137852k(6130408k free)

vm_info: Java HotSpot(TM) 64-Bit Server VM (25.91-b14) for linux-amd64 JRE (1.8.0_91-b14), built on Apr  1 2016 00:57:21 by "java_re" with gcc 4.3.0 20080428 (Red Hat 4.3.0-8)

time: Wed Feb 15 09:45:36 2017
elapsed time: 20102 seconds (0d 5h 35m 2s)

